commit f7d2bdcb7ead8ef5cb3253122a0972d1f3bab167
Author: Chris Packham <chris.packham@alliedtelesis.co.nz>
Date:   Wed Feb 5 13:11:14 2020 +1300

    MIPS: octeon: remove typedef declaration for cvmx_helper_link_info
    
    Remove declaration of union cvmx_helper_link_info as typedef and update
    uses to use the union.
    
    Signed-off-by: Chris Packham <chris.packham@alliedtelesis.co.nz>
    Link: https://lore.kernel.org/r/20200205001116.14096-5-chris.packham@alliedtelesis.co.nz
    Signed-off-by: Greg Kroah-Hartman <gregkh@linuxfoundation.org>

diff --git a/arch/mips/include/asm/octeon/cvmx-helper-spi.h b/arch/mips/include/asm/octeon/cvmx-helper-spi.h
index d5adf8592773..bc8cab9367b8 100644
--- a/arch/mips/include/asm/octeon/cvmx-helper-spi.h
+++ b/arch/mips/include/asm/octeon/cvmx-helper-spi.h
@@ -65,7 +65,7 @@ extern int __cvmx_helper_spi_enable(int interface);
  *
  * Returns Link state
  */
-extern cvmx_helper_link_info_t __cvmx_helper_spi_link_get(int ipd_port);
+extern union cvmx_helper_link_info __cvmx_helper_spi_link_get(int ipd_port);
 
 /**
  * Configure an IPD/PKO port for the specified link state. This
@@ -79,6 +79,6 @@ extern cvmx_helper_link_info_t __cvmx_helper_spi_link_get(int ipd_port);
  * Returns Zero on success, negative on failure
  */
 extern int __cvmx_helper_spi_link_set(int ipd_port,
-				      cvmx_helper_link_info_t link_info);
+				      union cvmx_helper_link_info link_info);
 
 #endif

commit 2b58a76e2fd6c8064c5049c4dda1f4c329a33478
Author: Aaro Koskinen <aaro.koskinen@iki.fi>
Date:   Sun Nov 27 02:30:51 2016 +0200

    MIPS: Octeon: Kill cvmx_helper_link_autoconf()
    
    Kill cvmx_helper_link_autoconf(). Nobody uses this function.
    
    Signed-off-by: Aaro Koskinen <aaro.koskinen@iki.fi>
    Cc: David Daney <david.daney@cavium.com>
    Cc: linux-mips@linux-mips.org
    Patchwork: https://patchwork.linux-mips.org/patch/14626/
    Signed-off-by: Ralf Baechle <ralf@linux-mips.org>

diff --git a/arch/mips/include/asm/octeon/cvmx-helper-spi.h b/arch/mips/include/asm/octeon/cvmx-helper-spi.h
index 9f1c6b968f91..d5adf8592773 100644
--- a/arch/mips/include/asm/octeon/cvmx-helper-spi.h
+++ b/arch/mips/include/asm/octeon/cvmx-helper-spi.h
@@ -71,8 +71,7 @@ extern cvmx_helper_link_info_t __cvmx_helper_spi_link_get(int ipd_port);
  * Configure an IPD/PKO port for the specified link state. This
  * function does not influence auto negotiation at the PHY level.
  * The passed link state must always match the link state returned
- * by cvmx_helper_link_get(). It is normally best to use
- * cvmx_helper_link_autoconf() instead.
+ * by cvmx_helper_link_get().
  *
  * @ipd_port:  IPD/PKO port to configure
  * @link_info: The new link state

commit 37d3bfd9927a8c509d31eac1036b2c3c905f8241
Author: David Daney <david.daney@cavium.com>
Date:   Tue Nov 22 14:47:03 2011 +0000

    MIPS: Octeon: Rearrange CVMX files in preperation for device tree
    
    Signed-off-by: David Daney <david.daney@cavium.com>
    Cc: linux-mips@linux-mips.org
    Cc: netdev@vger.kernel.org
    Cc: devel@driverdev.osuosl.org
    Acked-by: Greg Kroah-Hartman <gregkh@suse.de>
    Patchwork: https://patchwork.linux-mips.org/patch/2941/
    Signed-off-by: Ralf Baechle <ralf@linux-mips.org>

diff --git a/arch/mips/include/asm/octeon/cvmx-helper-spi.h b/arch/mips/include/asm/octeon/cvmx-helper-spi.h
index 69bac036d10e..9f1c6b968f91 100644
--- a/arch/mips/include/asm/octeon/cvmx-helper-spi.h
+++ b/arch/mips/include/asm/octeon/cvmx-helper-spi.h
@@ -42,6 +42,7 @@
  * Returns Number of ports on the interface. Zero to disable.
  */
 extern int __cvmx_helper_spi_probe(int interface);
+extern int __cvmx_helper_spi_enumerate(int interface);
 
 /**
  * Bringup and enable a SPI interface. After this call packet I/O

commit af866496c7752d2c0bd97fcbb4627cac72aa9a64
Author: David Daney <david.daney@cavium.com>
Date:   Tue Nov 22 14:47:00 2011 +0000

    MIPS: Octeon: Move some Ethernet support files out of staging.
    
    Signed-off-by: David Daney <david.daney@cavium.com>
    Cc: linux-mips@linux-mips.org
    Cc: netdev@vger.kernel.org
    Cc: devel@driverdev.osuosl.org
    Acked-by: Greg Kroah-Hartman <gregkh@suse.de>
    Patchwork: https://patchwork.linux-mips.org/patch/2942/
    Patchwork: https://patchwork.linux-mips.org/patch/3012/
    Signed-off-by: Ralf Baechle <ralf@linux-mips.org>

diff --git a/arch/mips/include/asm/octeon/cvmx-helper-spi.h b/arch/mips/include/asm/octeon/cvmx-helper-spi.h
new file mode 100644
index 000000000000..69bac036d10e
--- /dev/null
+++ b/arch/mips/include/asm/octeon/cvmx-helper-spi.h
@@ -0,0 +1,84 @@
+/***********************license start***************
+ * Author: Cavium Networks
+ *
+ * Contact: support@caviumnetworks.com
+ * This file is part of the OCTEON SDK
+ *
+ * Copyright (c) 2003-2008 Cavium Networks
+ *
+ * This file is free software; you can redistribute it and/or modify
+ * it under the terms of the GNU General Public License, Version 2, as
+ * published by the Free Software Foundation.
+ *
+ * This file is distributed in the hope that it will be useful, but
+ * AS-IS and WITHOUT ANY WARRANTY; without even the implied warranty
+ * of MERCHANTABILITY or FITNESS FOR A PARTICULAR PURPOSE, TITLE, or
+ * NONINFRINGEMENT.  See the GNU General Public License for more
+ * details.
+ *
+ * You should have received a copy of the GNU General Public License
+ * along with this file; if not, write to the Free Software
+ * Foundation, Inc., 51 Franklin St, Fifth Floor, Boston, MA 02110-1301 USA
+ * or visit http://www.gnu.org/licenses/.
+ *
+ * This file may also be available under a different license from Cavium.
+ * Contact Cavium Networks for more information
+ ***********************license end**************************************/
+
+/*
+ * Functions for SPI initialization, configuration,
+ * and monitoring.
+ */
+#ifndef __CVMX_HELPER_SPI_H__
+#define __CVMX_HELPER_SPI_H__
+
+/**
+ * Probe a SPI interface and determine the number of ports
+ * connected to it. The SPI interface should still be down after
+ * this call.
+ *
+ * @interface: Interface to probe
+ *
+ * Returns Number of ports on the interface. Zero to disable.
+ */
+extern int __cvmx_helper_spi_probe(int interface);
+
+/**
+ * Bringup and enable a SPI interface. After this call packet I/O
+ * should be fully functional. This is called with IPD enabled but
+ * PKO disabled.
+ *
+ * @interface: Interface to bring up
+ *
+ * Returns Zero on success, negative on failure
+ */
+extern int __cvmx_helper_spi_enable(int interface);
+
+/**
+ * Return the link state of an IPD/PKO port as returned by
+ * auto negotiation. The result of this function may not match
+ * Octeon's link config if auto negotiation has changed since
+ * the last call to cvmx_helper_link_set().
+ *
+ * @ipd_port: IPD/PKO port to query
+ *
+ * Returns Link state
+ */
+extern cvmx_helper_link_info_t __cvmx_helper_spi_link_get(int ipd_port);
+
+/**
+ * Configure an IPD/PKO port for the specified link state. This
+ * function does not influence auto negotiation at the PHY level.
+ * The passed link state must always match the link state returned
+ * by cvmx_helper_link_get(). It is normally best to use
+ * cvmx_helper_link_autoconf() instead.
+ *
+ * @ipd_port:  IPD/PKO port to configure
+ * @link_info: The new link state
+ *
+ * Returns Zero on success, negative on failure
+ */
+extern int __cvmx_helper_spi_link_set(int ipd_port,
+				      cvmx_helper_link_info_t link_info);
+
+#endif
