commit f5fbb83feba2a91c4b19389ba995175d71c51df9
Author: Mauro Carvalho Chehab <mchehab+huawei@kernel.org>
Date:   Sat May 30 07:38:24 2020 +0200

    media: atomisp: add SPDX headers
    
    This driver is licensed under GPL 2.0, as stated inside their
    headers.
    
    Add the proper tag there. We should probably latter cleanup
    the reduntant licensing text, but this could be done later,
    after we get rid of other abstraction layers.
    
    Signed-off-by: Mauro Carvalho Chehab <mchehab+huawei@kernel.org>

diff --git a/drivers/staging/media/atomisp/pci/isp/kernels/gc/gc_1.0/ia_css_gc.host.h b/drivers/staging/media/atomisp/pci/isp/kernels/gc/gc_1.0/ia_css_gc.host.h
index 2fb2927b07f1..c2dc1574a3da 100644
--- a/drivers/staging/media/atomisp/pci/isp/kernels/gc/gc_1.0/ia_css_gc.host.h
+++ b/drivers/staging/media/atomisp/pci/isp/kernels/gc/gc_1.0/ia_css_gc.host.h
@@ -1,3 +1,4 @@
+/* SPDX-License-Identifier: GPL-2.0 */
 /*
  * Support for Intel Camera Imaging ISP subsystem.
  * Copyright (c) 2015, Intel Corporation.

commit 9d4fa1a16b28b1d12b0378993d2d48f572a045d9
Author: Mauro Carvalho Chehab <mchehab+huawei@kernel.org>
Date:   Thu Apr 30 09:49:43 2020 +0200

    media: atomisp: cleanup directory hierarchy
    
    This driver has very long directories without a good
    reason (IMHO). Let's drop two directories from such hierarchy,
    in order to simplify things a little bit and make the dir
    output a bit more readable.
    
    Signed-off-by: Mauro Carvalho Chehab <mchehab+huawei@kernel.org>

diff --git a/drivers/staging/media/atomisp/pci/isp/kernels/gc/gc_1.0/ia_css_gc.host.h b/drivers/staging/media/atomisp/pci/isp/kernels/gc/gc_1.0/ia_css_gc.host.h
new file mode 100644
index 000000000000..2fb2927b07f1
--- /dev/null
+++ b/drivers/staging/media/atomisp/pci/isp/kernels/gc/gc_1.0/ia_css_gc.host.h
@@ -0,0 +1,65 @@
+/*
+ * Support for Intel Camera Imaging ISP subsystem.
+ * Copyright (c) 2015, Intel Corporation.
+ *
+ * This program is free software; you can redistribute it and/or modify it
+ * under the terms and conditions of the GNU General Public License,
+ * version 2, as published by the Free Software Foundation.
+ *
+ * This program is distributed in the hope it will be useful, but WITHOUT
+ * ANY WARRANTY; without even the implied warranty of MERCHANTABILITY or
+ * FITNESS FOR A PARTICULAR PURPOSE.  See the GNU General Public License for
+ * more details.
+ */
+
+#ifndef __IA_CSS_GC_HOST_H
+#define __IA_CSS_GC_HOST_H
+
+#include "ia_css_gc_param.h"
+#include "ia_css_gc_table.host.h"
+
+extern const struct ia_css_gc_config default_gc_config;
+extern const struct ia_css_ce_config default_ce_config;
+
+void
+ia_css_gc_encode(
+    struct sh_css_isp_gc_params *to,
+    const struct ia_css_gc_config *from,
+    unsigned int size);
+
+void
+ia_css_gc_vamem_encode(
+    struct sh_css_isp_gc_vamem_params *to,
+    const struct ia_css_gamma_table *from,
+    unsigned int size);
+
+void
+ia_css_ce_encode(
+    struct sh_css_isp_ce_params *to,
+    const struct ia_css_ce_config *from,
+    unsigned int size);
+
+#ifndef IA_CSS_NO_DEBUG
+void
+ia_css_gc_dump(
+    const struct sh_css_isp_gc_params *gc,
+    unsigned int level);
+
+void
+ia_css_ce_dump(
+    const struct sh_css_isp_ce_params *ce,
+    unsigned int level);
+
+void
+ia_css_gc_debug_dtrace(
+    const struct ia_css_gc_config *config,
+    unsigned int level);
+
+void
+ia_css_ce_debug_dtrace(
+    const struct ia_css_ce_config *config,
+    unsigned int level);
+
+#endif
+
+#endif /* __IA_CSS_GC_HOST_H */
