commit 419dba8a49d7cc355e5b495d20dea8217369ed63
Author: Horatiu Vultur <horatiu.vultur@microchip.com>
Date:   Sun Apr 26 15:22:08 2020 +0200

    net: bridge: Add checks for enabling the STP.
    
    It is not possible to have the MRP and STP running at the same time on the
    bridge, therefore add check when enabling the STP to check if MRP is already
    enabled. In that case return error.
    
    Reviewed-by: Nikolay Aleksandrov <nikolay@cumulusnetworks.com>
    Signed-off-by: Horatiu Vultur <horatiu.vultur@microchip.com>
    Signed-off-by: David S. Miller <davem@davemloft.net>

diff --git a/net/bridge/br_stp.c b/net/bridge/br_stp.c
index 1f14b8455345..3e88be7aa269 100644
--- a/net/bridge/br_stp.c
+++ b/net/bridge/br_stp.c
@@ -36,6 +36,12 @@ void br_set_state(struct net_bridge_port *p, unsigned int state)
 	};
 	int err;
 
+	/* Don't change the state of the ports if they are driven by a different
+	 * protocol.
+	 */
+	if (p->flags & BR_MRP_AWARE)
+		return;
+
 	p->state = state;
 	err = switchdev_port_attr_set(p->dev, &attr);
 	if (err && err != -EOPNOTSUPP)

commit 33c4acbe2f4e8f2866914b1fb90ce74fc7216c21
Author: Madhuparna Bhowmik <madhuparnabhowmik10@gmail.com>
Date:   Wed Feb 19 20:47:46 2020 +0530

    bridge: br_stp: Use built-in RCU list checking
    
    list_for_each_entry_rcu() has built-in RCU and lock checking.
    
    Pass cond argument to list_for_each_entry_rcu() to silence
    false lockdep warning when CONFIG_PROVE_RCU_LIST is enabled
    by default.
    
    Signed-off-by: Madhuparna Bhowmik <madhuparnabhowmik10@gmail.com>
    Signed-off-by: David S. Miller <davem@davemloft.net>

diff --git a/net/bridge/br_stp.c b/net/bridge/br_stp.c
index 6856a6d9282b..1f14b8455345 100644
--- a/net/bridge/br_stp.c
+++ b/net/bridge/br_stp.c
@@ -63,7 +63,8 @@ struct net_bridge_port *br_get_port(struct net_bridge *br, u16 port_no)
 {
 	struct net_bridge_port *p;
 
-	list_for_each_entry_rcu(p, &br->port_list, list) {
+	list_for_each_entry_rcu(p, &br->port_list, list,
+				lockdep_is_held(&br->lock)) {
 		if (p->port_no == port_no)
 			return p;
 	}

commit de1799667b002331609e8ee6b924ccfd51968d99
Author: Vivien Didelot <vivien.didelot@gmail.com>
Date:   Wed Dec 11 20:07:10 2019 -0500

    net: bridge: add STP xstats
    
    This adds rx_bpdu, tx_bpdu, rx_tcn, tx_tcn, transition_blk,
    transition_fwd xstats counters to the bridge ports copied over via
    netlink, providing useful information for STP.
    
    Signed-off-by: Vivien Didelot <vivien.didelot@gmail.com>
    Acked-by: Nikolay Aleksandrov <nikolay@cumulusnetworks.com>
    Signed-off-by: Jakub Kicinski <jakub.kicinski@netronome.com>

diff --git a/net/bridge/br_stp.c b/net/bridge/br_stp.c
index 1f1410f8d312..6856a6d9282b 100644
--- a/net/bridge/br_stp.c
+++ b/net/bridge/br_stp.c
@@ -45,6 +45,17 @@ void br_set_state(struct net_bridge_port *p, unsigned int state)
 		br_info(p->br, "port %u(%s) entered %s state\n",
 				(unsigned int) p->port_no, p->dev->name,
 				br_port_state_names[p->state]);
+
+	if (p->br->stp_enabled == BR_KERNEL_STP) {
+		switch (p->state) {
+		case BR_STATE_BLOCKING:
+			p->stp_xstats.transition_blk++;
+			break;
+		case BR_STATE_FORWARDING:
+			p->stp_xstats.transition_fwd++;
+			break;
+		}
+	}
 }
 
 /* called under bridge lock */
@@ -484,6 +495,8 @@ void br_received_config_bpdu(struct net_bridge_port *p,
 	struct net_bridge *br;
 	int was_root;
 
+	p->stp_xstats.rx_bpdu++;
+
 	br = p->br;
 	was_root = br_is_root_bridge(br);
 
@@ -517,6 +530,8 @@ void br_received_config_bpdu(struct net_bridge_port *p,
 /* called under bridge lock */
 void br_received_tcn_bpdu(struct net_bridge_port *p)
 {
+	p->stp_xstats.rx_tcn++;
+
 	if (br_is_designated_port(p)) {
 		br_info(p->br, "port %u(%s) received tcn bpdu\n",
 			(unsigned int) p->port_no, p->dev->name);

commit 2874c5fd284268364ece81a7bd936f3c8168e567
Author: Thomas Gleixner <tglx@linutronix.de>
Date:   Mon May 27 08:55:01 2019 +0200

    treewide: Replace GPLv2 boilerplate/reference with SPDX - rule 152
    
    Based on 1 normalized pattern(s):
    
      this program is free software you can redistribute it and or modify
      it under the terms of the gnu general public license as published by
      the free software foundation either version 2 of the license or at
      your option any later version
    
    extracted by the scancode license scanner the SPDX license identifier
    
      GPL-2.0-or-later
    
    has been chosen to replace the boilerplate/reference in 3029 file(s).
    
    Signed-off-by: Thomas Gleixner <tglx@linutronix.de>
    Reviewed-by: Allison Randal <allison@lohutok.net>
    Cc: linux-spdx@vger.kernel.org
    Link: https://lkml.kernel.org/r/20190527070032.746973796@linutronix.de
    Signed-off-by: Greg Kroah-Hartman <gregkh@linuxfoundation.org>

diff --git a/net/bridge/br_stp.c b/net/bridge/br_stp.c
index b6941961a876..1f1410f8d312 100644
--- a/net/bridge/br_stp.c
+++ b/net/bridge/br_stp.c
@@ -1,14 +1,10 @@
+// SPDX-License-Identifier: GPL-2.0-or-later
 /*
  *	Spanning tree protocol; generic parts
  *	Linux ethernet bridge
  *
  *	Authors:
  *	Lennert Buytenhek		<buytenh@gnu.org>
- *
- *	This program is free software; you can redistribute it and/or
- *	modify it under the terms of the GNU General Public License
- *	as published by the Free Software Foundation; either version
- *	2 of the License, or (at your option) any later version.
  */
 #include <linux/kernel.h>
 #include <linux/rculist.h>

commit 928990631327cf00a9195e30fa22f7ae5f8d7e67
Author: Nikolay Aleksandrov <nikolay@cumulusnetworks.com>
Date:   Wed Nov 1 12:18:13 2017 +0200

    net: bridge: add notifications for the bridge dev on vlan change
    
    Currently the bridge device doesn't generate any notifications upon vlan
    modifications on itself because it doesn't use the generic bridge
    notifications.
    With the recent changes we know if anything was modified in the vlan config
    thus we can generate a notification when necessary for the bridge device
    so add support to br_ifinfo_notify() similar to how other combined
    functions are done - if port is present it takes precedence, otherwise
    notify about the bridge. I've explicitly marked the locations where the
    notification should be always for the port by setting bridge to NULL.
    I've also taken the liberty to rearrange each modified function's local
    variables in reverse xmas tree as well.
    
    Signed-off-by: Nikolay Aleksandrov <nikolay@cumulusnetworks.com>
    Signed-off-by: David S. Miller <davem@davemloft.net>

diff --git a/net/bridge/br_stp.c b/net/bridge/br_stp.c
index 8f56c2d1f1a7..b6941961a876 100644
--- a/net/bridge/br_stp.c
+++ b/net/bridge/br_stp.c
@@ -123,7 +123,7 @@ static void br_root_port_block(const struct net_bridge *br,
 		  (unsigned int) p->port_no, p->dev->name);
 
 	br_set_state(p, BR_STATE_LISTENING);
-	br_ifinfo_notify(RTM_NEWLINK, p);
+	br_ifinfo_notify(RTM_NEWLINK, NULL, p);
 
 	if (br->forward_delay > 0)
 		mod_timer(&p->forward_delay_timer, jiffies + br->forward_delay);
@@ -403,7 +403,7 @@ static void br_make_blocking(struct net_bridge_port *p)
 			br_topology_change_detection(p->br);
 
 		br_set_state(p, BR_STATE_BLOCKING);
-		br_ifinfo_notify(RTM_NEWLINK, p);
+		br_ifinfo_notify(RTM_NEWLINK, NULL, p);
 
 		del_timer(&p->forward_delay_timer);
 	}
@@ -426,7 +426,7 @@ static void br_make_forwarding(struct net_bridge_port *p)
 	else
 		br_set_state(p, BR_STATE_LEARNING);
 
-	br_ifinfo_notify(RTM_NEWLINK, p);
+	br_ifinfo_notify(RTM_NEWLINK, NULL, p);
 
 	if (br->forward_delay != 0)
 		mod_timer(&p->forward_delay_timer, jiffies + br->forward_delay);

commit f7cdee8a79a1cb03fa9ca71b825e72f880b344e1
Author: Nikolay Aleksandrov <nikolay@cumulusnetworks.com>
Date:   Sat Feb 4 18:05:07 2017 +0100

    bridge: move to workqueue gc
    
    Move the fdb garbage collector to a workqueue which fires at least 10
    milliseconds apart and cleans chain by chain allowing for other tasks
    to run in the meantime. When having thousands of fdbs the system is much
    more responsive. Most importantly remove the need to check if the
    matched entry has expired in __br_fdb_get that causes false-sharing and
    is completely unnecessary if we cleanup entries, at worst we'll get 10ms
    of traffic for that entry before it gets deleted.
    
    Signed-off-by: Nikolay Aleksandrov <nikolay@cumulusnetworks.com>
    Signed-off-by: David S. Miller <davem@davemloft.net>

diff --git a/net/bridge/br_stp.c b/net/bridge/br_stp.c
index 71fd1a4e63cc..8f56c2d1f1a7 100644
--- a/net/bridge/br_stp.c
+++ b/net/bridge/br_stp.c
@@ -602,7 +602,7 @@ int br_set_ageing_time(struct net_bridge *br, clock_t ageing_time)
 	br->ageing_time = t;
 	spin_unlock_bh(&br->lock);
 
-	mod_timer(&br->gc_timer, jiffies);
+	mod_delayed_work(system_long_wq, &br->gc_work, 0);
 
 	return 0;
 }

commit 34d8acd8aabb6e070b6fb718909db80458ef32ec
Author: Vivien Didelot <vivien.didelot@savoirfairelinux.com>
Date:   Sat Dec 10 13:44:29 2016 -0500

    net: bridge: shorten ageing time on topology change
    
    802.1D [1] specifies that the bridges must use a short value to age out
    dynamic entries in the Filtering Database for a period, once a topology
    change has been communicated by the root bridge.
    
    Add a bridge_ageing_time member in the net_bridge structure to store the
    bridge ageing time value configured by the user (ioctl/netlink/sysfs).
    
    If we are using in-kernel STP, shorten the ageing time value to twice
    the forward delay used by the topology when the topology change flag is
    set. When the flag is cleared, restore the configured ageing time.
    
    [1] "8.3.5 Notifying topology changes ",
        http://profesores.elo.utfsm.cl/~agv/elo309/doc/802.1D-1998.pdf
    
    Signed-off-by: Vivien Didelot <vivien.didelot@savoirfairelinux.com>
    Signed-off-by: David S. Miller <davem@davemloft.net>

diff --git a/net/bridge/br_stp.c b/net/bridge/br_stp.c
index 8d7b4c7a1d54..71fd1a4e63cc 100644
--- a/net/bridge/br_stp.c
+++ b/net/bridge/br_stp.c
@@ -597,7 +597,11 @@ int br_set_ageing_time(struct net_bridge *br, clock_t ageing_time)
 	if (err)
 		return err;
 
+	spin_lock_bh(&br->lock);
+	br->bridge_ageing_time = t;
 	br->ageing_time = t;
+	spin_unlock_bh(&br->lock);
+
 	mod_timer(&br->gc_timer, jiffies);
 
 	return 0;
@@ -606,6 +610,29 @@ int br_set_ageing_time(struct net_bridge *br, clock_t ageing_time)
 /* called under bridge lock */
 void __br_set_topology_change(struct net_bridge *br, unsigned char val)
 {
+	unsigned long t;
+	int err;
+
+	if (br->stp_enabled == BR_KERNEL_STP && br->topology_change != val) {
+		/* On topology change, set the bridge ageing time to twice the
+		 * forward delay. Otherwise, restore its default ageing time.
+		 */
+
+		if (val) {
+			t = 2 * br->forward_delay;
+			br_debug(br, "decreasing ageing time to %lu\n", t);
+		} else {
+			t = br->bridge_ageing_time;
+			br_debug(br, "restoring ageing time to %lu\n", t);
+		}
+
+		err = __set_ageing_time(br->dev, t);
+		if (err)
+			br_warn(br, "error offloading ageing time\n");
+		else
+			br->ageing_time = t;
+	}
+
 	br->topology_change = val;
 }
 

commit 8384b5f5b293389a42cc65bfca2d767d15809aa1
Author: Vivien Didelot <vivien.didelot@savoirfairelinux.com>
Date:   Sat Dec 10 13:44:28 2016 -0500

    net: bridge: add helper to set topology change
    
    Add a __br_set_topology_change helper to set the topology change value.
    
    This can be later extended to add actions when the topology change flag
    is set or cleared.
    
    Signed-off-by: Vivien Didelot <vivien.didelot@savoirfairelinux.com>
    Signed-off-by: David S. Miller <davem@davemloft.net>

diff --git a/net/bridge/br_stp.c b/net/bridge/br_stp.c
index 6ebe2a021e3c..8d7b4c7a1d54 100644
--- a/net/bridge/br_stp.c
+++ b/net/bridge/br_stp.c
@@ -234,7 +234,7 @@ static void br_record_config_timeout_values(struct net_bridge *br,
 	br->max_age = bpdu->max_age;
 	br->hello_time = bpdu->hello_time;
 	br->forward_delay = bpdu->forward_delay;
-	br->topology_change = bpdu->topology_change;
+	__br_set_topology_change(br, bpdu->topology_change);
 }
 
 /* called under bridge lock */
@@ -344,7 +344,7 @@ void br_topology_change_detection(struct net_bridge *br)
 		isroot ? "propagating" : "sending tcn bpdu");
 
 	if (isroot) {
-		br->topology_change = 1;
+		__br_set_topology_change(br, 1);
 		mod_timer(&br->topology_change_timer, jiffies
 			  + br->bridge_forward_delay + br->bridge_max_age);
 	} else if (!br->topology_change_detected) {
@@ -603,6 +603,12 @@ int br_set_ageing_time(struct net_bridge *br, clock_t ageing_time)
 	return 0;
 }
 
+/* called under bridge lock */
+void __br_set_topology_change(struct net_bridge *br, unsigned char val)
+{
+	br->topology_change = val;
+}
+
 void __br_set_forward_delay(struct net_bridge *br, unsigned long t)
 {
 	br->bridge_forward_delay = t;

commit 82dd4332aa07843f7444c55bc17fee9bd76aa0f7
Author: Vivien Didelot <vivien.didelot@savoirfairelinux.com>
Date:   Sat Dec 10 13:44:27 2016 -0500

    net: bridge: add helper to offload ageing time
    
    The SWITCHDEV_ATTR_ID_BRIDGE_AGEING_TIME switchdev attr is actually set
    when initializing a bridge port, and when configuring the bridge ageing
    time from ioctl/netlink/sysfs.
    
    Add a __set_ageing_time helper to offload the ageing time to physical
    switches, and add the SWITCHDEV_F_DEFER flag since it can be called
    under bridge lock.
    
    Signed-off-by: Vivien Didelot <vivien.didelot@savoirfairelinux.com>
    Signed-off-by: David S. Miller <davem@davemloft.net>

diff --git a/net/bridge/br_stp.c b/net/bridge/br_stp.c
index 9258b8ef14ff..6ebe2a021e3c 100644
--- a/net/bridge/br_stp.c
+++ b/net/bridge/br_stp.c
@@ -562,6 +562,24 @@ int br_set_max_age(struct net_bridge *br, unsigned long val)
 
 }
 
+/* called under bridge lock */
+int __set_ageing_time(struct net_device *dev, unsigned long t)
+{
+	struct switchdev_attr attr = {
+		.orig_dev = dev,
+		.id = SWITCHDEV_ATTR_ID_BRIDGE_AGEING_TIME,
+		.flags = SWITCHDEV_F_SKIP_EOPNOTSUPP | SWITCHDEV_F_DEFER,
+		.u.ageing_time = jiffies_to_clock_t(t),
+	};
+	int err;
+
+	err = switchdev_port_attr_set(dev, &attr);
+	if (err && err != -EOPNOTSUPP)
+		return err;
+
+	return 0;
+}
+
 /* Set time interval that dynamic forwarding entries live
  * For pure software bridge, allow values outside the 802.1
  * standard specification for special cases:
@@ -572,17 +590,11 @@ int br_set_max_age(struct net_bridge *br, unsigned long val)
  */
 int br_set_ageing_time(struct net_bridge *br, clock_t ageing_time)
 {
-	struct switchdev_attr attr = {
-		.orig_dev = br->dev,
-		.id = SWITCHDEV_ATTR_ID_BRIDGE_AGEING_TIME,
-		.flags = SWITCHDEV_F_SKIP_EOPNOTSUPP,
-		.u.ageing_time = ageing_time,
-	};
 	unsigned long t = clock_t_to_jiffies(ageing_time);
 	int err;
 
-	err = switchdev_port_attr_set(br->dev, &attr);
-	if (err && err != -EOPNOTSUPP)
+	err = __set_ageing_time(br->dev, t);
+	if (err)
 		return err;
 
 	br->ageing_time = t;

commit 9e0b27fe5ada7752577f3e1260eec44e79476142
Author: Vivien Didelot <vivien.didelot@savoirfairelinux.com>
Date:   Thu Jul 21 12:42:19 2016 -0400

    net: bridge: br_set_ageing_time takes a clock_t
    
    Change the ageing_time type in br_set_ageing_time() from u32 to what it
    is expected to be, i.e. a clock_t.
    
    Signed-off-by: Vivien Didelot <vivien.didelot@savoirfairelinux.com>
    Signed-off-by: David S. Miller <davem@davemloft.net>

diff --git a/net/bridge/br_stp.c b/net/bridge/br_stp.c
index 9cb7044d0801..9258b8ef14ff 100644
--- a/net/bridge/br_stp.c
+++ b/net/bridge/br_stp.c
@@ -570,7 +570,7 @@ int br_set_max_age(struct net_bridge *br, unsigned long val)
  *
  * Offloaded switch entries maybe more restrictive
  */
-int br_set_ageing_time(struct net_bridge *br, u32 ageing_time)
+int br_set_ageing_time(struct net_bridge *br, clock_t ageing_time)
 {
 	struct switchdev_attr attr = {
 		.orig_dev = br->dev,

commit 5e263f712691615fb802f06c98d7638c378f5d11
Author: Haishuang Yan <yanhaishuang@cmss.chinamobile.com>
Date:   Tue Mar 29 18:48:08 2016 +0800

    bridge: Allow set bridge ageing time when switchdev disabled
    
    When NET_SWITCHDEV=n, switchdev_port_attr_set will return -EOPNOTSUPP,
    we should ignore this error code and continue to set the ageing time.
    
    Fixes: c62987bbd8a1 ("bridge: push bridge setting ageing_time down to switchdev")
    Signed-off-by: Haishuang Yan <yanhaishuang@cmss.chinamobile.com>
    Acked-by: Ido Schimmel <idosch@mellanox.com>
    Signed-off-by: David S. Miller <davem@davemloft.net>

diff --git a/net/bridge/br_stp.c b/net/bridge/br_stp.c
index e23449094188..9cb7044d0801 100644
--- a/net/bridge/br_stp.c
+++ b/net/bridge/br_stp.c
@@ -582,7 +582,7 @@ int br_set_ageing_time(struct net_bridge *br, u32 ageing_time)
 	int err;
 
 	err = switchdev_port_attr_set(br->dev, &attr);
-	if (err)
+	if (err && err != -EOPNOTSUPP)
 		return err;
 
 	br->ageing_time = t;

commit 4c656c13b254d598e83e586b7b4d36a2043dad85
Author: Stephen Hemminger <shemming@brocade.com>
Date:   Tue Mar 8 12:59:35 2016 -0800

    bridge: allow zero ageing time
    
    This fixes a regression in the bridge ageing time caused by:
    commit c62987bbd8a1 ("bridge: push bridge setting ageing_time down to switchdev")
    
    There are users of Linux bridge which use the feature that if ageing time
    is set to 0 it causes entries to never expire. See:
      https://www.linuxfoundation.org/collaborate/workgroups/networking/bridge
    
    For a pure software bridge, it is unnecessary for the code to have
    arbitrary restrictions on what values are allowable.
    
    Signed-off-by: Stephen Hemminger <stephen@networkplumber.org>
    Acked-by: Jiri Pirko <jiri@mellanox.com>
    Signed-off-by: David S. Miller <davem@davemloft.net>

diff --git a/net/bridge/br_stp.c b/net/bridge/br_stp.c
index c22816a0b1b1..e23449094188 100644
--- a/net/bridge/br_stp.c
+++ b/net/bridge/br_stp.c
@@ -562,6 +562,14 @@ int br_set_max_age(struct net_bridge *br, unsigned long val)
 
 }
 
+/* Set time interval that dynamic forwarding entries live
+ * For pure software bridge, allow values outside the 802.1
+ * standard specification for special cases:
+ *  0 - entry never ages (all permanant)
+ *  1 - entry disappears (no persistance)
+ *
+ * Offloaded switch entries maybe more restrictive
+ */
 int br_set_ageing_time(struct net_bridge *br, u32 ageing_time)
 {
 	struct switchdev_attr attr = {
@@ -573,9 +581,6 @@ int br_set_ageing_time(struct net_bridge *br, u32 ageing_time)
 	unsigned long t = clock_t_to_jiffies(ageing_time);
 	int err;
 
-	if (t < BR_MIN_AGEING_TIME || t > BR_MAX_AGEING_TIME)
-		return -ERANGE;
-
 	err = switchdev_port_attr_set(br->dev, &attr);
 	if (err)
 		return err;

commit 7c25b16dbbcf37ce8019bacf634ee47d852225d9
Author: Vivien Didelot <vivien.didelot@savoirfairelinux.com>
Date:   Tue Feb 16 10:09:51 2016 -0500

    net: bridge: log port STP state on change
    
    Remove the shared br_log_state function and print the info directly in
    br_set_state, where the net_bridge_port state is actually changed.
    
    Signed-off-by: Vivien Didelot <vivien.didelot@savoirfairelinux.com>
    Acked-by: Ido Schimmel <idosch@mellanox.com>
    Signed-off-by: David S. Miller <davem@davemloft.net>

diff --git a/net/bridge/br_stp.c b/net/bridge/br_stp.c
index b3cca126b103..c22816a0b1b1 100644
--- a/net/bridge/br_stp.c
+++ b/net/bridge/br_stp.c
@@ -30,13 +30,6 @@ static const char *const br_port_state_names[] = {
 	[BR_STATE_BLOCKING] = "blocking",
 };
 
-void br_log_state(const struct net_bridge_port *p)
-{
-	br_info(p->br, "port %u(%s) entered %s state\n",
-		(unsigned int) p->port_no, p->dev->name,
-		br_port_state_names[p->state]);
-}
-
 void br_set_state(struct net_bridge_port *p, unsigned int state)
 {
 	struct switchdev_attr attr = {
@@ -52,6 +45,10 @@ void br_set_state(struct net_bridge_port *p, unsigned int state)
 	if (err && err != -EOPNOTSUPP)
 		br_warn(p->br, "error setting offload STP state on port %u(%s)\n",
 				(unsigned int) p->port_no, p->dev->name);
+	else
+		br_info(p->br, "port %u(%s) entered %s state\n",
+				(unsigned int) p->port_no, p->dev->name,
+				br_port_state_names[p->state]);
 }
 
 /* called under bridge lock */
@@ -126,7 +123,6 @@ static void br_root_port_block(const struct net_bridge *br,
 		  (unsigned int) p->port_no, p->dev->name);
 
 	br_set_state(p, BR_STATE_LISTENING);
-	br_log_state(p);
 	br_ifinfo_notify(RTM_NEWLINK, p);
 
 	if (br->forward_delay > 0)
@@ -407,7 +403,6 @@ static void br_make_blocking(struct net_bridge_port *p)
 			br_topology_change_detection(p->br);
 
 		br_set_state(p, BR_STATE_BLOCKING);
-		br_log_state(p);
 		br_ifinfo_notify(RTM_NEWLINK, p);
 
 		del_timer(&p->forward_delay_timer);
@@ -431,7 +426,6 @@ static void br_make_forwarding(struct net_bridge_port *p)
 	else
 		br_set_state(p, BR_STATE_LEARNING);
 
-	br_log_state(p);
 	br_ifinfo_notify(RTM_NEWLINK, p);
 
 	if (br->forward_delay != 0)

commit 6ff64f6f9242d7e50f3e99cb280f69d1927a5fa6
Author: Ido Schimmel <idosch@mellanox.com>
Date:   Tue Dec 15 16:03:35 2015 +0100

    switchdev: Pass original device to port netdev driver
    
    switchdev drivers need to know the netdev on which the switchdev op was
    invoked. For example, the STP state of a VLAN interface configured on top
    of a port can change while being member in a bridge. In this case, the
    underlying driver should only change the STP state of that particular
    VLAN and not of all the VLANs configured on the port.
    
    However, current switchdev infrastructure only passes the port netdev down
    to the driver. Solve that by passing the original device down to the
    driver as part of the required switchdev object / attribute.
    
    This doesn't entail any change in current switchdev drivers. It simply
    enables those supporting stacked devices to know the originating device
    and act accordingly.
    
    Signed-off-by: Ido Schimmel <idosch@mellanox.com>
    Signed-off-by: Jiri Pirko <jiri@mellanox.com>
    Signed-off-by: David S. Miller <davem@davemloft.net>

diff --git a/net/bridge/br_stp.c b/net/bridge/br_stp.c
index 5f3f64553179..b3cca126b103 100644
--- a/net/bridge/br_stp.c
+++ b/net/bridge/br_stp.c
@@ -40,6 +40,7 @@ void br_log_state(const struct net_bridge_port *p)
 void br_set_state(struct net_bridge_port *p, unsigned int state)
 {
 	struct switchdev_attr attr = {
+		.orig_dev = p->dev,
 		.id = SWITCHDEV_ATTR_ID_PORT_STP_STATE,
 		.flags = SWITCHDEV_F_DEFER,
 		.u.stp_state = state,
@@ -570,6 +571,7 @@ int br_set_max_age(struct net_bridge *br, unsigned long val)
 int br_set_ageing_time(struct net_bridge *br, u32 ageing_time)
 {
 	struct switchdev_attr attr = {
+		.orig_dev = br->dev,
 		.id = SWITCHDEV_ATTR_ID_BRIDGE_AGEING_TIME,
 		.flags = SWITCHDEV_F_SKIP_EOPNOTSUPP,
 		.u.ageing_time = ageing_time,

commit bbe14f54297467ddb23b7d1db564a2468c6ae151
Author: Ido Schimmel <idosch@mellanox.com>
Date:   Fri Nov 13 13:06:12 2015 +0200

    switchdev: bridge: Check return code is not EOPNOTSUPP
    
    When NET_SWITCHDEV=n, switchdev_port_attr_set simply returns EOPNOTSUPP.
    In this case we should not emit errors and warnings to the kernel log.
    
    Reported-by: Sander Eikelenboom <linux@eikelenboom.it>
    Tested-by: Christian Borntraeger <borntraeger@de.ibm.com>
    Fixes: 0bc05d585d38 ("switchdev: allow caller to explicitly request
    attr_set as deferred")
    Fixes: 6ac311ae8bfb ("Adding switchdev ageing notification on port
    bridged")
    Signed-off-by: Ido Schimmel <idosch@mellanox.com>
    Signed-off-by: Jiri Pirko <jiri@mellanox.com>
    Signed-off-by: David S. Miller <davem@davemloft.net>

diff --git a/net/bridge/br_stp.c b/net/bridge/br_stp.c
index f7e8dee64fc8..5f3f64553179 100644
--- a/net/bridge/br_stp.c
+++ b/net/bridge/br_stp.c
@@ -48,7 +48,7 @@ void br_set_state(struct net_bridge_port *p, unsigned int state)
 
 	p->state = state;
 	err = switchdev_port_attr_set(p->dev, &attr);
-	if (err)
+	if (err && err != -EOPNOTSUPP)
 		br_warn(p->br, "error setting offload STP state on port %u(%s)\n",
 				(unsigned int) p->port_no, p->dev->name);
 }

commit 8a921265e2cd31e61a0c2eda582af54c5bfef897
Author: Vlad Yasevich <vyasevich@gmail.com>
Date:   Tue Nov 10 06:15:32 2015 -0500

    Revert "bridge: Allow forward delay to be cfgd when STP enabled"
    
    This reverts commit 34c2d9fb0498c066afbe610b15e18995fd8be792.
    
    There are 2 reasons for this revert:
     1)  The commit in question doesn't do what it says it does.  The
         description reads: "Allow bridge forward delay to be configured
         when Spanning Tree is enabled."  This was already the case before
         the commit was made.  What the commit actually do was disallow
         invalid values or 'forward_delay' when STP was turned off.
    
     2)  The above change was actually a change in the user observed
         behavior and broke things like libvirt and other network configs
         that set 'forward_delay' to 0 without enabling STP.  The value
         of 0 is actually used when STP is turned off to immediately mark
         the bridge as forwarding.
    
    Signed-off-by: Vlad Yasevich <vyasevic@redhat.com>
    Signed-off-by: David S. Miller <davem@davemloft.net>

diff --git a/net/bridge/br_stp.c b/net/bridge/br_stp.c
index 80c34d70218c..f7e8dee64fc8 100644
--- a/net/bridge/br_stp.c
+++ b/net/bridge/br_stp.c
@@ -600,12 +600,17 @@ void __br_set_forward_delay(struct net_bridge *br, unsigned long t)
 int br_set_forward_delay(struct net_bridge *br, unsigned long val)
 {
 	unsigned long t = clock_t_to_jiffies(val);
-
-	if (t < BR_MIN_FORWARD_DELAY || t > BR_MAX_FORWARD_DELAY)
-		return -ERANGE;
+	int err = -ERANGE;
 
 	spin_lock_bh(&br->lock);
+	if (br->stp_enabled != BR_NO_STP &&
+	    (t < BR_MIN_FORWARD_DELAY || t > BR_MAX_FORWARD_DELAY))
+		goto unlock;
+
 	__br_set_forward_delay(br, t);
+	err = 0;
+
+unlock:
 	spin_unlock_bh(&br->lock);
-	return 0;
+	return err;
 }

commit 0bc05d585d381c30de3fdf955730df31593d2101
Author: Jiri Pirko <jiri@mellanox.com>
Date:   Wed Oct 14 19:40:50 2015 +0200

    switchdev: allow caller to explicitly request attr_set as deferred
    
    Caller should know if he can call attr_set directly (when holding RTNL)
    or if he has to defer the att_set processing for later.
    
    This also allows drivers to sleep inside attr_set and report operation
    status back to switchdev core. Switchdev core then warns if status is
    not ok, instead of silent errors happening in drivers.
    
    Benefit from newly introduced switchdev deferred ops infrastructure.
    
    Signed-off-by: Jiri Pirko <jiri@mellanox.com>
    Signed-off-by: David S. Miller <davem@davemloft.net>

diff --git a/net/bridge/br_stp.c b/net/bridge/br_stp.c
index db6d243defb2..80c34d70218c 100644
--- a/net/bridge/br_stp.c
+++ b/net/bridge/br_stp.c
@@ -41,13 +41,14 @@ void br_set_state(struct net_bridge_port *p, unsigned int state)
 {
 	struct switchdev_attr attr = {
 		.id = SWITCHDEV_ATTR_ID_PORT_STP_STATE,
+		.flags = SWITCHDEV_F_DEFER,
 		.u.stp_state = state,
 	};
 	int err;
 
 	p->state = state;
 	err = switchdev_port_attr_set(p->dev, &attr);
-	if (err && err != -EOPNOTSUPP)
+	if (err)
 		br_warn(p->br, "error setting offload STP state on port %u(%s)\n",
 				(unsigned int) p->port_no, p->dev->name);
 }

commit c62987bbd8a1a1664f99e89e3959339350a6131e
Author: Scott Feldman <sfeldma@gmail.com>
Date:   Thu Oct 8 19:23:19 2015 -0700

    bridge: push bridge setting ageing_time down to switchdev
    
    Use SWITCHDEV_F_SKIP_EOPNOTSUPP to skip over ports in bridge that don't
    support setting ageing_time (or setting bridge attrs in general).
    
    If push fails, don't update ageing_time in bridge and return err to user.
    
    If push succeeds, update ageing_time in bridge and run gc_timer now to
    recalabrate when to run gc_timer next, based on new ageing_time.
    
    Signed-off-by: Scott Feldman <sfeldma@gmail.com>
    Signed-off-by: Jiri Pirko <jiri@resnulli.us>
    Acked-by: Jiri Pirko <jiri@mellanox.com>
    Signed-off-by: David S. Miller <davem@davemloft.net>

diff --git a/net/bridge/br_stp.c b/net/bridge/br_stp.c
index 3a982c02599a..db6d243defb2 100644
--- a/net/bridge/br_stp.c
+++ b/net/bridge/br_stp.c
@@ -566,6 +566,29 @@ int br_set_max_age(struct net_bridge *br, unsigned long val)
 
 }
 
+int br_set_ageing_time(struct net_bridge *br, u32 ageing_time)
+{
+	struct switchdev_attr attr = {
+		.id = SWITCHDEV_ATTR_ID_BRIDGE_AGEING_TIME,
+		.flags = SWITCHDEV_F_SKIP_EOPNOTSUPP,
+		.u.ageing_time = ageing_time,
+	};
+	unsigned long t = clock_t_to_jiffies(ageing_time);
+	int err;
+
+	if (t < BR_MIN_AGEING_TIME || t > BR_MAX_AGEING_TIME)
+		return -ERANGE;
+
+	err = switchdev_port_attr_set(br->dev, &attr);
+	if (err)
+		return err;
+
+	br->ageing_time = t;
+	mod_timer(&br->gc_timer, jiffies);
+
+	return 0;
+}
+
 void __br_set_forward_delay(struct net_bridge *br, unsigned long t)
 {
 	br->bridge_forward_delay = t;

commit 1f86839874a50c9ee2009567d2f312b1e1949e24
Author: Jiri Pirko <jiri@mellanox.com>
Date:   Thu Oct 1 11:03:42 2015 +0200

    switchdev: rename SWITCHDEV_ATTR_* enum values to SWITCHDEV_ATTR_ID_*
    
    To be aligned with obj.
    
    Signed-off-by: Jiri Pirko <jiri@mellanox.com>
    Acked-by: Scott Feldman <sfeldma@gmail.com>
    Reviewed-by: Vivien Didelot <vivien.didelot@savoirfairelinux.com>
    Signed-off-by: David S. Miller <davem@davemloft.net>

diff --git a/net/bridge/br_stp.c b/net/bridge/br_stp.c
index 3a7392e6010e..3a982c02599a 100644
--- a/net/bridge/br_stp.c
+++ b/net/bridge/br_stp.c
@@ -40,7 +40,7 @@ void br_log_state(const struct net_bridge_port *p)
 void br_set_state(struct net_bridge_port *p, unsigned int state)
 {
 	struct switchdev_attr attr = {
-		.id = SWITCHDEV_ATTR_PORT_STP_STATE,
+		.id = SWITCHDEV_ATTR_ID_PORT_STP_STATE,
 		.u.stp_state = state,
 	};
 	int err;

commit 34c2d9fb0498c066afbe610b15e18995fd8be792
Author: Ian Wilson <iwilson@brocade.com>
Date:   Thu Sep 24 11:20:11 2015 -0700

    bridge: Allow forward delay to be cfgd when STP enabled
    
    Allow bridge forward delay to be configured when Spanning Tree is enabled.
    
    Signed-off-by: Ian Wilson <iwilson@brocade.com>
    Signed-off-by: Stephen Hemminger <stephen@networkplumber.org>
    Signed-off-by: David S. Miller <davem@davemloft.net>

diff --git a/net/bridge/br_stp.c b/net/bridge/br_stp.c
index ed74ffaa851f..3a7392e6010e 100644
--- a/net/bridge/br_stp.c
+++ b/net/bridge/br_stp.c
@@ -576,17 +576,12 @@ void __br_set_forward_delay(struct net_bridge *br, unsigned long t)
 int br_set_forward_delay(struct net_bridge *br, unsigned long val)
 {
 	unsigned long t = clock_t_to_jiffies(val);
-	int err = -ERANGE;
 
-	spin_lock_bh(&br->lock);
-	if (br->stp_enabled != BR_NO_STP &&
-	    (t < BR_MIN_FORWARD_DELAY || t > BR_MAX_FORWARD_DELAY))
-		goto unlock;
+	if (t < BR_MIN_FORWARD_DELAY || t > BR_MAX_FORWARD_DELAY)
+		return -ERANGE;
 
+	spin_lock_bh(&br->lock);
 	__br_set_forward_delay(br, t);
-	err = 0;
-
-unlock:
 	spin_unlock_bh(&br->lock);
-	return err;
+	return 0;
 }

commit 76b91c32dd86f624b5df038dcb68cddd5a18d355
Author: Nikolay Aleksandrov <razor@blackwall.org>
Date:   Thu Jul 23 11:01:05 2015 -0700

    bridge: stp: when using userspace stp stop kernel hello and hold timers
    
    These should be handled only by the respective STP which is in control.
    They become problematic for devices with limited resources with many
    ports because the hold_timer is per port and fires each second and the
    hello timer fires each 2 seconds even though it's global. While in
    user-space STP mode these timers are completely unnecessary so it's better
    to keep them off.
    Also ensure that when the bridge is up these timers are started only when
    running with kernel STP.
    
    Signed-off-by: Satish Ashok <sashok@cumulusnetworks.com>
    Signed-off-by: Nikolay Aleksandrov <nikolay@cumulusnetworks.com>
    Signed-off-by: David S. Miller <davem@davemloft.net>

diff --git a/net/bridge/br_stp.c b/net/bridge/br_stp.c
index b4b6dab9c285..ed74ffaa851f 100644
--- a/net/bridge/br_stp.c
+++ b/net/bridge/br_stp.c
@@ -209,8 +209,9 @@ void br_transmit_config(struct net_bridge_port *p)
 		br_send_config_bpdu(p, &bpdu);
 		p->topology_change_ack = 0;
 		p->config_pending = 0;
-		mod_timer(&p->hold_timer,
-			  round_jiffies(jiffies + BR_HOLD_TIME));
+		if (p->br->stp_enabled == BR_KERNEL_STP)
+			mod_timer(&p->hold_timer,
+				  round_jiffies(jiffies + BR_HOLD_TIME));
 	}
 }
 

commit 9aa66382163e784acac0ce3580ed202d9a56d1ac
Author: Nikolay Aleksandrov <nikolay@cumulusnetworks.com>
Date:   Tue Jun 23 04:47:44 2015 -0700

    bridge: multicast: add a comment to br_port_state_selection about blocking state
    
    Add a comment to explain why we're not disabling port's multicast when it
    goes in blocking state. Since there's a check in the timer's function which
    bypasses the timer if the port's in blocking/disabled state, the timer will
    simply expire and stop without sending more queries.
    
    Suggested-by: Herbert Xu <herbert@gondor.apana.org.au>
    Signed-off-by: Nikolay Aleksandrov <nikolay@cumulusnetworks.com>
    Acked-by: Herbert Xu <herbert@gondor.apana.org.au>
    Signed-off-by: David S. Miller <davem@davemloft.net>

diff --git a/net/bridge/br_stp.c b/net/bridge/br_stp.c
index e7ab74b405a1..b4b6dab9c285 100644
--- a/net/bridge/br_stp.c
+++ b/net/bridge/br_stp.c
@@ -463,6 +463,10 @@ void br_port_state_selection(struct net_bridge *br)
 
 		if (p->state != BR_STATE_BLOCKING)
 			br_multicast_enable_port(p);
+		/* Multicast is not disabled for the port when it goes in
+		 * blocking state because the timers will expire and stop by
+		 * themselves without sending more queries.
+		 */
 		if (p->state == BR_STATE_FORWARDING)
 			++liveports;
 	}

commit 7ce42de1895d4787b47b004638d642dcacb464fe
Author: Nikolay Aleksandrov <nikolay@cumulusnetworks.com>
Date:   Fri Jun 19 01:45:50 2015 -0700

    bridge: multicast: start querier timer when running user-space stp
    
    When STP is running in user-space and querier is configured, the
    querier timer is not started when a port goes to a non-blocking state.
    This patch unifies the user- and kernel-space stp multicast port enable
    path and enables it in all states different from blocking. Note that when a
    port goes in BR_STATE_DISABLED it's not enabled because that is handled
    in the beginning of the port list loop.
    
    Signed-off-by: Nikolay Aleksandrov <nikolay@cumulusnetworks.com>
    Acked-by: Herbert Xu <herbert@gondor.apana.org.au>
    Signed-off-by: David S. Miller <davem@davemloft.net>

diff --git a/net/bridge/br_stp.c b/net/bridge/br_stp.c
index 45f1ff113af9..e7ab74b405a1 100644
--- a/net/bridge/br_stp.c
+++ b/net/bridge/br_stp.c
@@ -428,7 +428,6 @@ static void br_make_forwarding(struct net_bridge_port *p)
 	else
 		br_set_state(p, BR_STATE_LEARNING);
 
-	br_multicast_enable_port(p);
 	br_log_state(p);
 	br_ifinfo_notify(RTM_NEWLINK, p);
 
@@ -462,6 +461,8 @@ void br_port_state_selection(struct net_bridge *br)
 			}
 		}
 
+		if (p->state != BR_STATE_BLOCKING)
+			br_multicast_enable_port(p);
 		if (p->state == BR_STATE_FORWARDING)
 			++liveports;
 	}

commit 42275bd8fcb351f951781d8882f359d25976824b
Author: Scott Feldman <sfeldma@gmail.com>
Date:   Wed May 13 11:16:50 2015 -0700

    switchdev: don't use anonymous union on switchdev attr/obj structs
    
    Older gcc versions (e.g.  gcc version 4.4.6) don't like anonymous unions
    which was causing build issues on the newly added switchdev attr/obj
    structs.  Fix this by using named union on structs.
    
    Signed-off-by: Scott Feldman <sfeldma@gmail.com>
    Reported-by: Or Gerlitz <ogerlitz@mellanox.com>
    Signed-off-by: David S. Miller <davem@davemloft.net>

diff --git a/net/bridge/br_stp.c b/net/bridge/br_stp.c
index b9300da31565..45f1ff113af9 100644
--- a/net/bridge/br_stp.c
+++ b/net/bridge/br_stp.c
@@ -41,7 +41,7 @@ void br_set_state(struct net_bridge_port *p, unsigned int state)
 {
 	struct switchdev_attr attr = {
 		.id = SWITCHDEV_ATTR_PORT_STP_STATE,
-		.stp_state = state,
+		.u.stp_state = state,
 	};
 	int err;
 

commit 3563606258cf3b8f02eabddb1cb45a94c44d9611
Author: Scott Feldman <sfeldma@gmail.com>
Date:   Sun May 10 09:47:51 2015 -0700

    switchdev: convert STP update to switchdev attr set
    
    STP update is just a settable port attribute, so convert
    switchdev_port_stp_update to an attr set.
    
    For DSA, the prepare phase is skipped and STP updates are only done in the
    commit phase.  This is because currently the DSA drivers don't need to
    allocate any memory for STP updates and the STP update will not fail to HW
    (unless something horrible goes wrong on the MDIO bus, in which case the
    prepare phase wouldn't have been able to predict anyway).
    
    Signed-off-by: Scott Feldman <sfeldma@gmail.com>
    Acked-by: Jiri Pirko <jiri@resnulli.us>
    Signed-off-by: David S. Miller <davem@davemloft.net>

diff --git a/net/bridge/br_stp.c b/net/bridge/br_stp.c
index 28e3f4bc01e0..b9300da31565 100644
--- a/net/bridge/br_stp.c
+++ b/net/bridge/br_stp.c
@@ -39,10 +39,14 @@ void br_log_state(const struct net_bridge_port *p)
 
 void br_set_state(struct net_bridge_port *p, unsigned int state)
 {
+	struct switchdev_attr attr = {
+		.id = SWITCHDEV_ATTR_PORT_STP_STATE,
+		.stp_state = state,
+	};
 	int err;
 
 	p->state = state;
-	err = switchdev_port_stp_update(p->dev, state);
+	err = switchdev_port_attr_set(p->dev, &attr);
 	if (err && err != -EOPNOTSUPP)
 		br_warn(p->br, "error setting offload STP state on port %u(%s)\n",
 				(unsigned int) p->port_no, p->dev->name);

commit ebb9a03a590e2325f747be43c8db450e92509501
Author: Jiri Pirko <jiri@resnulli.us>
Date:   Sun May 10 09:47:46 2015 -0700

    switchdev: s/netdev_switch_/switchdev_/ and s/NETDEV_SWITCH_/SWITCHDEV_/
    
    Turned out that "switchdev" sticks. So just unify all related terms to use
    this prefix.
    
    Signed-off-by: Jiri Pirko <jiri@resnulli.us>
    Signed-off-by: Scott Feldman <sfeldma@gmail.com>
    Acked-by: Roopa Prabhu <roopa@cumulusnetworks.com>
    Acked-by: Andy Gospodarek <gospo@cumulusnetworks.com>
    Signed-off-by: David S. Miller <davem@davemloft.net>

diff --git a/net/bridge/br_stp.c b/net/bridge/br_stp.c
index fb3ebe615513..28e3f4bc01e0 100644
--- a/net/bridge/br_stp.c
+++ b/net/bridge/br_stp.c
@@ -42,7 +42,7 @@ void br_set_state(struct net_bridge_port *p, unsigned int state)
 	int err;
 
 	p->state = state;
-	err = netdev_switch_port_stp_update(p->dev, state);
+	err = switchdev_port_stp_update(p->dev, state);
 	if (err && err != -EOPNOTSUPP)
 		br_warn(p->br, "error setting offload STP state on port %u(%s)\n",
 				(unsigned int) p->port_no, p->dev->name);

commit 38dcf357aed299186ecb090cc2f5290cc17d637d
Author: Scott Feldman <sfeldma@gmail.com>
Date:   Fri Nov 28 14:34:20 2014 +0100

    bridge: call netdev_sw_port_stp_update when bridge port STP status changes
    
    To notify switch driver of change in STP state of bridge port, add new
    .ndo op and provide switchdev wrapper func to call ndo op. Use it in bridge
    code then.
    
    Signed-off-by: Scott Feldman <sfeldma@gmail.com>
    Signed-off-by: Jiri Pirko <jiri@resnulli.us>
    Signed-off-by: Andy Gospodarek <gospo@cumulusnetworks.com>
    Acked-by: Thomas Graf <tgraf@suug.ch>
    Acked-by: Florian Fainelli <f.fainelli@gmail.com>
    Signed-off-by: David S. Miller <davem@davemloft.net>

diff --git a/net/bridge/br_stp.c b/net/bridge/br_stp.c
index 2b047bcf42a4..fb3ebe615513 100644
--- a/net/bridge/br_stp.c
+++ b/net/bridge/br_stp.c
@@ -12,6 +12,7 @@
  */
 #include <linux/kernel.h>
 #include <linux/rculist.h>
+#include <net/switchdev.h>
 
 #include "br_private.h"
 #include "br_private_stp.h"
@@ -38,7 +39,13 @@ void br_log_state(const struct net_bridge_port *p)
 
 void br_set_state(struct net_bridge_port *p, unsigned int state)
 {
+	int err;
+
 	p->state = state;
+	err = netdev_switch_port_stp_update(p->dev, state);
+	if (err && err != -EOPNOTSUPP)
+		br_warn(p->br, "error setting offload STP state on port %u(%s)\n",
+				(unsigned int) p->port_no, p->dev->name);
 }
 
 /* called under bridge lock */

commit 775dd692bd34f9201ed2aa775a0edcba4f973f3e
Author: Florian Fainelli <f.fainelli@gmail.com>
Date:   Tue Sep 30 16:13:19 2014 -0700

    net: bridge: add a br_set_state helper function
    
    In preparation for being able to propagate port states to e.g: notifiers
    or other kernel parts, do not manipulate the port state directly, but
    instead use a helper function which will allow us to do a bit more than
    just setting the state.
    
    Signed-off-by: Florian Fainelli <f.fainelli@gmail.com>
    Signed-off-by: David S. Miller <davem@davemloft.net>

diff --git a/net/bridge/br_stp.c b/net/bridge/br_stp.c
index 3c86f0538cbb..2b047bcf42a4 100644
--- a/net/bridge/br_stp.c
+++ b/net/bridge/br_stp.c
@@ -36,6 +36,11 @@ void br_log_state(const struct net_bridge_port *p)
 		br_port_state_names[p->state]);
 }
 
+void br_set_state(struct net_bridge_port *p, unsigned int state)
+{
+	p->state = state;
+}
+
 /* called under bridge lock */
 struct net_bridge_port *br_get_port(struct net_bridge *br, u16 port_no)
 {
@@ -107,7 +112,7 @@ static void br_root_port_block(const struct net_bridge *br,
 	br_notice(br, "port %u(%s) tried to become root port (blocked)",
 		  (unsigned int) p->port_no, p->dev->name);
 
-	p->state = BR_STATE_LISTENING;
+	br_set_state(p, BR_STATE_LISTENING);
 	br_log_state(p);
 	br_ifinfo_notify(RTM_NEWLINK, p);
 
@@ -387,7 +392,7 @@ static void br_make_blocking(struct net_bridge_port *p)
 		    p->state == BR_STATE_LEARNING)
 			br_topology_change_detection(p->br);
 
-		p->state = BR_STATE_BLOCKING;
+		br_set_state(p, BR_STATE_BLOCKING);
 		br_log_state(p);
 		br_ifinfo_notify(RTM_NEWLINK, p);
 
@@ -404,13 +409,13 @@ static void br_make_forwarding(struct net_bridge_port *p)
 		return;
 
 	if (br->stp_enabled == BR_NO_STP || br->forward_delay == 0) {
-		p->state = BR_STATE_FORWARDING;
+		br_set_state(p, BR_STATE_FORWARDING);
 		br_topology_change_detection(br);
 		del_timer(&p->forward_delay_timer);
 	} else if (br->stp_enabled == BR_KERNEL_STP)
-		p->state = BR_STATE_LISTENING;
+		br_set_state(p, BR_STATE_LISTENING);
 	else
-		p->state = BR_STATE_LEARNING;
+		br_set_state(p, BR_STATE_LEARNING);
 
 	br_multicast_enable_port(p);
 	br_log_state(p);

commit be4f154d5ef0ca147ab6bcd38857a774133f5450
Author: Herbert Xu <herbert@gondor.apana.org.au>
Date:   Thu Sep 12 17:12:05 2013 +1000

    bridge: Clamp forward_delay when enabling STP
    
    At some point limits were added to forward_delay.  However, the
    limits are only enforced when STP is enabled.  This created a
    scenario where you could have a value outside the allowed range
    while STP is disabled, which then stuck around even after STP
    is enabled.
    
    This patch fixes this by clamping the value when we enable STP.
    
    I had to move the locking around a bit to ensure that there is
    no window where someone could insert a value outside the range
    while we're in the middle of enabling STP.
    
    Signed-off-by: Herbert Xu <herbert@gondor.apana.org.au>
    
    Cheers,
    Signed-off-by: David S. Miller <davem@davemloft.net>

diff --git a/net/bridge/br_stp.c b/net/bridge/br_stp.c
index f1887ba7fc43..3c86f0538cbb 100644
--- a/net/bridge/br_stp.c
+++ b/net/bridge/br_stp.c
@@ -544,18 +544,27 @@ int br_set_max_age(struct net_bridge *br, unsigned long val)
 
 }
 
+void __br_set_forward_delay(struct net_bridge *br, unsigned long t)
+{
+	br->bridge_forward_delay = t;
+	if (br_is_root_bridge(br))
+		br->forward_delay = br->bridge_forward_delay;
+}
+
 int br_set_forward_delay(struct net_bridge *br, unsigned long val)
 {
 	unsigned long t = clock_t_to_jiffies(val);
+	int err = -ERANGE;
 
+	spin_lock_bh(&br->lock);
 	if (br->stp_enabled != BR_NO_STP &&
 	    (t < BR_MIN_FORWARD_DELAY || t > BR_MAX_FORWARD_DELAY))
-		return -ERANGE;
+		goto unlock;
 
-	spin_lock_bh(&br->lock);
-	br->bridge_forward_delay = t;
-	if (br_is_root_bridge(br))
-		br->forward_delay = br->bridge_forward_delay;
+	__br_set_forward_delay(br, t);
+	err = 0;
+
+unlock:
 	spin_unlock_bh(&br->lock);
-	return 0;
+	return err;
 }

commit 9a0620133ccce9dd35c00a96405c8d80938c2cc0
Author: Chris Healy <cphealy@gmail.com>
Date:   Wed Sep 11 21:37:47 2013 -0700

    resubmit bridge: fix message_age_timer calculation
    
    This changes the message_age_timer calculation to use the BPDU's max age as
    opposed to the local bridge's max age.  This is in accordance with section
    8.6.2.3.2 Step 2 of the 802.1D-1998 sprecification.
    
    With the current implementation, when running with very large bridge
    diameters, convergance will not always occur even if a root bridge is
    configured to have a longer max age.
    
    Tested successfully on bridge diameters of ~200.
    
    Signed-off-by: Chris Healy <cphealy@gmail.com>
    Signed-off-by: David S. Miller <davem@davemloft.net>

diff --git a/net/bridge/br_stp.c b/net/bridge/br_stp.c
index 1c0a50f13229..f1887ba7fc43 100644
--- a/net/bridge/br_stp.c
+++ b/net/bridge/br_stp.c
@@ -209,7 +209,7 @@ static void br_record_config_information(struct net_bridge_port *p,
 	p->designated_age = jiffies - bpdu->message_age;
 
 	mod_timer(&p->message_age_timer, jiffies
-		  + (p->br->max_age - bpdu->message_age));
+		  + (bpdu->max_age - bpdu->message_age));
 }
 
 /* called under bridge lock */

commit 91bc033c4d01656e3d8e45a13fd58924a3099693
Author: stephen hemminger <stephen@networkplumber.org>
Date:   Tue Apr 30 05:29:27 2013 +0000

    bridge: avoid OOPS if root port not found
    
    Bridge can crash while trying to send topology change packet.
    This happens if root port can't be found. This was reported by user
    but currently unable to reproduce it easily. The STP conditions that cause
    this are not known yet, but the problem doesn't have to be fatal.
    
    Signed-off-by: Stephen Hemminger <stephen@networkplumber.org>
    Signed-off-by: David S. Miller <davem@davemloft.net>

diff --git a/net/bridge/br_stp.c b/net/bridge/br_stp.c
index b01849a74310..1c0a50f13229 100644
--- a/net/bridge/br_stp.c
+++ b/net/bridge/br_stp.c
@@ -225,7 +225,14 @@ static void br_record_config_timeout_values(struct net_bridge *br,
 /* called under bridge lock */
 void br_transmit_tcn(struct net_bridge *br)
 {
-	br_send_tcn_bpdu(br_get_port(br, br->root_port));
+	struct net_bridge_port *p;
+
+	p = br_get_port(br, br->root_port);
+	if (p)
+		br_send_tcn_bpdu(p);
+	else
+		br_notice(br, "root port %u not found for topology notice\n",
+			  br->root_port);
 }
 
 /* called under bridge lock */

commit 1007dd1aa50b0403df370834f647abef1722925c
Author: stephen hemminger <shemminger@vyatta.com>
Date:   Tue Nov 13 07:53:08 2012 +0000

    bridge: add root port blocking
    
    This is Linux bridge implementation of root port guard.
    If BPDU is received from a leaf (edge) port, it should not
    be elected as root port.
    
    Why would you want to do this?
    If using STP on a bridge and the downstream bridges are not fully
    trusted; this prevents a hostile guest for rerouting traffic.
    
    Why not just use netfilter?
    Netfilter does not track of follow spanning tree decisions.
    It would be difficult and error prone to try and mirror STP
    resolution in netfilter module.
    
    Signed-off-by: Stephen Hemminger <shemminger@vyatta.com>
    Signed-off-by: David S. Miller <davem@davemloft.net>

diff --git a/net/bridge/br_stp.c b/net/bridge/br_stp.c
index af9a12099ba4..b01849a74310 100644
--- a/net/bridge/br_stp.c
+++ b/net/bridge/br_stp.c
@@ -100,6 +100,21 @@ static int br_should_become_root_port(const struct net_bridge_port *p,
 	return 0;
 }
 
+static void br_root_port_block(const struct net_bridge *br,
+			       struct net_bridge_port *p)
+{
+
+	br_notice(br, "port %u(%s) tried to become root port (blocked)",
+		  (unsigned int) p->port_no, p->dev->name);
+
+	p->state = BR_STATE_LISTENING;
+	br_log_state(p);
+	br_ifinfo_notify(RTM_NEWLINK, p);
+
+	if (br->forward_delay > 0)
+		mod_timer(&p->forward_delay_timer, jiffies + br->forward_delay);
+}
+
 /* called under bridge lock */
 static void br_root_selection(struct net_bridge *br)
 {
@@ -107,7 +122,12 @@ static void br_root_selection(struct net_bridge *br)
 	u16 root_port = 0;
 
 	list_for_each_entry(p, &br->port_list, list) {
-		if (br_should_become_root_port(p, root_port))
+		if (!br_should_become_root_port(p, root_port))
+			continue;
+
+		if (p->flags & BR_ROOT_BLOCK)
+			br_root_port_block(br, p);
+		else
 			root_port = p->port_no;
 	}
 

commit 95c961747284a6b83a5e2d81240e214b0fa3464d
Author: Eric Dumazet <eric.dumazet@gmail.com>
Date:   Sun Apr 15 05:58:06 2012 +0000

    net: cleanup unsigned to unsigned int
    
    Use of "unsigned int" is preferred to bare "unsigned" in net tree.
    
    Signed-off-by: Eric Dumazet <eric.dumazet@gmail.com>
    Signed-off-by: David S. Miller <davem@davemloft.net>

diff --git a/net/bridge/br_stp.c b/net/bridge/br_stp.c
index 8c836d96ba76..af9a12099ba4 100644
--- a/net/bridge/br_stp.c
+++ b/net/bridge/br_stp.c
@@ -32,7 +32,7 @@ static const char *const br_port_state_names[] = {
 void br_log_state(const struct net_bridge_port *p)
 {
 	br_info(p->br, "port %u(%s) entered %s state\n",
-		(unsigned) p->port_no, p->dev->name,
+		(unsigned int) p->port_no, p->dev->name,
 		br_port_state_names[p->state]);
 }
 
@@ -478,7 +478,7 @@ void br_received_tcn_bpdu(struct net_bridge_port *p)
 {
 	if (br_is_designated_port(p)) {
 		br_info(p->br, "port %u(%s) received tcn bpdu\n",
-			(unsigned) p->port_no, p->dev->name);
+			(unsigned int) p->port_no, p->dev->name);
 
 		br_topology_change_detection(p->br);
 		br_topology_change_acknowledge(p);

commit d9e179ecec0805c41b17f9a0c3b925d415677772
Author: Paulius Zaleckas <paulius.zaleckas@gmail.com>
Date:   Tue Mar 6 22:25:14 2012 +0000

    bridge: br_log_state() s/entering/entered/
    
    When br_log_state() is reporting state it should say "entered"
    istead of "entering" since state at this point is already
    changed.
    
    Signed-off-by: Paulius Zaleckas <paulius.zaleckas@gmail.com>
    Signed-off-by: David S. Miller <davem@davemloft.net>

diff --git a/net/bridge/br_stp.c b/net/bridge/br_stp.c
index 6751ed4e0c07..8c836d96ba76 100644
--- a/net/bridge/br_stp.c
+++ b/net/bridge/br_stp.c
@@ -31,7 +31,7 @@ static const char *const br_port_state_names[] = {
 
 void br_log_state(const struct net_bridge_port *p)
 {
-	br_info(p->br, "port %u(%s) entering %s state\n",
+	br_info(p->br, "port %u(%s) entered %s state\n",
 		(unsigned) p->port_no, p->dev->name,
 		br_port_state_names[p->state]);
 }

commit 709e1b5cd9e1915ad4f6c470ebf6b55d4a911d8c
Author: Joakim Tjernlund <joakim.tjernlund@transmode.se>
Date:   Thu Mar 1 08:12:19 2012 +0000

    bridge: message age needs to increase, not decrease.
    
    commit bridge: send proper message_age in config BPDU
    added this gem:
      bpdu.message_age = (jiffies - root->designated_age)
      p->designated_age = jiffies + bpdu->message_age;
    Notice how bpdu->message_age is negated when reassigned to
    bpdu.message_age. This causes message age to decrease breaking the
    STP protocol.
    
    Signed-off-by: Joakim Tjernlund <Joakim.Tjernlund@transmode.se>
    Signed-off-by: David S. Miller <davem@davemloft.net>

diff --git a/net/bridge/br_stp.c b/net/bridge/br_stp.c
index c9ef3db737d9..6751ed4e0c07 100644
--- a/net/bridge/br_stp.c
+++ b/net/bridge/br_stp.c
@@ -186,7 +186,7 @@ static void br_record_config_information(struct net_bridge_port *p,
 	p->designated_cost = bpdu->root_path_cost;
 	p->designated_bridge = bpdu->bridge_id;
 	p->designated_port = bpdu->port_id;
-	p->designated_age = jiffies + bpdu->message_age;
+	p->designated_age = jiffies - bpdu->message_age;
 
 	mod_timer(&p->message_age_timer, jiffies
 		  + (p->br->max_age - bpdu->message_age));

commit aaca735f4f188641c4786af8f20ed39fcce3809c
Author: Joakim Tjernlund <joakim.tjernlund@transmode.se>
Date:   Thu Mar 1 08:12:18 2012 +0000

    bridge: Adjust min age inc for HZ > 256
    
    min age increment needs to round up its min age tick for all
    HZ values to guarantee message age is increasing.
    
    Signed-off-by: Joakim Tjernlund <Joakim.Tjernlund@transmode.se>
    Signed-off-by: David S. Miller <davem@davemloft.net>

diff --git a/net/bridge/br_stp.c b/net/bridge/br_stp.c
index dd147d78a588..c9ef3db737d9 100644
--- a/net/bridge/br_stp.c
+++ b/net/bridge/br_stp.c
@@ -17,9 +17,9 @@
 #include "br_private_stp.h"
 
 /* since time values in bpdu are in jiffies and then scaled (1/256)
- * before sending, make sure that is at least one.
+ * before sending, make sure that is at least one STP tick.
  */
-#define MESSAGE_AGE_INCR	((HZ < 256) ? 1 : (HZ/256))
+#define MESSAGE_AGE_INCR	((HZ / 256) + 1)
 
 static const char *const br_port_state_names[] = {
 	[BR_STATE_DISABLED] = "disabled",

commit b03b6dd58cef7d15b7c46a6729b83dd535ef08ab
Author: Vitalii Demianets <vitas@nppfactor.kiev.ua>
Date:   Fri Nov 25 00:16:37 2011 +0000

    bridge: master device stuck in no-carrier state forever when in user-stp mode
    
    When in user-stp mode, bridge master do not follow state of its slaves, so
    after the following sequence of events it can stuck forever in no-carrier
    state:
    1) turn stp off
    2) put all slaves down - master device will follow their state and also go in
    no-carrier state
    3) turn stp on with bridge-stp script returning 0 (go to the user-stp mode)
    Now bridge master won't follow slaves' state and will never reach running
    state.
    
    This patch solves the problem by making user-stp and kernel-stp behavior
    similar regarding master following slaves' states.
    
    Signed-off-by: Vitalii Demianets <vitas@nppfactor.kiev.ua>
    Acked-by: Stephen Hemminger <shemminger@vyatta.com>
    Signed-off-by: David S. Miller <davem@davemloft.net>

diff --git a/net/bridge/br_stp.c b/net/bridge/br_stp.c
index ad0a3f7cf6cc..dd147d78a588 100644
--- a/net/bridge/br_stp.c
+++ b/net/bridge/br_stp.c
@@ -399,25 +399,24 @@ void br_port_state_selection(struct net_bridge *br)
 	struct net_bridge_port *p;
 	unsigned int liveports = 0;
 
-	/* Don't change port states if userspace is handling STP */
-	if (br->stp_enabled == BR_USER_STP)
-		return;
-
 	list_for_each_entry(p, &br->port_list, list) {
 		if (p->state == BR_STATE_DISABLED)
 			continue;
 
-		if (p->port_no == br->root_port) {
-			p->config_pending = 0;
-			p->topology_change_ack = 0;
-			br_make_forwarding(p);
-		} else if (br_is_designated_port(p)) {
-			del_timer(&p->message_age_timer);
-			br_make_forwarding(p);
-		} else {
-			p->config_pending = 0;
-			p->topology_change_ack = 0;
-			br_make_blocking(p);
+		/* Don't change port states if userspace is handling STP */
+		if (br->stp_enabled != BR_USER_STP) {
+			if (p->port_no == br->root_port) {
+				p->config_pending = 0;
+				p->topology_change_ack = 0;
+				br_make_forwarding(p);
+			} else if (br_is_designated_port(p)) {
+				del_timer(&p->message_age_timer);
+				br_make_forwarding(p);
+			} else {
+				p->config_pending = 0;
+				p->topology_change_ack = 0;
+				br_make_blocking(p);
+			}
 		}
 
 		if (p->state == BR_STATE_FORWARDING)

commit 160d73b8455edb1a12967e207790b1a93a4cb0e1
Author: stephen hemminger <shemminger@vyatta.com>
Date:   Fri Jul 22 07:47:10 2011 +0000

    bridge: minor cleanups
    
    Some minor cleanups that won't impact code:
      1. Remove inline from non-critical functions; compiler will most
         likely inline them anyway.
      2. Make function args const where possible.
      3. Whitespace cleanup
    
    Signed-off-by: Stephen Hemminger <shemminger@vyatta.com>
    Signed-off-by: David S. Miller <davem@davemloft.net>

diff --git a/net/bridge/br_stp.c b/net/bridge/br_stp.c
index 4d651af57a90..ad0a3f7cf6cc 100644
--- a/net/bridge/br_stp.c
+++ b/net/bridge/br_stp.c
@@ -109,7 +109,6 @@ static void br_root_selection(struct net_bridge *br)
 	list_for_each_entry(p, &br->port_list, list) {
 		if (br_should_become_root_port(p, root_port))
 			root_port = p->port_no;
-
 	}
 
 	br->root_port = root_port;
@@ -145,7 +144,6 @@ void br_transmit_config(struct net_bridge_port *p)
 	struct br_config_bpdu bpdu;
 	struct net_bridge *br;
 
-
 	if (timer_pending(&p->hold_timer)) {
 		p->config_pending = 1;
 		return;
@@ -181,8 +179,8 @@ void br_transmit_config(struct net_bridge_port *p)
 }
 
 /* called under bridge lock */
-static inline void br_record_config_information(struct net_bridge_port *p,
-						const struct br_config_bpdu *bpdu)
+static void br_record_config_information(struct net_bridge_port *p,
+					 const struct br_config_bpdu *bpdu)
 {
 	p->designated_root = bpdu->root;
 	p->designated_cost = bpdu->root_path_cost;
@@ -195,7 +193,7 @@ static inline void br_record_config_information(struct net_bridge_port *p,
 }
 
 /* called under bridge lock */
-static inline void br_record_config_timeout_values(struct net_bridge *br,
+static void br_record_config_timeout_values(struct net_bridge *br,
 					    const struct br_config_bpdu *bpdu)
 {
 	br->max_age = bpdu->max_age;
@@ -254,7 +252,8 @@ static void br_designated_port_selection(struct net_bridge *br)
 }
 
 /* called under bridge lock */
-static int br_supersedes_port_info(struct net_bridge_port *p, struct br_config_bpdu *bpdu)
+static int br_supersedes_port_info(const struct net_bridge_port *p,
+				   const struct br_config_bpdu *bpdu)
 {
 	int t;
 
@@ -285,7 +284,7 @@ static int br_supersedes_port_info(struct net_bridge_port *p, struct br_config_b
 }
 
 /* called under bridge lock */
-static inline void br_topology_change_acknowledged(struct net_bridge *br)
+static void br_topology_change_acknowledged(struct net_bridge *br)
 {
 	br->topology_change_detected = 0;
 	del_timer(&br->tcn_timer);
@@ -327,7 +326,7 @@ void br_config_bpdu_generation(struct net_bridge *br)
 }
 
 /* called under bridge lock */
-static inline void br_reply(struct net_bridge_port *p)
+static void br_reply(struct net_bridge_port *p)
 {
 	br_transmit_config(p);
 }
@@ -381,8 +380,7 @@ static void br_make_forwarding(struct net_bridge_port *p)
 		p->state = BR_STATE_FORWARDING;
 		br_topology_change_detection(br);
 		del_timer(&p->forward_delay_timer);
-	}
-	else if (br->stp_enabled == BR_KERNEL_STP)
+	} else if (br->stp_enabled == BR_KERNEL_STP)
 		p->state = BR_STATE_LISTENING;
 	else
 		p->state = BR_STATE_LEARNING;
@@ -433,14 +431,15 @@ void br_port_state_selection(struct net_bridge *br)
 }
 
 /* called under bridge lock */
-static inline void br_topology_change_acknowledge(struct net_bridge_port *p)
+static void br_topology_change_acknowledge(struct net_bridge_port *p)
 {
 	p->topology_change_ack = 1;
 	br_transmit_config(p);
 }
 
 /* called under bridge lock */
-void br_received_config_bpdu(struct net_bridge_port *p, struct br_config_bpdu *bpdu)
+void br_received_config_bpdu(struct net_bridge_port *p,
+			     const struct br_config_bpdu *bpdu)
 {
 	struct net_bridge *br;
 	int was_root;

commit 4ecb961c8b474ebef5aff55f715c7875e69dd57b
Author: stephen hemminger <shemminger@vyatta.com>
Date:   Fri Jul 22 07:47:09 2011 +0000

    bridge: add notification over netlink when STP changes state
    
    When STP changes state of interface need to send a new link
    message to reflect that change.
    
    Signed-off-by: Stephen Hemminger <shemminger@vyatta.com>
    Signed-off-by: David S. Miller <davem@davemloft.net>

diff --git a/net/bridge/br_stp.c b/net/bridge/br_stp.c
index fcff62251547..4d651af57a90 100644
--- a/net/bridge/br_stp.c
+++ b/net/bridge/br_stp.c
@@ -363,6 +363,8 @@ static void br_make_blocking(struct net_bridge_port *p)
 
 		p->state = BR_STATE_BLOCKING;
 		br_log_state(p);
+		br_ifinfo_notify(RTM_NEWLINK, p);
+
 		del_timer(&p->forward_delay_timer);
 	}
 }
@@ -386,8 +388,8 @@ static void br_make_forwarding(struct net_bridge_port *p)
 		p->state = BR_STATE_LEARNING;
 
 	br_multicast_enable_port(p);
-
 	br_log_state(p);
+	br_ifinfo_notify(RTM_NEWLINK, p);
 
 	if (br->forward_delay != 0)
 		mod_timer(&p->forward_delay_timer, jiffies + br->forward_delay);

commit 0c03150e7ea8f7fcd03cfef29385e0010b22ee92
Author: stephen hemminger <shemminger@vyatta.com>
Date:   Fri Jul 22 07:47:06 2011 +0000

    bridge: send proper message_age in config BPDU
    
    A bridge topology with three systems:
    
          +------+  +------+
          | A(2) |--| B(1) |
          +------+  +------+
               \    /
              +------+
              | C(3) |
              +------+
    
    What is supposed to happen:
     * bridge with the lowest ID is elected root (for example: B)
     * C detects that A->C is higher cost path and puts in blocking state
    
    What happens. Bridge with lowest id (B) is elected correctly as
    root and things start out fine initially. But then config BPDU
    doesn't get transmitted from A -> C. Because of that
    the link from A-C is transistioned to the forwarding state.
    
    The root cause of this is that the configuration messages
    is generated with bogus message age, and dropped before
    sending.
    
    In the standardmessage_age is supposed to be:
      the time since the generation of the Configuration BPDU by
      the Root that instigated the generation of this Configuration BPDU.
    
    Reimplement this by recording the timestamp (age + jiffies) when
    recording config information. The old code incorrectly used the time
    elapsed on the ageing timer which was incorrect.
    
    See also:
      https://bugzilla.vyatta.com/show_bug.cgi?id=7164
    
    Signed-off-by: Stephen Hemminger <shemminger@vyatta.com>
    Signed-off-by: David S. Miller <davem@davemloft.net>

diff --git a/net/bridge/br_stp.c b/net/bridge/br_stp.c
index bb4383e84de9..fcff62251547 100644
--- a/net/bridge/br_stp.c
+++ b/net/bridge/br_stp.c
@@ -164,8 +164,7 @@ void br_transmit_config(struct net_bridge_port *p)
 	else {
 		struct net_bridge_port *root
 			= br_get_port(br, br->root_port);
-		bpdu.message_age = br->max_age
-			- (root->message_age_timer.expires - jiffies)
+		bpdu.message_age = (jiffies - root->designated_age)
 			+ MESSAGE_AGE_INCR;
 	}
 	bpdu.max_age = br->max_age;
@@ -189,6 +188,7 @@ static inline void br_record_config_information(struct net_bridge_port *p,
 	p->designated_cost = bpdu->root_path_cost;
 	p->designated_bridge = bpdu->bridge_id;
 	p->designated_port = bpdu->port_id;
+	p->designated_age = jiffies + bpdu->message_age;
 
 	mod_timer(&p->message_age_timer, jiffies
 		  + (p->br->max_age - bpdu->message_age));

commit 14f98f258f1936e0dba77474bd7eda63f61a9826
Author: stephen hemminger <shemminger@vyatta.com>
Date:   Mon Apr 4 14:03:33 2011 +0000

    bridge: range check STP parameters
    
    Apply restrictions on STP parameters based 802.1D 1998 standard.
       * Fixes missing locking in set path cost ioctl
       * Uses common code for both ioctl and sysfs
    
    This is based on an earlier patch Sasikanth V but with overhaul.
    
    Note:
    1. It does NOT enforce the restriction on the relationship max_age and
       forward delay or hello time because in existing implementation these are
       set as independant operations.
    
    2. If STP is disabled, there is no restriction on forward delay
    
    3. No restriction on holding time because users use Linux code to act
       as hub or be sticky.
    
    4. Although standard allow 0-255, Linux only allows 0-63 for port priority
       because more bits are reserved for port number.
    
    Signed-off-by: Stephen Hemminger <shemminger@vyatta.com>
    Signed-off-by: David S. Miller <davem@davemloft.net>

diff --git a/net/bridge/br_stp.c b/net/bridge/br_stp.c
index 7370d14f634d..bb4383e84de9 100644
--- a/net/bridge/br_stp.c
+++ b/net/bridge/br_stp.c
@@ -484,3 +484,51 @@ void br_received_tcn_bpdu(struct net_bridge_port *p)
 		br_topology_change_acknowledge(p);
 	}
 }
+
+/* Change bridge STP parameter */
+int br_set_hello_time(struct net_bridge *br, unsigned long val)
+{
+	unsigned long t = clock_t_to_jiffies(val);
+
+	if (t < BR_MIN_HELLO_TIME || t > BR_MAX_HELLO_TIME)
+		return -ERANGE;
+
+	spin_lock_bh(&br->lock);
+	br->bridge_hello_time = t;
+	if (br_is_root_bridge(br))
+		br->hello_time = br->bridge_hello_time;
+	spin_unlock_bh(&br->lock);
+	return 0;
+}
+
+int br_set_max_age(struct net_bridge *br, unsigned long val)
+{
+	unsigned long t = clock_t_to_jiffies(val);
+
+	if (t < BR_MIN_MAX_AGE || t > BR_MAX_MAX_AGE)
+		return -ERANGE;
+
+	spin_lock_bh(&br->lock);
+	br->bridge_max_age = t;
+	if (br_is_root_bridge(br))
+		br->max_age = br->bridge_max_age;
+	spin_unlock_bh(&br->lock);
+	return 0;
+
+}
+
+int br_set_forward_delay(struct net_bridge *br, unsigned long val)
+{
+	unsigned long t = clock_t_to_jiffies(val);
+
+	if (br->stp_enabled != BR_NO_STP &&
+	    (t < BR_MIN_FORWARD_DELAY || t > BR_MAX_FORWARD_DELAY))
+		return -ERANGE;
+
+	spin_lock_bh(&br->lock);
+	br->bridge_forward_delay = t;
+	if (br_is_root_bridge(br))
+		br->forward_delay = br->bridge_forward_delay;
+	spin_unlock_bh(&br->lock);
+	return 0;
+}

commit c337ffb68e1e71bad069b14d2246fa1e0c31699c
Merge: 30df754dedeb 84c0c6933cb0
Author: David S. Miller <davem@davemloft.net>
Date:   Tue Mar 15 15:15:17 2011 -0700

    Merge branch 'master' of master.kernel.org:/pub/scm/linux/kernel/git/davem/net-2.6

commit a461c0297f2e80c78eaa03fc5141bf57a814ff4f
Author: stephen hemminger <shemminger@vyatta.com>
Date:   Thu Mar 10 05:57:04 2011 +0000

    bridge: skip forwarding delay if not using STP
    
    If Spanning Tree Protocol is not enabled, there is no good reason for
    the bridge code to wait for the forwarding delay period before enabling
    the link. The purpose of the forwarding delay is to allow STP to
    learn about other bridges before nominating itself.
    
    The only possible impact is that when starting up a new port
    the bridge may flood a packet now, where previously it might have
    seen traffic from the other host and preseeded the forwarding table.
    
    Includes change for local variable br already available in that func.
    
    Signed-off-by: Stephen Hemminger <shemminger@vyatta.com>
    Signed-off-by: David S. Miller <davem@davemloft.net>

diff --git a/net/bridge/br_stp.c b/net/bridge/br_stp.c
index 57186d84d2bd..47582d301fbe 100644
--- a/net/bridge/br_stp.c
+++ b/net/bridge/br_stp.c
@@ -375,12 +375,12 @@ static void br_make_forwarding(struct net_bridge_port *p)
 	if (p->state != BR_STATE_BLOCKING)
 		return;
 
-	if (br->forward_delay == 0) {
+	if (br->stp_enabled == BR_NO_STP || br->forward_delay == 0) {
 		p->state = BR_STATE_FORWARDING;
 		br_topology_change_detection(br);
 		del_timer(&p->forward_delay_timer);
 	}
-	else if (p->br->stp_enabled == BR_KERNEL_STP)
+	else if (br->stp_enabled == BR_KERNEL_STP)
 		p->state = BR_STATE_LISTENING;
 	else
 		p->state = BR_STATE_LEARNING;

commit 1faa4356a3bd89ea11fb92752d897cff3a20ec0e
Author: stephen hemminger <shemminger@vyatta.com>
Date:   Mon Mar 7 08:34:06 2011 +0000

    bridge: control carrier based on ports online
    
    This makes the bridge device behave like a physical device.
    In earlier releases the bridge always asserted carrier. This
    changes the behavior so that bridge device carrier is on only
    if one or more ports are in the forwarding state. This
    should help IPv6 autoconfiguration, DHCP, and routing daemons.
    
    I did brief testing with Network and Virt manager and they
    seem fine, but since this changes behavior of bridge, it should
    wait until net-next (2.6.39).
    
    Signed-off-by: Stephen Hemminger <shemminger@vyatta.com>
    Reviewed-by: Nicolas de Pesloan <nicolas.2p.debian@free.fr>
    Tested-By: Adam Majer <adamm@zombino.com>
    Signed-off-by: David S. Miller <davem@davemloft.net>

diff --git a/net/bridge/br_stp.c b/net/bridge/br_stp.c
index 57186d84d2bd..a5badd0f8226 100644
--- a/net/bridge/br_stp.c
+++ b/net/bridge/br_stp.c
@@ -397,28 +397,37 @@ static void br_make_forwarding(struct net_bridge_port *p)
 void br_port_state_selection(struct net_bridge *br)
 {
 	struct net_bridge_port *p;
+	unsigned int liveports = 0;
 
 	/* Don't change port states if userspace is handling STP */
 	if (br->stp_enabled == BR_USER_STP)
 		return;
 
 	list_for_each_entry(p, &br->port_list, list) {
-		if (p->state != BR_STATE_DISABLED) {
-			if (p->port_no == br->root_port) {
-				p->config_pending = 0;
-				p->topology_change_ack = 0;
-				br_make_forwarding(p);
-			} else if (br_is_designated_port(p)) {
-				del_timer(&p->message_age_timer);
-				br_make_forwarding(p);
-			} else {
-				p->config_pending = 0;
-				p->topology_change_ack = 0;
-				br_make_blocking(p);
-			}
+		if (p->state == BR_STATE_DISABLED)
+			continue;
+
+		if (p->port_no == br->root_port) {
+			p->config_pending = 0;
+			p->topology_change_ack = 0;
+			br_make_forwarding(p);
+		} else if (br_is_designated_port(p)) {
+			del_timer(&p->message_age_timer);
+			br_make_forwarding(p);
+		} else {
+			p->config_pending = 0;
+			p->topology_change_ack = 0;
+			br_make_blocking(p);
 		}
 
+		if (p->state == BR_STATE_FORWARDING)
+			++liveports;
 	}
+
+	if (liveports == 0)
+		netif_carrier_off(br->dev);
+	else
+		netif_carrier_on(br->dev);
 }
 
 /* called under bridge lock */

commit 28a16c97963d3bc36a2c192859f6d8025ef2967a
Author: stephen hemminger <shemminger@vyatta.com>
Date:   Mon May 10 09:31:09 2010 +0000

    bridge: change console message interface
    
    Use one set of macro's for all bridge messages.
    
    Note: can't use netdev_XXX macro's because bridge is purely
    virtual and has no device parent.
    
    Signed-off-by: Stephen Hemminger <shemminger@vyatta.com>
    Signed-off-by: David S. Miller <davem@davemloft.net>

diff --git a/net/bridge/br_stp.c b/net/bridge/br_stp.c
index edcf14b560f6..57186d84d2bd 100644
--- a/net/bridge/br_stp.c
+++ b/net/bridge/br_stp.c
@@ -31,10 +31,9 @@ static const char *const br_port_state_names[] = {
 
 void br_log_state(const struct net_bridge_port *p)
 {
-	pr_info("%s: port %d(%s) entering %s state\n",
-		p->br->dev->name, p->port_no, p->dev->name,
+	br_info(p->br, "port %u(%s) entering %s state\n",
+		(unsigned) p->port_no, p->dev->name,
 		br_port_state_names[p->state]);
-
 }
 
 /* called under bridge lock */
@@ -300,7 +299,7 @@ void br_topology_change_detection(struct net_bridge *br)
 	if (br->stp_enabled != BR_KERNEL_STP)
 		return;
 
-	pr_info("%s: topology change detected, %s\n", br->dev->name,
+	br_info(br, "topology change detected, %s\n",
 		isroot ? "propagating" : "sending tcn bpdu");
 
 	if (isroot) {
@@ -469,8 +468,8 @@ void br_received_config_bpdu(struct net_bridge_port *p, struct br_config_bpdu *b
 void br_received_tcn_bpdu(struct net_bridge_port *p)
 {
 	if (br_is_designated_port(p)) {
-		pr_info("%s: received tcn bpdu on port %i(%s)\n",
-		       p->br->dev->name, p->port_no, p->dev->name);
+		br_info(p->br, "port %u(%s) received tcn bpdu\n",
+			(unsigned) p->port_no, p->dev->name);
 
 		br_topology_change_detection(p->br);
 		br_topology_change_acknowledge(p);

commit 3fe2d7c70b747d5d968f4e8fa210676d49d40059
Author: Herbert Xu <herbert@gondor.apana.org.au>
Date:   Sun Feb 28 00:49:38 2010 -0800

    bridge: Add multicast start/stop hooks
    
    This patch hooks up the bridge start/stop and add/delete/disable
    port functions to the new multicast module.
    
    Signed-off-by: Herbert Xu <herbert@gondor.apana.org.au>
    Signed-off-by: David S. Miller <davem@davemloft.net>

diff --git a/net/bridge/br_stp.c b/net/bridge/br_stp.c
index fd3f8d6c0998..edcf14b560f6 100644
--- a/net/bridge/br_stp.c
+++ b/net/bridge/br_stp.c
@@ -386,6 +386,8 @@ static void br_make_forwarding(struct net_bridge_port *p)
 	else
 		p->state = BR_STATE_LEARNING;
 
+	br_multicast_enable_port(p);
+
 	br_log_state(p);
 
 	if (br->forward_delay != 0)

commit 36cbd3dcc10384f813ec0814255f576c84f2bcd4
Author: Jan Engelhardt <jengelh@medozas.de>
Date:   Wed Aug 5 10:42:58 2009 -0700

    net: mark read-only arrays as const
    
    String literals are constant, and usually, we can also tag the array
    of pointers const too, moving it to the .rodata section.
    
    Signed-off-by: Jan Engelhardt <jengelh@medozas.de>
    Signed-off-by: David S. Miller <davem@davemloft.net>

diff --git a/net/bridge/br_stp.c b/net/bridge/br_stp.c
index 0660515f3992..fd3f8d6c0998 100644
--- a/net/bridge/br_stp.c
+++ b/net/bridge/br_stp.c
@@ -21,7 +21,7 @@
  */
 #define MESSAGE_AGE_INCR	((HZ < 256) ? 1 : (HZ/256))
 
-static const char *br_port_state_names[] = {
+static const char *const br_port_state_names[] = {
 	[BR_STATE_DISABLED] = "disabled",
 	[BR_STATE_LISTENING] = "listening",
 	[BR_STATE_LEARNING] = "learning",

commit 4f0611af47e25807cf18cd2b4d4e94206c75b29e
Author: Stephen Hemminger <shemminger@vyatta.com>
Date:   Fri May 15 06:11:58 2009 +0000

    bridge: fix initial packet flood if !STP
    
    If bridge is configured with no STP and forwarding delay of 0 (which
    is typical for virtualization) then when link starts it will flood all
    packets for the first 20 seconds.
    
    This bug was introduced by a combination of earlier changes:
      * forwarding database uses hold time of zero to indicate
        user wants to always flood packets
      * optimzation of the case of forwarding delay of 0 avoids the initial
        timer tick
    
    The fix is to just skip all the topology change detection code if
    kernel STP is not being used.
    
    Signed-off-by: Stephen Hemminger <shemminger@vyatta.com>
    Signed-off-by: David S. Miller <davem@davemloft.net>

diff --git a/net/bridge/br_stp.c b/net/bridge/br_stp.c
index 6e63ec3f1fcf..0660515f3992 100644
--- a/net/bridge/br_stp.c
+++ b/net/bridge/br_stp.c
@@ -297,6 +297,9 @@ void br_topology_change_detection(struct net_bridge *br)
 {
 	int isroot = br_is_root_bridge(br);
 
+	if (br->stp_enabled != BR_KERNEL_STP)
+		return;
+
 	pr_info("%s: topology change detected, %s\n", br->dev->name,
 		isroot ? "propagating" : "sending tcn bpdu");
 

commit ef647f1300d69adb8223d970554d59d7e244db6d
Author: Stephen Hemminger <shemminger@vyatta.com>
Date:   Tue Aug 5 18:42:51 2008 -0700

    bridge: Eliminate unnecessary forward delay
    
    From: Stephen Hemminger <shemminger@vyatta.com>
    
    Based upon original patch by Herbert Xu, which contained
    the following problem description:
    
    --------------------
    When the forward delay is set to zero, we still delay the setting
    of the forwarding state by one or possibly two timers depending
    on whether STP is enabled.  This could either turn out to be
    instantaneous, or horribly slow depending on the load of the
    machine.
    
    As there is nothing preventing us from enabling forwarding straight
    away, this patch eliminates this potential delay by executing the
    code directly if the forward delay is zero.
    
    The effect of this problem is that immediately after the carrier
    comes on a port, the bridge will drop all packets received from
    that port until it enters forwarding mode, thus causing unnecessary
    packet loss.
    
    Note that this patch doesn't fully remove the delay due to the
    link watcher.  We should also check the carrier state when we
    are about to drop an incoming packet because the port is disabled.
    But that's for another patch.
    --------------------
    
    This version of the fix takes a different approach, in that
    it just does the state change directly.
    
    Signed-off-by: David S. Miller <davem@davemloft.net>

diff --git a/net/bridge/br_stp.c b/net/bridge/br_stp.c
index 921bbe5cb94a..6e63ec3f1fcf 100644
--- a/net/bridge/br_stp.c
+++ b/net/bridge/br_stp.c
@@ -368,14 +368,25 @@ static void br_make_blocking(struct net_bridge_port *p)
 /* called under bridge lock */
 static void br_make_forwarding(struct net_bridge_port *p)
 {
-	if (p->state == BR_STATE_BLOCKING) {
-		if (p->br->stp_enabled == BR_KERNEL_STP)
-			p->state = BR_STATE_LISTENING;
-		else
-			p->state = BR_STATE_LEARNING;
+	struct net_bridge *br = p->br;
 
-		br_log_state(p);
-		mod_timer(&p->forward_delay_timer, jiffies + p->br->forward_delay);	}
+	if (p->state != BR_STATE_BLOCKING)
+		return;
+
+	if (br->forward_delay == 0) {
+		p->state = BR_STATE_FORWARDING;
+		br_topology_change_detection(br);
+		del_timer(&p->forward_delay_timer);
+	}
+	else if (p->br->stp_enabled == BR_KERNEL_STP)
+		p->state = BR_STATE_LISTENING;
+	else
+		p->state = BR_STATE_LEARNING;
+
+	br_log_state(p);
+
+	if (br->forward_delay != 0)
+		mod_timer(&p->forward_delay_timer, jiffies + br->forward_delay);
 }
 
 /* called under bridge lock */

commit 49997d75152b3d23c53b0fa730599f2f74c92c65
Merge: a0c80b80e0fb 5b664cb235e9
Author: David S. Miller <davem@davemloft.net>
Date:   Fri Jul 18 02:39:39 2008 -0700

    Merge branch 'master' of master.kernel.org:/pub/scm/linux/kernel/git/torvalds/linux-2.6
    
    Conflicts:
    
            Documentation/powerpc/booting-without-of.txt
            drivers/atm/Makefile
            drivers/net/fs_enet/fs_enet-main.c
            drivers/pci/pci-acpi.c
            net/8021q/vlan.c
            net/iucv/iucv.c

commit 0b040829952d84bf2a62526f0e24b624e0699447
Author: Adrian Bunk <bunk@kernel.org>
Date:   Tue Jun 10 22:46:50 2008 -0700

    net: remove CVS keywords
    
    This patch removes CVS keywords that weren't updated for a long time
    from comments.
    
    Signed-off-by: Adrian Bunk <bunk@kernel.org>
    Signed-off-by: David S. Miller <davem@davemloft.net>

diff --git a/net/bridge/br_stp.c b/net/bridge/br_stp.c
index e38034aa56f5..284d1b2fa1ff 100644
--- a/net/bridge/br_stp.c
+++ b/net/bridge/br_stp.c
@@ -5,8 +5,6 @@
  *	Authors:
  *	Lennert Buytenhek		<buytenh@gnu.org>
  *
- *	$Id: br_stp.c,v 1.4 2000/06/19 10:13:35 davem Exp $
- *
  *	This program is free software; you can redistribute it and/or
  *	modify it under the terms of the GNU General Public License
  *	as published by the Free Software Foundation; either version

commit 82524746c27fa418c250a56dd7606b9d3fc79826
Author: Franck Bui-Huu <fbuihuu@gmail.com>
Date:   Mon May 12 21:21:05 2008 +0200

    rcu: split list.h and move rcu-protected lists into rculist.h
    
    Move rcu-protected lists from list.h into a new header file rculist.h.
    
    This is done because list are a very used primitive structure all over the
    kernel and it's currently impossible to include other header files in this
    list.h without creating some circular dependencies.
    
    For example, list.h implements rcu-protected list and uses rcu_dereference()
    without including rcupdate.h.  It actually compiles because users of
    rcu_dereference() are macros.  Others RCU functions could be used too but
    aren't probably because of this.
    
    Therefore this patch creates rculist.h which includes rcupdates without to
    many changes/troubles.
    
    Signed-off-by: Franck Bui-Huu <fbuihuu@gmail.com>
    Acked-by: Paul E. McKenney <paulmck@linux.vnet.ibm.com>
    Acked-by: Josh Triplett <josh@kernel.org>
    Signed-off-by: Andrew Morton <akpm@linux-foundation.org>
    Signed-off-by: Ingo Molnar <mingo@elte.hu>

diff --git a/net/bridge/br_stp.c b/net/bridge/br_stp.c
index e38034aa56f5..9e96ffcd29a3 100644
--- a/net/bridge/br_stp.c
+++ b/net/bridge/br_stp.c
@@ -13,6 +13,7 @@
  *	2 of the License, or (at your option) any later version.
  */
 #include <linux/kernel.h>
+#include <linux/rculist.h>
 
 #include "br_private.h"
 #include "br_private_stp.h"

commit 9a834b87c5544c347fd788cd9d4eb276402ab54a
Author: Stephen Hemminger <shemminger@linux-foundation.org>
Date:   Thu May 31 01:21:39 2007 -0700

    [BRIDGE]: Round off STP perodic timers.
    
    Peroidic STP timers don't have to be exact.  The hold timer runs at
    1HZ, and the hello timer normally runs at 2HZ; save power by aligning
    it them to next second.
    
    Signed-off-by: Stephen Hemminger <shemminger@linux-foundation.org>
    Signed-off-by: David S. Miller <davem@davemloft.net>

diff --git a/net/bridge/br_stp.c b/net/bridge/br_stp.c
index 0e035d6162cc..e38034aa56f5 100644
--- a/net/bridge/br_stp.c
+++ b/net/bridge/br_stp.c
@@ -178,7 +178,8 @@ void br_transmit_config(struct net_bridge_port *p)
 		br_send_config_bpdu(p, &bpdu);
 		p->topology_change_ack = 0;
 		p->config_pending = 0;
-		mod_timer(&p->hold_timer, jiffies + BR_HOLD_TIME);
+		mod_timer(&p->hold_timer,
+			  round_jiffies(jiffies + BR_HOLD_TIME));
 	}
 }
 

commit e63340ae6b6205fef26b40a75673d1c9c0c8bb90
Author: Randy Dunlap <randy.dunlap@oracle.com>
Date:   Tue May 8 00:28:08 2007 -0700

    header cleaning: don't include smp_lock.h when not used
    
    Remove includes of <linux/smp_lock.h> where it is not used/needed.
    Suggested by Al Viro.
    
    Builds cleanly on x86_64, i386, alpha, ia64, powerpc, sparc,
    sparc64, and arm (all 59 defconfigs).
    
    Signed-off-by: Randy Dunlap <randy.dunlap@oracle.com>
    Signed-off-by: Andrew Morton <akpm@linux-foundation.org>
    Signed-off-by: Linus Torvalds <torvalds@linux-foundation.org>

diff --git a/net/bridge/br_stp.c b/net/bridge/br_stp.c
index ebb0861e9bd5..0e035d6162cc 100644
--- a/net/bridge/br_stp.c
+++ b/net/bridge/br_stp.c
@@ -13,7 +13,6 @@
  *	2 of the License, or (at your option) any later version.
  */
 #include <linux/kernel.h>
-#include <linux/smp_lock.h>
 
 #include "br_private.h"
 #include "br_private_stp.h"

commit 9cde070874b822d4677f4f01fe146991785813b1
Author: Stephen Hemminger <shemminger@linux-foundation.org>
Date:   Wed Mar 21 14:22:44 2007 -0700

    bridge: add support for user mode STP
    
    This patchset based on work by Aji_Srinivas@emc.com provides allows
    spanning tree to be controled from userspace.  Like hotplug, it
    uses call_usermodehelper when spanning tree is enabled so there
    is no visible API change. If call to start usermode STP fails
    it falls back to existing kernel STP.
    
    Signed-off-by: Stephen Hemminger <shemminger@linux-foundation.org>

diff --git a/net/bridge/br_stp.c b/net/bridge/br_stp.c
index f9ff4d57b0d7..ebb0861e9bd5 100644
--- a/net/bridge/br_stp.c
+++ b/net/bridge/br_stp.c
@@ -370,11 +370,11 @@ static void br_make_blocking(struct net_bridge_port *p)
 static void br_make_forwarding(struct net_bridge_port *p)
 {
 	if (p->state == BR_STATE_BLOCKING) {
-		if (p->br->stp_enabled) {
+		if (p->br->stp_enabled == BR_KERNEL_STP)
 			p->state = BR_STATE_LISTENING;
-		} else {
+		else
 			p->state = BR_STATE_LEARNING;
-		}
+
 		br_log_state(p);
 		mod_timer(&p->forward_delay_timer, jiffies + p->br->forward_delay);	}
 }
@@ -384,6 +384,10 @@ void br_port_state_selection(struct net_bridge *br)
 {
 	struct net_bridge_port *p;
 
+	/* Don't change port states if userspace is handling STP */
+	if (br->stp_enabled == BR_USER_STP)
+		return;
+
 	list_for_each_entry(p, &br->port_list, list) {
 		if (p->state != BR_STATE_DISABLED) {
 			if (p->port_no == br->root_port) {

commit 9d6f229fc45b6ac268020c0c8eff29e94bb34381
Author: YOSHIFUJI Hideaki <yoshfuji@linux-ipv6.org>
Date:   Fri Feb 9 23:24:35 2007 +0900

    [NET] BRIDGE: Fix whitespace errors.
    
    Signed-off-by: YOSHIFUJI Hideaki <yoshfuji@linux-ipv6.org>
    Signed-off-by: David S. Miller <davem@davemloft.net>

diff --git a/net/bridge/br_stp.c b/net/bridge/br_stp.c
index 04ca0639a95a..f9ff4d57b0d7 100644
--- a/net/bridge/br_stp.c
+++ b/net/bridge/br_stp.c
@@ -24,17 +24,17 @@
 #define MESSAGE_AGE_INCR	((HZ < 256) ? 1 : (HZ/256))
 
 static const char *br_port_state_names[] = {
-	[BR_STATE_DISABLED] = "disabled", 
+	[BR_STATE_DISABLED] = "disabled",
 	[BR_STATE_LISTENING] = "listening",
-	[BR_STATE_LEARNING] = "learning", 
-	[BR_STATE_FORWARDING] = "forwarding", 
+	[BR_STATE_LEARNING] = "learning",
+	[BR_STATE_FORWARDING] = "forwarding",
 	[BR_STATE_BLOCKING] = "blocking",
 };
 
 void br_log_state(const struct net_bridge_port *p)
 {
 	pr_info("%s: port %d(%s) entering %s state\n",
-		p->br->dev->name, p->port_no, p->dev->name, 
+		p->br->dev->name, p->port_no, p->dev->name,
 		br_port_state_names[p->state]);
 
 }
@@ -53,7 +53,7 @@ struct net_bridge_port *br_get_port(struct net_bridge *br, u16 port_no)
 }
 
 /* called under bridge lock */
-static int br_should_become_root_port(const struct net_bridge_port *p, 
+static int br_should_become_root_port(const struct net_bridge_port *p,
 				      u16 root_port)
 {
 	struct net_bridge *br;
@@ -184,7 +184,7 @@ void br_transmit_config(struct net_bridge_port *p)
 }
 
 /* called under bridge lock */
-static inline void br_record_config_information(struct net_bridge_port *p, 
+static inline void br_record_config_information(struct net_bridge_port *p,
 						const struct br_config_bpdu *bpdu)
 {
 	p->designated_root = bpdu->root;
@@ -192,12 +192,12 @@ static inline void br_record_config_information(struct net_bridge_port *p,
 	p->designated_bridge = bpdu->bridge_id;
 	p->designated_port = bpdu->port_id;
 
-	mod_timer(&p->message_age_timer, jiffies 
+	mod_timer(&p->message_age_timer, jiffies
 		  + (p->br->max_age - bpdu->message_age));
 }
 
 /* called under bridge lock */
-static inline void br_record_config_timeout_values(struct net_bridge *br, 
+static inline void br_record_config_timeout_values(struct net_bridge *br,
 					    const struct br_config_bpdu *bpdu)
 {
 	br->max_age = bpdu->max_age;
@@ -415,7 +415,7 @@ void br_received_config_bpdu(struct net_bridge_port *p, struct br_config_bpdu *b
 {
 	struct net_bridge *br;
 	int was_root;
- 
+
 	br = p->br;
 	was_root = br_is_root_bridge(br);
 
@@ -430,7 +430,7 @@ void br_received_config_bpdu(struct net_bridge_port *p, struct br_config_bpdu *b
 				del_timer(&br->topology_change_timer);
 				br_transmit_tcn(br);
 
-				mod_timer(&br->tcn_timer, 
+				mod_timer(&br->tcn_timer,
 					  jiffies + br->bridge_hello_time);
 			}
 		}
@@ -441,8 +441,8 @@ void br_received_config_bpdu(struct net_bridge_port *p, struct br_config_bpdu *b
 			if (bpdu->topology_change_ack)
 				br_topology_change_acknowledged(br);
 		}
-	} else if (br_is_designated_port(p)) {		
-		br_reply(p);		
+	} else if (br_is_designated_port(p)) {
+		br_reply(p);
 	}
 }
 

commit 1da177e4c3f41524e886b7f1b8a0c1fc7321cac2
Author: Linus Torvalds <torvalds@ppc970.osdl.org>
Date:   Sat Apr 16 15:20:36 2005 -0700

    Linux-2.6.12-rc2
    
    Initial git repository build. I'm not bothering with the full history,
    even though we have it. We can create a separate "historical" git
    archive of that later if we want to, and in the meantime it's about
    3.2GB when imported into git - space that would just make the early
    git days unnecessarily complicated, when we don't have a lot of good
    infrastructure for it.
    
    Let it rip!

diff --git a/net/bridge/br_stp.c b/net/bridge/br_stp.c
new file mode 100644
index 000000000000..04ca0639a95a
--- /dev/null
+++ b/net/bridge/br_stp.c
@@ -0,0 +1,459 @@
+/*
+ *	Spanning tree protocol; generic parts
+ *	Linux ethernet bridge
+ *
+ *	Authors:
+ *	Lennert Buytenhek		<buytenh@gnu.org>
+ *
+ *	$Id: br_stp.c,v 1.4 2000/06/19 10:13:35 davem Exp $
+ *
+ *	This program is free software; you can redistribute it and/or
+ *	modify it under the terms of the GNU General Public License
+ *	as published by the Free Software Foundation; either version
+ *	2 of the License, or (at your option) any later version.
+ */
+#include <linux/kernel.h>
+#include <linux/smp_lock.h>
+
+#include "br_private.h"
+#include "br_private_stp.h"
+
+/* since time values in bpdu are in jiffies and then scaled (1/256)
+ * before sending, make sure that is at least one.
+ */
+#define MESSAGE_AGE_INCR	((HZ < 256) ? 1 : (HZ/256))
+
+static const char *br_port_state_names[] = {
+	[BR_STATE_DISABLED] = "disabled", 
+	[BR_STATE_LISTENING] = "listening",
+	[BR_STATE_LEARNING] = "learning", 
+	[BR_STATE_FORWARDING] = "forwarding", 
+	[BR_STATE_BLOCKING] = "blocking",
+};
+
+void br_log_state(const struct net_bridge_port *p)
+{
+	pr_info("%s: port %d(%s) entering %s state\n",
+		p->br->dev->name, p->port_no, p->dev->name, 
+		br_port_state_names[p->state]);
+
+}
+
+/* called under bridge lock */
+struct net_bridge_port *br_get_port(struct net_bridge *br, u16 port_no)
+{
+	struct net_bridge_port *p;
+
+	list_for_each_entry_rcu(p, &br->port_list, list) {
+		if (p->port_no == port_no)
+			return p;
+	}
+
+	return NULL;
+}
+
+/* called under bridge lock */
+static int br_should_become_root_port(const struct net_bridge_port *p, 
+				      u16 root_port)
+{
+	struct net_bridge *br;
+	struct net_bridge_port *rp;
+	int t;
+
+	br = p->br;
+	if (p->state == BR_STATE_DISABLED ||
+	    br_is_designated_port(p))
+		return 0;
+
+	if (memcmp(&br->bridge_id, &p->designated_root, 8) <= 0)
+		return 0;
+
+	if (!root_port)
+		return 1;
+
+	rp = br_get_port(br, root_port);
+
+	t = memcmp(&p->designated_root, &rp->designated_root, 8);
+	if (t < 0)
+		return 1;
+	else if (t > 0)
+		return 0;
+
+	if (p->designated_cost + p->path_cost <
+	    rp->designated_cost + rp->path_cost)
+		return 1;
+	else if (p->designated_cost + p->path_cost >
+		 rp->designated_cost + rp->path_cost)
+		return 0;
+
+	t = memcmp(&p->designated_bridge, &rp->designated_bridge, 8);
+	if (t < 0)
+		return 1;
+	else if (t > 0)
+		return 0;
+
+	if (p->designated_port < rp->designated_port)
+		return 1;
+	else if (p->designated_port > rp->designated_port)
+		return 0;
+
+	if (p->port_id < rp->port_id)
+		return 1;
+
+	return 0;
+}
+
+/* called under bridge lock */
+static void br_root_selection(struct net_bridge *br)
+{
+	struct net_bridge_port *p;
+	u16 root_port = 0;
+
+	list_for_each_entry(p, &br->port_list, list) {
+		if (br_should_become_root_port(p, root_port))
+			root_port = p->port_no;
+
+	}
+
+	br->root_port = root_port;
+
+	if (!root_port) {
+		br->designated_root = br->bridge_id;
+		br->root_path_cost = 0;
+	} else {
+		p = br_get_port(br, root_port);
+		br->designated_root = p->designated_root;
+		br->root_path_cost = p->designated_cost + p->path_cost;
+	}
+}
+
+/* called under bridge lock */
+void br_become_root_bridge(struct net_bridge *br)
+{
+	br->max_age = br->bridge_max_age;
+	br->hello_time = br->bridge_hello_time;
+	br->forward_delay = br->bridge_forward_delay;
+	br_topology_change_detection(br);
+	del_timer(&br->tcn_timer);
+
+	if (br->dev->flags & IFF_UP) {
+		br_config_bpdu_generation(br);
+		mod_timer(&br->hello_timer, jiffies + br->hello_time);
+	}
+}
+
+/* called under bridge lock */
+void br_transmit_config(struct net_bridge_port *p)
+{
+	struct br_config_bpdu bpdu;
+	struct net_bridge *br;
+
+
+	if (timer_pending(&p->hold_timer)) {
+		p->config_pending = 1;
+		return;
+	}
+
+	br = p->br;
+
+	bpdu.topology_change = br->topology_change;
+	bpdu.topology_change_ack = p->topology_change_ack;
+	bpdu.root = br->designated_root;
+	bpdu.root_path_cost = br->root_path_cost;
+	bpdu.bridge_id = br->bridge_id;
+	bpdu.port_id = p->port_id;
+	if (br_is_root_bridge(br))
+		bpdu.message_age = 0;
+	else {
+		struct net_bridge_port *root
+			= br_get_port(br, br->root_port);
+		bpdu.message_age = br->max_age
+			- (root->message_age_timer.expires - jiffies)
+			+ MESSAGE_AGE_INCR;
+	}
+	bpdu.max_age = br->max_age;
+	bpdu.hello_time = br->hello_time;
+	bpdu.forward_delay = br->forward_delay;
+
+	if (bpdu.message_age < br->max_age) {
+		br_send_config_bpdu(p, &bpdu);
+		p->topology_change_ack = 0;
+		p->config_pending = 0;
+		mod_timer(&p->hold_timer, jiffies + BR_HOLD_TIME);
+	}
+}
+
+/* called under bridge lock */
+static inline void br_record_config_information(struct net_bridge_port *p, 
+						const struct br_config_bpdu *bpdu)
+{
+	p->designated_root = bpdu->root;
+	p->designated_cost = bpdu->root_path_cost;
+	p->designated_bridge = bpdu->bridge_id;
+	p->designated_port = bpdu->port_id;
+
+	mod_timer(&p->message_age_timer, jiffies 
+		  + (p->br->max_age - bpdu->message_age));
+}
+
+/* called under bridge lock */
+static inline void br_record_config_timeout_values(struct net_bridge *br, 
+					    const struct br_config_bpdu *bpdu)
+{
+	br->max_age = bpdu->max_age;
+	br->hello_time = bpdu->hello_time;
+	br->forward_delay = bpdu->forward_delay;
+	br->topology_change = bpdu->topology_change;
+}
+
+/* called under bridge lock */
+void br_transmit_tcn(struct net_bridge *br)
+{
+	br_send_tcn_bpdu(br_get_port(br, br->root_port));
+}
+
+/* called under bridge lock */
+static int br_should_become_designated_port(const struct net_bridge_port *p)
+{
+	struct net_bridge *br;
+	int t;
+
+	br = p->br;
+	if (br_is_designated_port(p))
+		return 1;
+
+	if (memcmp(&p->designated_root, &br->designated_root, 8))
+		return 1;
+
+	if (br->root_path_cost < p->designated_cost)
+		return 1;
+	else if (br->root_path_cost > p->designated_cost)
+		return 0;
+
+	t = memcmp(&br->bridge_id, &p->designated_bridge, 8);
+	if (t < 0)
+		return 1;
+	else if (t > 0)
+		return 0;
+
+	if (p->port_id < p->designated_port)
+		return 1;
+
+	return 0;
+}
+
+/* called under bridge lock */
+static void br_designated_port_selection(struct net_bridge *br)
+{
+	struct net_bridge_port *p;
+
+	list_for_each_entry(p, &br->port_list, list) {
+		if (p->state != BR_STATE_DISABLED &&
+		    br_should_become_designated_port(p))
+			br_become_designated_port(p);
+
+	}
+}
+
+/* called under bridge lock */
+static int br_supersedes_port_info(struct net_bridge_port *p, struct br_config_bpdu *bpdu)
+{
+	int t;
+
+	t = memcmp(&bpdu->root, &p->designated_root, 8);
+	if (t < 0)
+		return 1;
+	else if (t > 0)
+		return 0;
+
+	if (bpdu->root_path_cost < p->designated_cost)
+		return 1;
+	else if (bpdu->root_path_cost > p->designated_cost)
+		return 0;
+
+	t = memcmp(&bpdu->bridge_id, &p->designated_bridge, 8);
+	if (t < 0)
+		return 1;
+	else if (t > 0)
+		return 0;
+
+	if (memcmp(&bpdu->bridge_id, &p->br->bridge_id, 8))
+		return 1;
+
+	if (bpdu->port_id <= p->designated_port)
+		return 1;
+
+	return 0;
+}
+
+/* called under bridge lock */
+static inline void br_topology_change_acknowledged(struct net_bridge *br)
+{
+	br->topology_change_detected = 0;
+	del_timer(&br->tcn_timer);
+}
+
+/* called under bridge lock */
+void br_topology_change_detection(struct net_bridge *br)
+{
+	int isroot = br_is_root_bridge(br);
+
+	pr_info("%s: topology change detected, %s\n", br->dev->name,
+		isroot ? "propagating" : "sending tcn bpdu");
+
+	if (isroot) {
+		br->topology_change = 1;
+		mod_timer(&br->topology_change_timer, jiffies
+			  + br->bridge_forward_delay + br->bridge_max_age);
+	} else if (!br->topology_change_detected) {
+		br_transmit_tcn(br);
+		mod_timer(&br->tcn_timer, jiffies + br->bridge_hello_time);
+	}
+
+	br->topology_change_detected = 1;
+}
+
+/* called under bridge lock */
+void br_config_bpdu_generation(struct net_bridge *br)
+{
+	struct net_bridge_port *p;
+
+	list_for_each_entry(p, &br->port_list, list) {
+		if (p->state != BR_STATE_DISABLED &&
+		    br_is_designated_port(p))
+			br_transmit_config(p);
+	}
+}
+
+/* called under bridge lock */
+static inline void br_reply(struct net_bridge_port *p)
+{
+	br_transmit_config(p);
+}
+
+/* called under bridge lock */
+void br_configuration_update(struct net_bridge *br)
+{
+	br_root_selection(br);
+	br_designated_port_selection(br);
+}
+
+/* called under bridge lock */
+void br_become_designated_port(struct net_bridge_port *p)
+{
+	struct net_bridge *br;
+
+	br = p->br;
+	p->designated_root = br->designated_root;
+	p->designated_cost = br->root_path_cost;
+	p->designated_bridge = br->bridge_id;
+	p->designated_port = p->port_id;
+}
+
+
+/* called under bridge lock */
+static void br_make_blocking(struct net_bridge_port *p)
+{
+	if (p->state != BR_STATE_DISABLED &&
+	    p->state != BR_STATE_BLOCKING) {
+		if (p->state == BR_STATE_FORWARDING ||
+		    p->state == BR_STATE_LEARNING)
+			br_topology_change_detection(p->br);
+
+		p->state = BR_STATE_BLOCKING;
+		br_log_state(p);
+		del_timer(&p->forward_delay_timer);
+	}
+}
+
+/* called under bridge lock */
+static void br_make_forwarding(struct net_bridge_port *p)
+{
+	if (p->state == BR_STATE_BLOCKING) {
+		if (p->br->stp_enabled) {
+			p->state = BR_STATE_LISTENING;
+		} else {
+			p->state = BR_STATE_LEARNING;
+		}
+		br_log_state(p);
+		mod_timer(&p->forward_delay_timer, jiffies + p->br->forward_delay);	}
+}
+
+/* called under bridge lock */
+void br_port_state_selection(struct net_bridge *br)
+{
+	struct net_bridge_port *p;
+
+	list_for_each_entry(p, &br->port_list, list) {
+		if (p->state != BR_STATE_DISABLED) {
+			if (p->port_no == br->root_port) {
+				p->config_pending = 0;
+				p->topology_change_ack = 0;
+				br_make_forwarding(p);
+			} else if (br_is_designated_port(p)) {
+				del_timer(&p->message_age_timer);
+				br_make_forwarding(p);
+			} else {
+				p->config_pending = 0;
+				p->topology_change_ack = 0;
+				br_make_blocking(p);
+			}
+		}
+
+	}
+}
+
+/* called under bridge lock */
+static inline void br_topology_change_acknowledge(struct net_bridge_port *p)
+{
+	p->topology_change_ack = 1;
+	br_transmit_config(p);
+}
+
+/* called under bridge lock */
+void br_received_config_bpdu(struct net_bridge_port *p, struct br_config_bpdu *bpdu)
+{
+	struct net_bridge *br;
+	int was_root;
+ 
+	br = p->br;
+	was_root = br_is_root_bridge(br);
+
+	if (br_supersedes_port_info(p, bpdu)) {
+		br_record_config_information(p, bpdu);
+		br_configuration_update(br);
+		br_port_state_selection(br);
+
+		if (!br_is_root_bridge(br) && was_root) {
+			del_timer(&br->hello_timer);
+			if (br->topology_change_detected) {
+				del_timer(&br->topology_change_timer);
+				br_transmit_tcn(br);
+
+				mod_timer(&br->tcn_timer, 
+					  jiffies + br->bridge_hello_time);
+			}
+		}
+
+		if (p->port_no == br->root_port) {
+			br_record_config_timeout_values(br, bpdu);
+			br_config_bpdu_generation(br);
+			if (bpdu->topology_change_ack)
+				br_topology_change_acknowledged(br);
+		}
+	} else if (br_is_designated_port(p)) {		
+		br_reply(p);		
+	}
+}
+
+/* called under bridge lock */
+void br_received_tcn_bpdu(struct net_bridge_port *p)
+{
+	if (br_is_designated_port(p)) {
+		pr_info("%s: received tcn bpdu on port %i(%s)\n",
+		       p->br->dev->name, p->port_no, p->dev->name);
+
+		br_topology_change_detection(p->br);
+		br_topology_change_acknowledge(p);
+	}
+}
