commit 76241271aaf73c683da6f103e9b5722db3122392
Author: Stephen Hemminger <stephen@networkplumber.org>
Date:   Tue Mar 27 15:01:03 2018 -0700

    hv: add SPDX license to trace
    
    Missing license on Hyper-V VMBUS tracing files.
    
    Signed-off-by: Stephen Hemminger <sthemmin@microsoft.com>
    Signed-off-by: K. Y. Srinivasan <kys@microsoft.com>
    Signed-off-by: Greg Kroah-Hartman <gregkh@linuxfoundation.org>

diff --git a/drivers/hv/hv_trace.c b/drivers/hv/hv_trace.c
index df47acd01a81..38d359cf1e70 100644
--- a/drivers/hv/hv_trace.c
+++ b/drivers/hv/hv_trace.c
@@ -1,3 +1,5 @@
+// SPDX-License-Identifier: GPL-2.0
+
 #include "hyperv_vmbus.h"
 
 #define CREATE_TRACE_POINTS

commit c9fe0f8fa4136c2451dcc012e48fbf4470d6b592
Author: Vitaly Kuznetsov <vkuznets@redhat.com>
Date:   Sun Oct 29 12:21:00 2017 -0700

    hyper-v: trace vmbus_on_msg_dpc()
    
    Add tracing subsystem to Hyper-V VMBus module and add tracepoint
    to vmbus_on_msg_dpc() which is called when we receive a message from host.
    
    Signed-off-by: Vitaly Kuznetsov <vkuznets@redhat.com>
    Signed-off-by: K. Y. Srinivasan <kys@microsoft.com>
    Signed-off-by: Greg Kroah-Hartman <gregkh@linuxfoundation.org>

diff --git a/drivers/hv/hv_trace.c b/drivers/hv/hv_trace.c
new file mode 100644
index 000000000000..df47acd01a81
--- /dev/null
+++ b/drivers/hv/hv_trace.c
@@ -0,0 +1,4 @@
+#include "hyperv_vmbus.h"
+
+#define CREATE_TRACE_POINTS
+#include "hv_trace.h"
