commit 6a0abce4c4cce0890e2c930b960b9a05c8c6e5da
Author: Kuninori Morimoto <kuninori.morimoto.gx@renesas.com>
Date:   Fri Dec 28 00:31:53 2018 -0800

    sh: include: convert to SPDX identifiers
    
    Update license to use SPDX-License-Identifier instead of verbose license
    text.
    
    Link: http://lkml.kernel.org/r/87ftvccszx.wl-kuninori.morimoto.gx@renesas.com
    Signed-off-by: Kuninori Morimoto <kuninori.morimoto.gx@renesas.com>
    Reviewed-by: Simon Horman <horms+renesas@verge.net.au>
    Cc: Rich Felker <dalias@libc.org>
    Cc: Yoshinori Sato <ysato@users.sourceforge.jp>
    Signed-off-by: Andrew Morton <akpm@linux-foundation.org>
    Signed-off-by: Linus Torvalds <torvalds@linux-foundation.org>

diff --git a/arch/sh/include/cpu-sh4/cpu/cache.h b/arch/sh/include/cpu-sh4/cpu/cache.h
index 92c4cd119b66..72b4d13da127 100644
--- a/arch/sh/include/cpu-sh4/cpu/cache.h
+++ b/arch/sh/include/cpu-sh4/cpu/cache.h
@@ -1,11 +1,8 @@
-/*
+/* SPDX-License-Identifier: GPL-2.0
+ *
  * include/asm-sh/cpu-sh4/cache.h
  *
  * Copyright (C) 1999 Niibe Yutaka
- *
- * This file is subject to the terms and conditions of the GNU General Public
- * License.  See the file "COPYING" in the main directory of this archive
- * for more details.
  */
 #ifndef __ASM_CPU_SH4_CACHE_H
 #define __ASM_CPU_SH4_CACHE_H

commit a5f6ea29f9a918403629f8369ae55fac6b09cb53
Author: Geert Uytterhoeven <geert@linux-m68k.org>
Date:   Mon Mar 3 15:38:33 2014 -0800

    sh: prefix sh-specific "CCR" and "CCR2" by "SH_"
    
    Commit bcf24e1daa94 ("mmc: omap_hsmmc: use the generic config for
    omap2plus devices"), enabled the build for other platforms for compile
    testing.
    
    sh-allmodconfig now fails with:
    
        include/linux/omap-dma.h:171:8: error: expected identifier before numeric constant
        make[4]: *** [drivers/mmc/host/omap_hsmmc.o] Error 1
    
    This happens because SuperH #defines "CCR", which is one of the enum
    values in include/linux/omap-dma.h.  There's a similar issue with "CCR2"
    on sh2a.
    
    As "CCR" and "CCR2" are too generic names for global #defines, prefix
    them with "SH_" to fix this.
    
    Signed-off-by: Geert Uytterhoeven <geert@linux-m68k.org>
    Signed-off-by: Andrew Morton <akpm@linux-foundation.org>
    Signed-off-by: Linus Torvalds <torvalds@linux-foundation.org>

diff --git a/arch/sh/include/cpu-sh4/cpu/cache.h b/arch/sh/include/cpu-sh4/cpu/cache.h
index 7bfb9e8b069c..92c4cd119b66 100644
--- a/arch/sh/include/cpu-sh4/cpu/cache.h
+++ b/arch/sh/include/cpu-sh4/cpu/cache.h
@@ -17,7 +17,7 @@
 #define SH_CACHE_COMBINED	4
 #define SH_CACHE_ASSOC		8
 
-#define CCR		0xff00001c	/* Address of Cache Control Register */
+#define SH_CCR		0xff00001c	/* Address of Cache Control Register */
 #define CCR_CACHE_OCE	0x0001	/* Operand Cache Enable */
 #define CCR_CACHE_WT	0x0002	/* Write-Through (for P0,U0,P3) (else writeback)*/
 #define CCR_CACHE_CB	0x0004	/* Copy-Back (for P1) (else writethrough) */

commit d974ac24b762296eeaebb23e5eff8ed15ce44529
Author: Kuninori Morimoto <morimoto.kuninori@renesas.com>
Date:   Tue Jun 2 02:49:13 2009 +0000

    sh: add RAMCR definition for sh4
    
    Signed-off-by: Kuninori Morimoto <morimoto.kuninori@renesas.com>
    Signed-off-by: Paul Mundt <lethal@linux-sh.org>

diff --git a/arch/sh/include/cpu-sh4/cpu/cache.h b/arch/sh/include/cpu-sh4/cpu/cache.h
index 1c61ebf5c8e3..7bfb9e8b069c 100644
--- a/arch/sh/include/cpu-sh4/cpu/cache.h
+++ b/arch/sh/include/cpu-sh4/cpu/cache.h
@@ -38,5 +38,7 @@
 #define CACHE_IC_ADDRESS_ARRAY	0xf0000000
 #define CACHE_OC_ADDRESS_ARRAY	0xf4000000
 
+#define RAMCR			0xFF000074
+
 #endif /* __ASM_CPU_SH4_CACHE_H */
 

commit f15cbe6f1a4b4d9df59142fc8e4abb973302cf44
Author: Paul Mundt <lethal@linux-sh.org>
Date:   Tue Jul 29 08:09:44 2008 +0900

    sh: migrate to arch/sh/include/
    
    This follows the sparc changes a439fe51a1f8eb087c22dd24d69cebae4a3addac.
    
    Most of the moving about was done with Sam's directions at:
    
    http://marc.info/?l=linux-sh&m=121724823706062&w=2
    
    with subsequent hacking and fixups entirely my fault.
    
    Signed-off-by: Sam Ravnborg <sam@ravnborg.org>
    Signed-off-by: Paul Mundt <lethal@linux-sh.org>

diff --git a/arch/sh/include/cpu-sh4/cpu/cache.h b/arch/sh/include/cpu-sh4/cpu/cache.h
new file mode 100644
index 000000000000..1c61ebf5c8e3
--- /dev/null
+++ b/arch/sh/include/cpu-sh4/cpu/cache.h
@@ -0,0 +1,42 @@
+/*
+ * include/asm-sh/cpu-sh4/cache.h
+ *
+ * Copyright (C) 1999 Niibe Yutaka
+ *
+ * This file is subject to the terms and conditions of the GNU General Public
+ * License.  See the file "COPYING" in the main directory of this archive
+ * for more details.
+ */
+#ifndef __ASM_CPU_SH4_CACHE_H
+#define __ASM_CPU_SH4_CACHE_H
+
+#define L1_CACHE_SHIFT	5
+
+#define SH_CACHE_VALID		1
+#define SH_CACHE_UPDATED	2
+#define SH_CACHE_COMBINED	4
+#define SH_CACHE_ASSOC		8
+
+#define CCR		0xff00001c	/* Address of Cache Control Register */
+#define CCR_CACHE_OCE	0x0001	/* Operand Cache Enable */
+#define CCR_CACHE_WT	0x0002	/* Write-Through (for P0,U0,P3) (else writeback)*/
+#define CCR_CACHE_CB	0x0004	/* Copy-Back (for P1) (else writethrough) */
+#define CCR_CACHE_OCI	0x0008	/* OC Invalidate */
+#define CCR_CACHE_ORA	0x0020	/* OC RAM Mode */
+#define CCR_CACHE_OIX	0x0080	/* OC Index Enable */
+#define CCR_CACHE_ICE	0x0100	/* Instruction Cache Enable */
+#define CCR_CACHE_ICI	0x0800	/* IC Invalidate */
+#define CCR_CACHE_IIX	0x8000	/* IC Index Enable */
+#ifndef CONFIG_CPU_SH4A
+#define CCR_CACHE_EMODE	0x80000000	/* EMODE Enable */
+#endif
+
+/* Default CCR setup: 8k+16k-byte cache,P1-wb,enable */
+#define CCR_CACHE_ENABLE	(CCR_CACHE_OCE|CCR_CACHE_ICE)
+#define CCR_CACHE_INVALIDATE	(CCR_CACHE_OCI|CCR_CACHE_ICI)
+
+#define CACHE_IC_ADDRESS_ARRAY	0xf0000000
+#define CACHE_OC_ADDRESS_ARRAY	0xf4000000
+
+#endif /* __ASM_CPU_SH4_CACHE_H */
+
