commit 7f9ea6b799ef0f3adc7e860937dec633545b5f6f
Author: Nishad Kamdar <nishadkamdar@gmail.com>
Date:   Tue Apr 16 20:54:35 2019 +0530

    nds32: Use the correct style for SPDX License Identifier
    
    This patch corrects the SPDX License Identifier style
    in the nds32 Hardware Architecture related files.
    
    Suggested-by: Joe Perches <joe@perches.com>
    Signed-off-by: Nishad Kamdar <nishadkamdar@gmail.com>
    Acked-by: Greentime Hu <greentime@andestech.com>
    Signed-off-by: Greentime Hu <greentime@andestech.com>

diff --git a/arch/nds32/include/asm/linkage.h b/arch/nds32/include/asm/linkage.h
index e708c8bdb926..a696469abb70 100644
--- a/arch/nds32/include/asm/linkage.h
+++ b/arch/nds32/include/asm/linkage.h
@@ -1,4 +1,4 @@
-// SPDX-License-Identifier: GPL-2.0
+/* SPDX-License-Identifier: GPL-2.0 */
 // Copyright (C) 2005-2017 Andes Technology Corporation
 
 #ifndef __ASM_LINKAGE_H

commit 5c86fa7f7f8568e85a934f064721d355ec7f486c
Author: Greentime Hu <greentime@andestech.com>
Date:   Wed Oct 25 14:58:32 2017 +0800

    nds32: Miscellaneous header files
    
    This patch introduces some miscellaneous header files.
    
    Signed-off-by: Vincent Chen <vincentc@andestech.com>
    Signed-off-by: Greentime Hu <greentime@andestech.com>
    Acked-by: Arnd Bergmann <arnd@arndb.de>

diff --git a/arch/nds32/include/asm/linkage.h b/arch/nds32/include/asm/linkage.h
new file mode 100644
index 000000000000..e708c8bdb926
--- /dev/null
+++ b/arch/nds32/include/asm/linkage.h
@@ -0,0 +1,11 @@
+// SPDX-License-Identifier: GPL-2.0
+// Copyright (C) 2005-2017 Andes Technology Corporation
+
+#ifndef __ASM_LINKAGE_H
+#define __ASM_LINKAGE_H
+
+/* This file is required by include/linux/linkage.h */
+#define __ALIGN .align 2
+#define __ALIGN_STR ".align 2"
+
+#endif
