commit 54f78a7655e20792253fdf6969513c5f9169c897
Author: Alex Deucher <alexander.deucher@amd.com>
Date:   Fri May 15 14:18:29 2020 -0400

    drm/amdgpu: add apu flags (v2)
    
    Add some APU flags to simplify handling of different APU
    variants.  It's easier to understand the special cases
    if we use names flags rather than checking device ids and
    silicon revisions.
    
    v2: rebase on latest code
    
    Acked-by: Evan Quan <evan.quan@amd.com>
    Acked-by: Christian König <christian.koenig@amd.com>
    Signed-off-by: Alex Deucher <alexander.deucher@amd.com>

diff --git a/drivers/gpu/drm/amd/amdgpu/psp_v10_0.c b/drivers/gpu/drm/amd/amdgpu/psp_v10_0.c
index 90727cfb4447..d7f92634eba2 100644
--- a/drivers/gpu/drm/amd/amdgpu/psp_v10_0.c
+++ b/drivers/gpu/drm/amd/amdgpu/psp_v10_0.c
@@ -55,9 +55,9 @@ static int psp_v10_0_init_microcode(struct psp_context *psp)
 
 	switch (adev->asic_type) {
 	case CHIP_RAVEN:
-		if (adev->rev_id >= 0x8)
+		if (adev->apu_flags & AMD_APU_IS_RAVEN2)
 			chip_name = "raven2";
-		else if (adev->pdev->device == 0x15d8)
+		else if (adev->apu_flags & AMD_APU_IS_PICASSO)
 			chip_name = "picasso";
 		else
 			chip_name = "raven";

commit f4503f9eb3a16c8b70274dcb256ac4740242b508
Author: Hawking Zhang <Hawking.Zhang@amd.com>
Date:   Mon Apr 20 17:35:20 2020 +0800

    drm/amdgpu: switch to helper function to init asd ucode
    
    call common helper function to initialize asd ucode
    
    Signed-off-by: Hawking Zhang <Hawking.Zhang@amd.com>
    Reviewed-by: Guchun Chen <guchun.chen@amd.com>
    Reviewed-by: John Clements <john.clements@amd.com>
    Signed-off-by: Alex Deucher <alexander.deucher@amd.com>

diff --git a/drivers/gpu/drm/amd/amdgpu/psp_v10_0.c b/drivers/gpu/drm/amd/amdgpu/psp_v10_0.c
index 6e041b780370..90727cfb4447 100644
--- a/drivers/gpu/drm/amd/amdgpu/psp_v10_0.c
+++ b/drivers/gpu/drm/amd/amdgpu/psp_v10_0.c
@@ -50,7 +50,6 @@ static int psp_v10_0_init_microcode(struct psp_context *psp)
 	const char *chip_name;
 	char fw_name[30];
 	int err = 0;
-	const struct psp_firmware_header_v1_0 *hdr;
 	const struct ta_firmware_header_v1_0 *ta_hdr;
 	DRM_DEBUG("\n");
 
@@ -66,22 +65,10 @@ static int psp_v10_0_init_microcode(struct psp_context *psp)
 	default: BUG();
 	}
 
-	snprintf(fw_name, sizeof(fw_name), "amdgpu/%s_asd.bin", chip_name);
-	err = request_firmware(&adev->psp.asd_fw, fw_name, adev->dev);
+	err = psp_init_asd_microcode(psp, chip_name);
 	if (err)
 		goto out;
 
-	err = amdgpu_ucode_validate(adev->psp.asd_fw);
-	if (err)
-		goto out;
-
-	hdr = (const struct psp_firmware_header_v1_0 *)adev->psp.asd_fw->data;
-	adev->psp.asd_fw_version = le32_to_cpu(hdr->header.ucode_version);
-	adev->psp.asd_feature_version = le32_to_cpu(hdr->ucode_feature_version);
-	adev->psp.asd_ucode_size = le32_to_cpu(hdr->header.ucode_size_bytes);
-	adev->psp.asd_start_addr = (uint8_t *)hdr +
-				le32_to_cpu(hdr->header.ucode_array_offset_bytes);
-
 	snprintf(fw_name, sizeof(fw_name), "amdgpu/%s_ta.bin", chip_name);
 	err = request_firmware(&adev->psp.ta_fw, fw_name, adev->dev);
 	if (err) {
@@ -126,8 +113,6 @@ static int psp_v10_0_init_microcode(struct psp_context *psp)
 		dev_err(adev->dev,
 			"psp v10.0: Failed to load firmware \"%s\"\n",
 			fw_name);
-		release_firmware(adev->psp.asd_fw);
-		adev->psp.asd_fw = NULL;
 	}
 
 	return err;

commit bc9fb7e93c7262ad4f1424245959657971aaaee2
Author: Hawking Zhang <Hawking.Zhang@amd.com>
Date:   Mon Apr 20 16:26:15 2020 +0800

    drm/amdgpu: retire unused check_fw_loading status
    
    The driver can't access UCODE_DATA/ADDR registers on production boards.
    
    Signed-off-by: Hawking Zhang <Hawking.Zhang@amd.com>
    Reviewed-by: Guchun Chen <guchun.chen@amd.com>
    Reviewed-by: John Clements <john.clements@amd.com>
    Signed-off-by: Alex Deucher <alexander.deucher@amd.com>

diff --git a/drivers/gpu/drm/amd/amdgpu/psp_v10_0.c b/drivers/gpu/drm/amd/amdgpu/psp_v10_0.c
index 7539104175e8..6e041b780370 100644
--- a/drivers/gpu/drm/amd/amdgpu/psp_v10_0.c
+++ b/drivers/gpu/drm/amd/amdgpu/psp_v10_0.c
@@ -230,129 +230,6 @@ static int psp_v10_0_ring_destroy(struct psp_context *psp,
 	return ret;
 }
 
-static int
-psp_v10_0_sram_map(struct amdgpu_device *adev,
-		   unsigned int *sram_offset, unsigned int *sram_addr_reg_offset,
-		   unsigned int *sram_data_reg_offset,
-		   enum AMDGPU_UCODE_ID ucode_id)
-{
-	int ret = 0;
-
-	switch(ucode_id) {
-/* TODO: needs to confirm */
-#if 0
-	case AMDGPU_UCODE_ID_SMC:
-		*sram_offset = 0;
-		*sram_addr_reg_offset = 0;
-		*sram_data_reg_offset = 0;
-		break;
-#endif
-
-	case AMDGPU_UCODE_ID_CP_CE:
-		*sram_offset = 0x0;
-		*sram_addr_reg_offset = SOC15_REG_OFFSET(GC, 0, mmCP_CE_UCODE_ADDR);
-		*sram_data_reg_offset = SOC15_REG_OFFSET(GC, 0, mmCP_CE_UCODE_DATA);
-		break;
-
-	case AMDGPU_UCODE_ID_CP_PFP:
-		*sram_offset = 0x0;
-		*sram_addr_reg_offset = SOC15_REG_OFFSET(GC, 0, mmCP_PFP_UCODE_ADDR);
-		*sram_data_reg_offset = SOC15_REG_OFFSET(GC, 0, mmCP_PFP_UCODE_DATA);
-		break;
-
-	case AMDGPU_UCODE_ID_CP_ME:
-		*sram_offset = 0x0;
-		*sram_addr_reg_offset = SOC15_REG_OFFSET(GC, 0, mmCP_HYP_ME_UCODE_ADDR);
-		*sram_data_reg_offset = SOC15_REG_OFFSET(GC, 0, mmCP_HYP_ME_UCODE_DATA);
-		break;
-
-	case AMDGPU_UCODE_ID_CP_MEC1:
-		*sram_offset = 0x10000;
-		*sram_addr_reg_offset = SOC15_REG_OFFSET(GC, 0, mmCP_MEC_ME1_UCODE_ADDR);
-		*sram_data_reg_offset = SOC15_REG_OFFSET(GC, 0, mmCP_MEC_ME1_UCODE_DATA);
-		break;
-
-	case AMDGPU_UCODE_ID_CP_MEC2:
-		*sram_offset = 0x10000;
-		*sram_addr_reg_offset = SOC15_REG_OFFSET(GC, 0, mmCP_HYP_MEC2_UCODE_ADDR);
-		*sram_data_reg_offset = SOC15_REG_OFFSET(GC, 0, mmCP_HYP_MEC2_UCODE_DATA);
-		break;
-
-	case AMDGPU_UCODE_ID_RLC_G:
-		*sram_offset = 0x2000;
-		*sram_addr_reg_offset = SOC15_REG_OFFSET(GC, 0, mmRLC_GPM_UCODE_ADDR);
-		*sram_data_reg_offset = SOC15_REG_OFFSET(GC, 0, mmRLC_GPM_UCODE_DATA);
-		break;
-
-	case AMDGPU_UCODE_ID_SDMA0:
-		*sram_offset = 0x0;
-		*sram_addr_reg_offset = SOC15_REG_OFFSET(SDMA0, 0, mmSDMA0_UCODE_ADDR);
-		*sram_data_reg_offset = SOC15_REG_OFFSET(SDMA0, 0, mmSDMA0_UCODE_DATA);
-		break;
-
-/* TODO: needs to confirm */
-#if 0
-	case AMDGPU_UCODE_ID_SDMA1:
-		*sram_offset = ;
-		*sram_addr_reg_offset = ;
-		break;
-
-	case AMDGPU_UCODE_ID_UVD:
-		*sram_offset = ;
-		*sram_addr_reg_offset = ;
-		break;
-
-	case AMDGPU_UCODE_ID_VCE:
-		*sram_offset = ;
-		*sram_addr_reg_offset = ;
-		break;
-#endif
-
-	case AMDGPU_UCODE_ID_MAXIMUM:
-	default:
-		ret = -EINVAL;
-		break;
-	}
-
-	return ret;
-}
-
-static bool psp_v10_0_compare_sram_data(struct psp_context *psp,
-					struct amdgpu_firmware_info *ucode,
-					enum AMDGPU_UCODE_ID ucode_type)
-{
-	int err = 0;
-	unsigned int fw_sram_reg_val = 0;
-	unsigned int fw_sram_addr_reg_offset = 0;
-	unsigned int fw_sram_data_reg_offset = 0;
-	unsigned int ucode_size;
-	uint32_t *ucode_mem = NULL;
-	struct amdgpu_device *adev = psp->adev;
-
-	err = psp_v10_0_sram_map(adev, &fw_sram_reg_val, &fw_sram_addr_reg_offset,
-				&fw_sram_data_reg_offset, ucode_type);
-	if (err)
-		return false;
-
-	WREG32(fw_sram_addr_reg_offset, fw_sram_reg_val);
-
-	ucode_size = ucode->ucode_size;
-	ucode_mem = (uint32_t *)ucode->kaddr;
-	while (!ucode_size) {
-		fw_sram_reg_val = RREG32(fw_sram_data_reg_offset);
-
-		if (*ucode_mem != fw_sram_reg_val)
-			return false;
-
-		ucode_mem++;
-		/* 4 bytes */
-		ucode_size -= 4;
-	}
-
-	return true;
-}
-
-
 static int psp_v10_0_mode1_reset(struct psp_context *psp)
 {
 	DRM_INFO("psp mode 1 reset not supported now! \n");
@@ -379,7 +256,6 @@ static const struct psp_funcs psp_v10_0_funcs = {
 	.ring_create = psp_v10_0_ring_create,
 	.ring_stop = psp_v10_0_ring_stop,
 	.ring_destroy = psp_v10_0_ring_destroy,
-	.compare_sram_data = psp_v10_0_compare_sram_data,
 	.mode1_reset = psp_v10_0_mode1_reset,
 	.ring_get_wptr = psp_v10_0_ring_get_wptr,
 	.ring_set_wptr = psp_v10_0_ring_set_wptr,

commit 5bdd0b72d6088428da4745b43684f6dfa4ab6062
Author: Hawking Zhang <Hawking.Zhang@amd.com>
Date:   Mon Nov 18 17:39:55 2019 +0800

    drm/amdgpu: switch to common helper func for psp cmd submission
    
    Drop all the IP specific cmd_submit callback function
    and use the common helper instead
    
    Signed-off-by: Hawking Zhang <Hawking.Zhang@amd.com>
    Reviewed-by: John Clements <john.clements@amd.com>
    Reviewed-by: Alex Deucher <alexander.deucher@amd.com>
    Signed-off-by: Alex Deucher <alexander.deucher@amd.com>

diff --git a/drivers/gpu/drm/amd/amdgpu/psp_v10_0.c b/drivers/gpu/drm/amd/amdgpu/psp_v10_0.c
index 4b8fdddc4c46..7539104175e8 100644
--- a/drivers/gpu/drm/amd/amdgpu/psp_v10_0.c
+++ b/drivers/gpu/drm/amd/amdgpu/psp_v10_0.c
@@ -230,54 +230,6 @@ static int psp_v10_0_ring_destroy(struct psp_context *psp,
 	return ret;
 }
 
-static int psp_v10_0_cmd_submit(struct psp_context *psp,
-				uint64_t cmd_buf_mc_addr, uint64_t fence_mc_addr,
-				int index)
-{
-	unsigned int psp_write_ptr_reg = 0;
-	struct psp_gfx_rb_frame * write_frame = psp->km_ring.ring_mem;
-	struct psp_ring *ring = &psp->km_ring;
-	struct psp_gfx_rb_frame *ring_buffer_start = ring->ring_mem;
-	struct psp_gfx_rb_frame *ring_buffer_end = ring_buffer_start +
-		ring->ring_size / sizeof(struct psp_gfx_rb_frame) - 1;
-	struct amdgpu_device *adev = psp->adev;
-	uint32_t ring_size_dw = ring->ring_size / 4;
-	uint32_t rb_frame_size_dw = sizeof(struct psp_gfx_rb_frame) / 4;
-
-	/* KM (GPCOM) prepare write pointer */
-	psp_write_ptr_reg = RREG32_SOC15(MP0, 0, mmMP0_SMN_C2PMSG_67);
-
-	/* Update KM RB frame pointer to new frame */
-	if ((psp_write_ptr_reg % ring_size_dw) == 0)
-		write_frame = ring_buffer_start;
-	else
-		write_frame = ring_buffer_start + (psp_write_ptr_reg / rb_frame_size_dw);
-	/* Check invalid write_frame ptr address */
-	if ((write_frame < ring_buffer_start) || (ring_buffer_end < write_frame)) {
-		DRM_ERROR("ring_buffer_start = %p; ring_buffer_end = %p; write_frame = %p\n",
-			  ring_buffer_start, ring_buffer_end, write_frame);
-		DRM_ERROR("write_frame is pointing to address out of bounds\n");
-		return -EINVAL;
-	}
-
-	/* Initialize KM RB frame */
-	memset(write_frame, 0, sizeof(struct psp_gfx_rb_frame));
-
-	/* Update KM RB frame */
-	write_frame->cmd_buf_addr_hi = upper_32_bits(cmd_buf_mc_addr);
-	write_frame->cmd_buf_addr_lo = lower_32_bits(cmd_buf_mc_addr);
-	write_frame->fence_addr_hi = upper_32_bits(fence_mc_addr);
-	write_frame->fence_addr_lo = lower_32_bits(fence_mc_addr);
-	write_frame->fence_value = index;
-	amdgpu_asic_flush_hdp(adev, NULL);
-
-	/* Update the write Pointer in DWORDs */
-	psp_write_ptr_reg = (psp_write_ptr_reg + rb_frame_size_dw) % ring_size_dw;
-	WREG32_SOC15(MP0, 0, mmMP0_SMN_C2PMSG_67, psp_write_ptr_reg);
-
-	return 0;
-}
-
 static int
 psp_v10_0_sram_map(struct amdgpu_device *adev,
 		   unsigned int *sram_offset, unsigned int *sram_addr_reg_offset,
@@ -427,7 +379,6 @@ static const struct psp_funcs psp_v10_0_funcs = {
 	.ring_create = psp_v10_0_ring_create,
 	.ring_stop = psp_v10_0_ring_stop,
 	.ring_destroy = psp_v10_0_ring_destroy,
-	.cmd_submit = psp_v10_0_cmd_submit,
 	.compare_sram_data = psp_v10_0_compare_sram_data,
 	.mode1_reset = psp_v10_0_mode1_reset,
 	.ring_get_wptr = psp_v10_0_ring_get_wptr,

commit 13a390a6f98abed327ec794a70830f066f3b6507
Author: Hawking Zhang <Hawking.Zhang@amd.com>
Date:   Mon Nov 18 17:13:56 2019 +0800

    drm/amdgpu: add psp funcs for ring write pointer read/write
    
    The ring write pointer regsiter update is the only part that
    is IP specific ones in psp_cmd_submit function.
    
    Add two callbacks for wptr read/write so that we unify the
    psp_cmd_submit function for all the ASICs.
    
    Signed-off-by: Hawking Zhang <Hawking.Zhang@amd.com>
    Reviewed-by: John Clements <john.clements@amd.com>
    Reviewed-by: Alex Deucher <alexander.deucher@amd.com>
    Signed-off-by: Alex Deucher <alexander.deucher@amd.com>

diff --git a/drivers/gpu/drm/amd/amdgpu/psp_v10_0.c b/drivers/gpu/drm/amd/amdgpu/psp_v10_0.c
index b345e69ba246..4b8fdddc4c46 100644
--- a/drivers/gpu/drm/amd/amdgpu/psp_v10_0.c
+++ b/drivers/gpu/drm/amd/amdgpu/psp_v10_0.c
@@ -407,6 +407,20 @@ static int psp_v10_0_mode1_reset(struct psp_context *psp)
 	return -EINVAL;
 }
 
+static uint32_t psp_v10_0_ring_get_wptr(struct psp_context *psp)
+{
+	struct amdgpu_device *adev = psp->adev;
+
+	return RREG32_SOC15(MP0, 0, mmMP0_SMN_C2PMSG_67);
+}
+
+static void psp_v10_0_ring_set_wptr(struct psp_context *psp, uint32_t value)
+{
+	struct amdgpu_device *adev = psp->adev;
+
+	WREG32_SOC15(MP0, 0, mmMP0_SMN_C2PMSG_67, value);
+}
+
 static const struct psp_funcs psp_v10_0_funcs = {
 	.init_microcode = psp_v10_0_init_microcode,
 	.ring_init = psp_v10_0_ring_init,
@@ -416,6 +430,8 @@ static const struct psp_funcs psp_v10_0_funcs = {
 	.cmd_submit = psp_v10_0_cmd_submit,
 	.compare_sram_data = psp_v10_0_compare_sram_data,
 	.mode1_reset = psp_v10_0_mode1_reset,
+	.ring_get_wptr = psp_v10_0_ring_get_wptr,
+	.ring_set_wptr = psp_v10_0_ring_set_wptr,
 };
 
 void psp_v10_0_set_psp_funcs(struct psp_context *psp)

commit 3a8b7d2761350b97545cde600e37861c1473c5da
Author: chen gong <curry.gong@amd.com>
Date:   Mon Oct 14 18:27:11 2019 +0800

    drm/amdgpu/psp: declare PSP TA firmware
    
    Add PSP TA firmware declaration for raven raven2 picasso
    
    Signed-off-by: chen gong <curry.gong@amd.com>
    Reviewed-by: Alex Deucher <alexander.deucher@amd.com>
    Signed-off-by: Alex Deucher <alexander.deucher@amd.com>

diff --git a/drivers/gpu/drm/amd/amdgpu/psp_v10_0.c b/drivers/gpu/drm/amd/amdgpu/psp_v10_0.c
index b96484a72535..b345e69ba246 100644
--- a/drivers/gpu/drm/amd/amdgpu/psp_v10_0.c
+++ b/drivers/gpu/drm/amd/amdgpu/psp_v10_0.c
@@ -40,6 +40,9 @@
 MODULE_FIRMWARE("amdgpu/raven_asd.bin");
 MODULE_FIRMWARE("amdgpu/picasso_asd.bin");
 MODULE_FIRMWARE("amdgpu/raven2_asd.bin");
+MODULE_FIRMWARE("amdgpu/picasso_ta.bin");
+MODULE_FIRMWARE("amdgpu/raven2_ta.bin");
+MODULE_FIRMWARE("amdgpu/raven_ta.bin");
 
 static int psp_v10_0_init_microcode(struct psp_context *psp)
 {

commit e8186eeccb84eb41a87c9e6ffad2c9e61f3e3636
Author: Alex Deucher <alexander.deucher@amd.com>
Date:   Tue Sep 17 15:12:18 2019 -0500

    drm/amdgpu/psp: flush HDP write fifo after submitting cmds to the psp
    
    We need to make sure the fifo is flushed before we ask the psp to
    process the commands.
    
    Reviewed-by: Feifei Xu <Feifei.Xu@amd.com>
    Signed-off-by: Alex Deucher <alexander.deucher@amd.com>

diff --git a/drivers/gpu/drm/amd/amdgpu/psp_v10_0.c b/drivers/gpu/drm/amd/amdgpu/psp_v10_0.c
index 6ee33f368e21..b96484a72535 100644
--- a/drivers/gpu/drm/amd/amdgpu/psp_v10_0.c
+++ b/drivers/gpu/drm/amd/amdgpu/psp_v10_0.c
@@ -266,6 +266,7 @@ static int psp_v10_0_cmd_submit(struct psp_context *psp,
 	write_frame->fence_addr_hi = upper_32_bits(fence_mc_addr);
 	write_frame->fence_addr_lo = lower_32_bits(fence_mc_addr);
 	write_frame->fence_value = index;
+	amdgpu_asic_flush_hdp(adev, NULL);
 
 	/* Update the write Pointer in DWORDs */
 	psp_write_ptr_reg = (psp_write_ptr_reg + rb_frame_size_dw) % ring_size_dw;

commit 143f23053333c266ca89642e3ce7df83023b4793
Author: Bhawanpreet Lakha <Bhawanpreet.Lakha@amd.com>
Date:   Wed Jun 19 14:40:58 2019 -0400

    drm/amdgpu: psp DTM init
    
    DTM is the display topology manager. This is needed to communicate with
    psp about the display configurations.
    
    This patch adds
        -Loading the firmware
        -The functions and definitions for communication with the firmware
    
    v2: Fix formatting
    
    Signed-off-by: Bhawanpreet Lakha <Bhawanpreet.Lakha@amd.com>
    Reviewed-by: Harry Wentland <harry.wentland@amd.com>
    Signed-off-by: Alex Deucher <alexander.deucher@amd.com>

diff --git a/drivers/gpu/drm/amd/amdgpu/psp_v10_0.c b/drivers/gpu/drm/amd/amdgpu/psp_v10_0.c
index 85db478fb600..6ee33f368e21 100644
--- a/drivers/gpu/drm/amd/amdgpu/psp_v10_0.c
+++ b/drivers/gpu/drm/amd/amdgpu/psp_v10_0.c
@@ -102,8 +102,15 @@ static int psp_v10_0_init_microcode(struct psp_context *psp)
 			(uint8_t *)ta_hdr +
 			le32_to_cpu(ta_hdr->header.ucode_array_offset_bytes);
 
-		adev->psp.ta_fw_version =
-			le32_to_cpu(ta_hdr->header.ucode_version);
+		adev->psp.ta_fw_version = le32_to_cpu(ta_hdr->header.ucode_version);
+
+		adev->psp.ta_dtm_ucode_version =
+			le32_to_cpu(ta_hdr->ta_dtm_ucode_version);
+		adev->psp.ta_dtm_ucode_size =
+			le32_to_cpu(ta_hdr->ta_dtm_size_bytes);
+		adev->psp.ta_dtm_start_addr =
+			(uint8_t *)adev->psp.ta_hdcp_start_addr +
+			le32_to_cpu(ta_hdr->ta_dtm_offset_bytes);
 	}
 
 	return 0;

commit ed19a9a2bb1ab2d107987ae6d1e59318b188c4ba
Author: Bhawanpreet Lakha <Bhawanpreet.Lakha@amd.com>
Date:   Wed Jun 19 14:37:29 2019 -0400

    drm/amdgpu: psp HDCP init
    
    This patch adds
    -Loading the firmware
    -The functions and definitions for communication with the firmware
    
    v2: Fix formatting
    
    Signed-off-by: Bhawanpreet Lakha <Bhawanpreet.Lakha@amd.com>
    Reviewed-by: Harry Wentland <harry.wentland@amd.com>
    Signed-off-by: Alex Deucher <alexander.deucher@amd.com>

diff --git a/drivers/gpu/drm/amd/amdgpu/psp_v10_0.c b/drivers/gpu/drm/amd/amdgpu/psp_v10_0.c
index 5d95e614369a..85db478fb600 100644
--- a/drivers/gpu/drm/amd/amdgpu/psp_v10_0.c
+++ b/drivers/gpu/drm/amd/amdgpu/psp_v10_0.c
@@ -48,7 +48,7 @@ static int psp_v10_0_init_microcode(struct psp_context *psp)
 	char fw_name[30];
 	int err = 0;
 	const struct psp_firmware_header_v1_0 *hdr;
-
+	const struct ta_firmware_header_v1_0 *ta_hdr;
 	DRM_DEBUG("\n");
 
 	switch (adev->asic_type) {
@@ -79,7 +79,38 @@ static int psp_v10_0_init_microcode(struct psp_context *psp)
 	adev->psp.asd_start_addr = (uint8_t *)hdr +
 				le32_to_cpu(hdr->header.ucode_array_offset_bytes);
 
+	snprintf(fw_name, sizeof(fw_name), "amdgpu/%s_ta.bin", chip_name);
+	err = request_firmware(&adev->psp.ta_fw, fw_name, adev->dev);
+	if (err) {
+		release_firmware(adev->psp.ta_fw);
+		adev->psp.ta_fw = NULL;
+		dev_info(adev->dev,
+			 "psp v10.0: Failed to load firmware \"%s\"\n",
+			 fw_name);
+	} else {
+		err = amdgpu_ucode_validate(adev->psp.ta_fw);
+		if (err)
+			goto out2;
+
+		ta_hdr = (const struct ta_firmware_header_v1_0 *)
+				 adev->psp.ta_fw->data;
+		adev->psp.ta_hdcp_ucode_version =
+			le32_to_cpu(ta_hdr->ta_hdcp_ucode_version);
+		adev->psp.ta_hdcp_ucode_size =
+			le32_to_cpu(ta_hdr->ta_hdcp_size_bytes);
+		adev->psp.ta_hdcp_start_addr =
+			(uint8_t *)ta_hdr +
+			le32_to_cpu(ta_hdr->header.ucode_array_offset_bytes);
+
+		adev->psp.ta_fw_version =
+			le32_to_cpu(ta_hdr->header.ucode_version);
+	}
+
 	return 0;
+
+out2:
+	release_firmware(adev->psp.ta_fw);
+	adev->psp.ta_fw = NULL;
 out:
 	if (err) {
 		dev_err(adev->dev,

commit 50e275e88044c8dfb952606a01b284dfe3ad36ab
Author: Xiaojie Yuan <xiaojie.yuan@amd.com>
Date:   Fri Aug 16 18:00:54 2019 +0800

    drm/amdgpu: remove redundant argument for psp_funcs::cmd_submit callback
    
    Signed-off-by: Xiaojie Yuan <xiaojie.yuan@amd.com>
    Reviewed-by: Evan Quan <evan.quan@amd.com>
    Signed-off-by: Alex Deucher <alexander.deucher@amd.com>

diff --git a/drivers/gpu/drm/amd/amdgpu/psp_v10_0.c b/drivers/gpu/drm/amd/amdgpu/psp_v10_0.c
index ce1ea31feee0..5d95e614369a 100644
--- a/drivers/gpu/drm/amd/amdgpu/psp_v10_0.c
+++ b/drivers/gpu/drm/amd/amdgpu/psp_v10_0.c
@@ -190,7 +190,6 @@ static int psp_v10_0_ring_destroy(struct psp_context *psp,
 }
 
 static int psp_v10_0_cmd_submit(struct psp_context *psp,
-				struct amdgpu_firmware_info *ucode,
 				uint64_t cmd_buf_mc_addr, uint64_t fence_mc_addr,
 				int index)
 {

commit f867723b41f871c88388462c007976bb9a4c72da
Author: Sam Ravnborg <sam@ravnborg.org>
Date:   Mon Jun 10 00:07:51 2019 +0200

    drm/amd: drop use of drmP.h in amdgpu.h
    
    Delete the unused drmP.h from amdgpu.h.
    Fix fallout in various files.
    
    Signed-off-by: Sam Ravnborg <sam@ravnborg.org>
    Reviewed-by: Alex Deucher <alexander.deucher@amd.com>
    Cc: "Christian König" <christian.koenig@amd.com>
    Cc: "David (ChunMing) Zhou" <David1.Zhou@amd.com>
    Cc: David Airlie <airlied@linux.ie>
    Cc: Daniel Vetter <daniel@ffwll.ch>
    Link: https://patchwork.freedesktop.org/patch/msgid/20190609220757.10862-5-sam@ravnborg.org

diff --git a/drivers/gpu/drm/amd/amdgpu/psp_v10_0.c b/drivers/gpu/drm/amd/amdgpu/psp_v10_0.c
index 77c2bc344dfc..ce1ea31feee0 100644
--- a/drivers/gpu/drm/amd/amdgpu/psp_v10_0.c
+++ b/drivers/gpu/drm/amd/amdgpu/psp_v10_0.c
@@ -24,6 +24,9 @@
  */
 
 #include <linux/firmware.h>
+#include <linux/module.h>
+#include <linux/pci.h>
+
 #include "amdgpu.h"
 #include "amdgpu_psp.h"
 #include "amdgpu_ucode.h"

commit be4630d96258781d72201af525a34c2509a6f3a0
Author: Hawking Zhang <Hawking.Zhang@amd.com>
Date:   Thu Jan 3 21:38:41 2019 +0800

    drm/amdgpu/psp: make get_fw_type and prep_cmd_buf to be common interfaces
    
    get_fw_type and prep_cmd_buf should be common interface
    instead of IP specific ones
    
    Signed-off-by: Hawking Zhang <Hawking.Zhang@amd.com>
    Reviewed-by: Alex Deucher <alexander.deucher@amd.com>
    Signed-off-by: Alex Deucher <alexander.deucher@amd.com>

diff --git a/drivers/gpu/drm/amd/amdgpu/psp_v10_0.c b/drivers/gpu/drm/amd/amdgpu/psp_v10_0.c
index f2e937a9bf81..77c2bc344dfc 100644
--- a/drivers/gpu/drm/amd/amdgpu/psp_v10_0.c
+++ b/drivers/gpu/drm/amd/amdgpu/psp_v10_0.c
@@ -38,75 +38,6 @@ MODULE_FIRMWARE("amdgpu/raven_asd.bin");
 MODULE_FIRMWARE("amdgpu/picasso_asd.bin");
 MODULE_FIRMWARE("amdgpu/raven2_asd.bin");
 
-static int
-psp_v10_0_get_fw_type(struct amdgpu_firmware_info *ucode, enum psp_gfx_fw_type *type)
-{
-	switch(ucode->ucode_id) {
-	case AMDGPU_UCODE_ID_SDMA0:
-		*type = GFX_FW_TYPE_SDMA0;
-		break;
-	case AMDGPU_UCODE_ID_SDMA1:
-		*type = GFX_FW_TYPE_SDMA1;
-		break;
-	case AMDGPU_UCODE_ID_CP_CE:
-		*type = GFX_FW_TYPE_CP_CE;
-		break;
-	case AMDGPU_UCODE_ID_CP_PFP:
-		*type = GFX_FW_TYPE_CP_PFP;
-		break;
-	case AMDGPU_UCODE_ID_CP_ME:
-		*type = GFX_FW_TYPE_CP_ME;
-		break;
-	case AMDGPU_UCODE_ID_CP_MEC1:
-		*type = GFX_FW_TYPE_CP_MEC;
-		break;
-	case AMDGPU_UCODE_ID_CP_MEC1_JT:
-		*type = GFX_FW_TYPE_CP_MEC_ME1;
-		break;
-	case AMDGPU_UCODE_ID_CP_MEC2:
-		*type = GFX_FW_TYPE_CP_MEC;
-		break;
-	case AMDGPU_UCODE_ID_CP_MEC2_JT:
-		*type = GFX_FW_TYPE_CP_MEC_ME2;
-		break;
-	case AMDGPU_UCODE_ID_RLC_G:
-		*type = GFX_FW_TYPE_RLC_G;
-		break;
-	case AMDGPU_UCODE_ID_RLC_RESTORE_LIST_CNTL:
-		*type = GFX_FW_TYPE_RLC_RESTORE_LIST_SRM_CNTL;
-		break;
-	case AMDGPU_UCODE_ID_RLC_RESTORE_LIST_GPM_MEM:
-		*type = GFX_FW_TYPE_RLC_RESTORE_LIST_GPM_MEM;
-		break;
-	case AMDGPU_UCODE_ID_RLC_RESTORE_LIST_SRM_MEM:
-		*type = GFX_FW_TYPE_RLC_RESTORE_LIST_SRM_MEM;
-		break;
-	case AMDGPU_UCODE_ID_SMC:
-		*type = GFX_FW_TYPE_SMU;
-		break;
-	case AMDGPU_UCODE_ID_UVD:
-		*type = GFX_FW_TYPE_UVD;
-		break;
-	case AMDGPU_UCODE_ID_VCE:
-		*type = GFX_FW_TYPE_VCE;
-		break;
-	case AMDGPU_UCODE_ID_VCN:
-		*type = GFX_FW_TYPE_VCN;
-		break;
-	case AMDGPU_UCODE_ID_DMCU_ERAM:
-		*type = GFX_FW_TYPE_DMCU_ERAM;
-		break;
-	case AMDGPU_UCODE_ID_DMCU_INTV:
-		*type = GFX_FW_TYPE_DMCU_ISR;
-		break;
-	case AMDGPU_UCODE_ID_MAXIMUM:
-	default:
-		return -EINVAL;
-	}
-
-	return 0;
-}
-
 static int psp_v10_0_init_microcode(struct psp_context *psp)
 {
 	struct amdgpu_device *adev = psp->adev;
@@ -158,26 +89,6 @@ static int psp_v10_0_init_microcode(struct psp_context *psp)
 	return err;
 }
 
-static int psp_v10_0_prep_cmd_buf(struct amdgpu_firmware_info *ucode,
-				  struct psp_gfx_cmd_resp *cmd)
-{
-	int ret;
-	uint64_t fw_mem_mc_addr = ucode->mc_addr;
-
-	memset(cmd, 0, sizeof(struct psp_gfx_cmd_resp));
-
-	cmd->cmd_id = GFX_CMD_ID_LOAD_IP_FW;
-	cmd->cmd.cmd_load_ip_fw.fw_phy_addr_lo = lower_32_bits(fw_mem_mc_addr);
-	cmd->cmd.cmd_load_ip_fw.fw_phy_addr_hi = upper_32_bits(fw_mem_mc_addr);
-	cmd->cmd.cmd_load_ip_fw.fw_size = ucode->ucode_size;
-
-	ret = psp_v10_0_get_fw_type(ucode, &cmd->cmd.cmd_load_ip_fw.fw_type);
-	if (ret)
-		DRM_ERROR("Unknown firmware type\n");
-
-	return ret;
-}
-
 static int psp_v10_0_ring_init(struct psp_context *psp,
 			       enum psp_ring_type ring_type)
 {
@@ -454,7 +365,6 @@ static int psp_v10_0_mode1_reset(struct psp_context *psp)
 
 static const struct psp_funcs psp_v10_0_funcs = {
 	.init_microcode = psp_v10_0_init_microcode,
-	.prep_cmd_buf = psp_v10_0_prep_cmd_buf,
 	.ring_init = psp_v10_0_ring_init,
 	.ring_create = psp_v10_0_ring_create,
 	.ring_stop = psp_v10_0_ring_stop,

commit 0db2a8cd6259deffc46208278958d4c2afec608d
Author: Hawking Zhang <Hawking.Zhang@amd.com>
Date:   Wed Jan 2 19:16:06 2019 +0800

    drm/amdgpu/psp: update the naming of GFX_FW_TYPE_RLC_RESTORE_LIST_CNTL
    
    GFX_FW_TYPE_RLC_RESTORE_LIST_CNTL was renamed to GFX_FW_TYPE_RLC_RESTORE_LIST_SRM_CNTL
    in latest psp_gfx_if drop
    
    Signed-off-by: Hawking Zhang <Hawking.Zhang@amd.com>
    Reviewed-by: Alex Deucher <alexander.deucher@amd.com>
    Signed-off-by: Alex Deucher <alexander.deucher@amd.com>

diff --git a/drivers/gpu/drm/amd/amdgpu/psp_v10_0.c b/drivers/gpu/drm/amd/amdgpu/psp_v10_0.c
index d78b4306a36f..f2e937a9bf81 100644
--- a/drivers/gpu/drm/amd/amdgpu/psp_v10_0.c
+++ b/drivers/gpu/drm/amd/amdgpu/psp_v10_0.c
@@ -73,7 +73,7 @@ psp_v10_0_get_fw_type(struct amdgpu_firmware_info *ucode, enum psp_gfx_fw_type *
 		*type = GFX_FW_TYPE_RLC_G;
 		break;
 	case AMDGPU_UCODE_ID_RLC_RESTORE_LIST_CNTL:
-		*type = GFX_FW_TYPE_RLC_RESTORE_LIST_CNTL;
+		*type = GFX_FW_TYPE_RLC_RESTORE_LIST_SRM_CNTL;
 		break;
 	case AMDGPU_UCODE_ID_RLC_RESTORE_LIST_GPM_MEM:
 		*type = GFX_FW_TYPE_RLC_RESTORE_LIST_GPM_MEM;

commit 900cc36338188773230c3c7fa099619bf532517b
Author: YueHaibing <yuehaibing@huawei.com>
Date:   Thu Nov 15 20:00:35 2018 +0800

    drm/amdgpu: remove set but not used variable 'ring'
    
    Fixes gcc '-Wunused-but-set-variable' warning:
    
    drivers/gpu/drm/amd/amdgpu/psp_v10_0.c: In function 'psp_v10_0_ring_stop':
    drivers/gpu/drm/amd/amdgpu/psp_v10_0.c:230:19: warning:
     variable 'ring' set but not used [-Wunused-but-set-variable]
    
    drivers/gpu/drm/amd/amdgpu/psp_v3_1.c: In function 'psp_v3_1_ring_stop':
    drivers/gpu/drm/amd/amdgpu/psp_v3_1.c:359:19: warning:
     variable ‘ring’ set but not used [-Wunused-but-set-variable]
    
    It not used since commit
    4ef72453311a ("drm/amdgpu: added api for stopping psp ring (v2)")
    
    Signed-off-by: YueHaibing <yuehaibing@huawei.com>
    Reviewed-by: Huang Rui <ray.huang@amd.com>
    Acked-by: Christian König <christian.koenig@amd.com>
    Signed-off-by: Alex Deucher <alexander.deucher@amd.com>

diff --git a/drivers/gpu/drm/amd/amdgpu/psp_v10_0.c b/drivers/gpu/drm/amd/amdgpu/psp_v10_0.c
index 295c2205485a..d78b4306a36f 100644
--- a/drivers/gpu/drm/amd/amdgpu/psp_v10_0.c
+++ b/drivers/gpu/drm/amd/amdgpu/psp_v10_0.c
@@ -240,12 +240,9 @@ static int psp_v10_0_ring_stop(struct psp_context *psp,
 			       enum psp_ring_type ring_type)
 {
 	int ret = 0;
-	struct psp_ring *ring;
 	unsigned int psp_ring_reg = 0;
 	struct amdgpu_device *adev = psp->adev;
 
-	ring = &psp->km_ring;
-
 	/* Write the ring destroy command to C2PMSG_64 */
 	psp_ring_reg = 3 << 16;
 	WREG32_SOC15(MP0, 0, mmMP0_SMN_C2PMSG_64, psp_ring_reg);

commit 741deade2a704a434bd5939118c43d38e9ddac25
Author: Alex Deucher <alexander.deucher@amd.com>
Date:   Thu Sep 13 15:41:57 2018 -0500

    drm/amdgpu: simplify Raven, Raven2, and Picasso handling
    
    Treat them all as Raven rather than adding a new picasso
    asic type.  This simplifies a lot of code and also handles the
    case of rv2 chips with the 0x15d8 pci id.  It also fixes dmcu
    fw handling for picasso.
    
    Acked-by: Huang Rui <ray.huang@amd.com>
    Signed-off-by: Alex Deucher <alexander.deucher@amd.com>

diff --git a/drivers/gpu/drm/amd/amdgpu/psp_v10_0.c b/drivers/gpu/drm/amd/amdgpu/psp_v10_0.c
index 2cfd1bb559dd..295c2205485a 100644
--- a/drivers/gpu/drm/amd/amdgpu/psp_v10_0.c
+++ b/drivers/gpu/drm/amd/amdgpu/psp_v10_0.c
@@ -121,12 +121,11 @@ static int psp_v10_0_init_microcode(struct psp_context *psp)
 	case CHIP_RAVEN:
 		if (adev->rev_id >= 0x8)
 			chip_name = "raven2";
+		else if (adev->pdev->device == 0x15d8)
+			chip_name = "picasso";
 		else
 			chip_name = "raven";
 		break;
-	case CHIP_PICASSO:
-		chip_name = "picasso";
-		break;
 	default: BUG();
 	}
 

commit e11fa1b68a494687cce353d5bddc12e859a9c74e
Author: Likun Gao <Likun.Gao@amd.com>
Date:   Tue Jun 5 14:05:45 2018 +0800

    drm/amdgpu: add psp support for raven2
    
    Modified for using raven2_asd.bin to replace raven_asd.bin for raven2
    
    Signed-off-by: Likun Gao <Likun.Gao@amd.com>
    Reviewed-by: Huang Rui <ray.huang@amd.com>
    Signed-off-by: Alex Deucher <alexander.deucher@amd.com>

diff --git a/drivers/gpu/drm/amd/amdgpu/psp_v10_0.c b/drivers/gpu/drm/amd/amdgpu/psp_v10_0.c
index eae3bf8b8463..2cfd1bb559dd 100644
--- a/drivers/gpu/drm/amd/amdgpu/psp_v10_0.c
+++ b/drivers/gpu/drm/amd/amdgpu/psp_v10_0.c
@@ -36,6 +36,7 @@
 
 MODULE_FIRMWARE("amdgpu/raven_asd.bin");
 MODULE_FIRMWARE("amdgpu/picasso_asd.bin");
+MODULE_FIRMWARE("amdgpu/raven2_asd.bin");
 
 static int
 psp_v10_0_get_fw_type(struct amdgpu_firmware_info *ucode, enum psp_gfx_fw_type *type)
@@ -118,7 +119,10 @@ static int psp_v10_0_init_microcode(struct psp_context *psp)
 
 	switch (adev->asic_type) {
 	case CHIP_RAVEN:
-		chip_name = "raven";
+		if (adev->rev_id >= 0x8)
+			chip_name = "raven2";
+		else
+			chip_name = "raven";
 		break;
 	case CHIP_PICASSO:
 		chip_name = "picasso";

commit 227f3dc5f615eb31e007f5db4da7297c66a36e24
Author: Likun Gao <Likun.Gao@amd.com>
Date:   Tue Jul 10 20:12:38 2018 +0800

    drm/amdgpu: initilize picasso psp firmwares support
    
    Same as raven for now.
    
    Signed-off-by: Likun Gao <Likun.Gao@amd.com>
    Reviewed-by: Alex Deucher <alexander.deucher@amd.com>
    Reviewed-by: Huang Rui <ray.huang@amd.com>
    Signed-off-by: Alex Deucher <alexander.deucher@amd.com>

diff --git a/drivers/gpu/drm/amd/amdgpu/psp_v10_0.c b/drivers/gpu/drm/amd/amdgpu/psp_v10_0.c
index 240dc8c85867..eae3bf8b8463 100644
--- a/drivers/gpu/drm/amd/amdgpu/psp_v10_0.c
+++ b/drivers/gpu/drm/amd/amdgpu/psp_v10_0.c
@@ -35,6 +35,7 @@
 #include "sdma0/sdma0_4_1_offset.h"
 
 MODULE_FIRMWARE("amdgpu/raven_asd.bin");
+MODULE_FIRMWARE("amdgpu/picasso_asd.bin");
 
 static int
 psp_v10_0_get_fw_type(struct amdgpu_firmware_info *ucode, enum psp_gfx_fw_type *type)
@@ -119,6 +120,9 @@ static int psp_v10_0_init_microcode(struct psp_context *psp)
 	case CHIP_RAVEN:
 		chip_name = "raven";
 		break;
+	case CHIP_PICASSO:
+		chip_name = "picasso";
+		break;
 	default: BUG();
 	}
 

commit 6b7eab2ce60d2363b0e4bfea6667439b926bcf54
Author: David Francis <David.Francis@amd.com>
Date:   Tue Sep 11 13:46:41 2018 -0400

    drm/amd: Add PSP DMCU support
    
    DMCU (Display Microcontroller Unit) is a GPU chip involved in
    eDP features like Adaptive Backlight Modulation and Panel Self
    Refresh.
    
    PSP is already equipped to handle DMCU firmware loading, all
    that is needed is to translate between the new DMCU ucode ID and
    the equivalent psp_gfx_fw_type.
    
    Signed-off-by: David Francis <David.Francis@amd.com>
    Reviewed-by: Alex Deucher <alexander.deucher@amd.com>
    Signed-off-by: Alex Deucher <alexander.deucher@amd.com>

diff --git a/drivers/gpu/drm/amd/amdgpu/psp_v10_0.c b/drivers/gpu/drm/amd/amdgpu/psp_v10_0.c
index 02be34e72ed9..240dc8c85867 100644
--- a/drivers/gpu/drm/amd/amdgpu/psp_v10_0.c
+++ b/drivers/gpu/drm/amd/amdgpu/psp_v10_0.c
@@ -91,6 +91,12 @@ psp_v10_0_get_fw_type(struct amdgpu_firmware_info *ucode, enum psp_gfx_fw_type *
 	case AMDGPU_UCODE_ID_VCN:
 		*type = GFX_FW_TYPE_VCN;
 		break;
+	case AMDGPU_UCODE_ID_DMCU_ERAM:
+		*type = GFX_FW_TYPE_DMCU_ERAM;
+		break;
+	case AMDGPU_UCODE_ID_DMCU_INTV:
+		*type = GFX_FW_TYPE_DMCU_ISR;
+		break;
 	case AMDGPU_UCODE_ID_MAXIMUM:
 	default:
 		return -EINVAL;

commit 235ac9de625a0a586093ad81b3de6f7d7ab913ed
Author: Likun Gao <Likun.Gao@amd.com>
Date:   Fri Aug 10 00:31:41 2018 +0800

    drm/amdgpu:add VCN support in PSP driver
    
    Add VCN support in PSP driver
    
    Signed-off-by: James Zhu <James.Zhu@amd.com>
    Reviewed-by: Alex Deucher <alexander.deucher@amd.com>
    Acked-by: Huang Rui <ray.huang@amd.com>
    Reviewed-by: Likun Gao <Likun.Gao@amd.com>
    Signed-off-by: Likun Gao <Likun.Gao@amd.com>
    Signed-off-by: Alex Deucher <alexander.deucher@amd.com>
    Cc: stable@vger.kernel.org

diff --git a/drivers/gpu/drm/amd/amdgpu/psp_v10_0.c b/drivers/gpu/drm/amd/amdgpu/psp_v10_0.c
index 0ff136d02d9b..02be34e72ed9 100644
--- a/drivers/gpu/drm/amd/amdgpu/psp_v10_0.c
+++ b/drivers/gpu/drm/amd/amdgpu/psp_v10_0.c
@@ -88,6 +88,9 @@ psp_v10_0_get_fw_type(struct amdgpu_firmware_info *ucode, enum psp_gfx_fw_type *
 	case AMDGPU_UCODE_ID_VCE:
 		*type = GFX_FW_TYPE_VCE;
 		break;
+	case AMDGPU_UCODE_ID_VCN:
+		*type = GFX_FW_TYPE_VCN;
+		break;
 	case AMDGPU_UCODE_ID_MAXIMUM:
 	default:
 		return -EINVAL;

commit 621a6318adea69b08a3652c64bc7cc0cb4dacfb4
Author: Huang Rui <ray.huang@amd.com>
Date:   Mon Jan 22 20:48:14 2018 +0800

    drm/amdgpu: add save restore list cntl gpm and srm firmware support
    
    RLC save/restore list cntl/gpm_mem/srm_mem ucodes are used for CGPG and gfxoff
    function.
    
    Signed-off-by: Huang Rui <ray.huang@amd.com>
    Acked-by: Alex Deucher <alexander.deucher@amd.com>
    Acked-by: Christian König <christian.koenig@amd.com>
    Signed-off-by: Alex Deucher <alexander.deucher@amd.com>

diff --git a/drivers/gpu/drm/amd/amdgpu/psp_v10_0.c b/drivers/gpu/drm/amd/amdgpu/psp_v10_0.c
index 8873d833a7f7..0ff136d02d9b 100644
--- a/drivers/gpu/drm/amd/amdgpu/psp_v10_0.c
+++ b/drivers/gpu/drm/amd/amdgpu/psp_v10_0.c
@@ -70,6 +70,15 @@ psp_v10_0_get_fw_type(struct amdgpu_firmware_info *ucode, enum psp_gfx_fw_type *
 	case AMDGPU_UCODE_ID_RLC_G:
 		*type = GFX_FW_TYPE_RLC_G;
 		break;
+	case AMDGPU_UCODE_ID_RLC_RESTORE_LIST_CNTL:
+		*type = GFX_FW_TYPE_RLC_RESTORE_LIST_CNTL;
+		break;
+	case AMDGPU_UCODE_ID_RLC_RESTORE_LIST_GPM_MEM:
+		*type = GFX_FW_TYPE_RLC_RESTORE_LIST_GPM_MEM;
+		break;
+	case AMDGPU_UCODE_ID_RLC_RESTORE_LIST_SRM_MEM:
+		*type = GFX_FW_TYPE_RLC_RESTORE_LIST_SRM_MEM;
+		break;
 	case AMDGPU_UCODE_ID_SMC:
 		*type = GFX_FW_TYPE_SMU;
 		break;

commit e7f9ccb43729a2abdd90a67c605ccea7ba82d01f
Author: Alex Deucher <alexander.deucher@amd.com>
Date:   Tue Jan 23 16:17:24 2018 -0500

    drm/amdgpu/psp: use a function pointer structure
    
    This way we can make all of the IP specific functions static,
    and we only need a single entry point into the PSP IP modules.
    
    Reviewed-by: Christian König <christian.koenig@amd.com>
    Signed-off-by: Alex Deucher <alexander.deucher@amd.com>

diff --git a/drivers/gpu/drm/amd/amdgpu/psp_v10_0.c b/drivers/gpu/drm/amd/amdgpu/psp_v10_0.c
index 5a9fe24697f9..8873d833a7f7 100644
--- a/drivers/gpu/drm/amd/amdgpu/psp_v10_0.c
+++ b/drivers/gpu/drm/amd/amdgpu/psp_v10_0.c
@@ -87,7 +87,7 @@ psp_v10_0_get_fw_type(struct amdgpu_firmware_info *ucode, enum psp_gfx_fw_type *
 	return 0;
 }
 
-int psp_v10_0_init_microcode(struct psp_context *psp)
+static int psp_v10_0_init_microcode(struct psp_context *psp)
 {
 	struct amdgpu_device *adev = psp->adev;
 	const char *chip_name;
@@ -133,7 +133,8 @@ int psp_v10_0_init_microcode(struct psp_context *psp)
 	return err;
 }
 
-int psp_v10_0_prep_cmd_buf(struct amdgpu_firmware_info *ucode, struct psp_gfx_cmd_resp *cmd)
+static int psp_v10_0_prep_cmd_buf(struct amdgpu_firmware_info *ucode,
+				  struct psp_gfx_cmd_resp *cmd)
 {
 	int ret;
 	uint64_t fw_mem_mc_addr = ucode->mc_addr;
@@ -152,7 +153,8 @@ int psp_v10_0_prep_cmd_buf(struct amdgpu_firmware_info *ucode, struct psp_gfx_cm
 	return ret;
 }
 
-int psp_v10_0_ring_init(struct psp_context *psp, enum psp_ring_type ring_type)
+static int psp_v10_0_ring_init(struct psp_context *psp,
+			       enum psp_ring_type ring_type)
 {
 	int ret = 0;
 	struct psp_ring *ring;
@@ -177,7 +179,8 @@ int psp_v10_0_ring_init(struct psp_context *psp, enum psp_ring_type ring_type)
 	return 0;
 }
 
-int psp_v10_0_ring_create(struct psp_context *psp, enum psp_ring_type ring_type)
+static int psp_v10_0_ring_create(struct psp_context *psp,
+				 enum psp_ring_type ring_type)
 {
 	int ret = 0;
 	unsigned int psp_ring_reg = 0;
@@ -208,7 +211,8 @@ int psp_v10_0_ring_create(struct psp_context *psp, enum psp_ring_type ring_type)
 	return ret;
 }
 
-int psp_v10_0_ring_stop(struct psp_context *psp, enum psp_ring_type ring_type)
+static int psp_v10_0_ring_stop(struct psp_context *psp,
+			       enum psp_ring_type ring_type)
 {
 	int ret = 0;
 	struct psp_ring *ring;
@@ -231,7 +235,8 @@ int psp_v10_0_ring_stop(struct psp_context *psp, enum psp_ring_type ring_type)
 	return ret;
 }
 
-int psp_v10_0_ring_destroy(struct psp_context *psp, enum psp_ring_type ring_type)
+static int psp_v10_0_ring_destroy(struct psp_context *psp,
+				  enum psp_ring_type ring_type)
 {
 	int ret = 0;
 	struct psp_ring *ring = &psp->km_ring;
@@ -248,10 +253,10 @@ int psp_v10_0_ring_destroy(struct psp_context *psp, enum psp_ring_type ring_type
 	return ret;
 }
 
-int psp_v10_0_cmd_submit(struct psp_context *psp,
-		        struct amdgpu_firmware_info *ucode,
-		        uint64_t cmd_buf_mc_addr, uint64_t fence_mc_addr,
-		        int index)
+static int psp_v10_0_cmd_submit(struct psp_context *psp,
+				struct amdgpu_firmware_info *ucode,
+				uint64_t cmd_buf_mc_addr, uint64_t fence_mc_addr,
+				int index)
 {
 	unsigned int psp_write_ptr_reg = 0;
 	struct psp_gfx_rb_frame * write_frame = psp->km_ring.ring_mem;
@@ -298,9 +303,9 @@ int psp_v10_0_cmd_submit(struct psp_context *psp,
 
 static int
 psp_v10_0_sram_map(struct amdgpu_device *adev,
-		unsigned int *sram_offset, unsigned int *sram_addr_reg_offset,
-		unsigned int *sram_data_reg_offset,
-		enum AMDGPU_UCODE_ID ucode_id)
+		   unsigned int *sram_offset, unsigned int *sram_addr_reg_offset,
+		   unsigned int *sram_data_reg_offset,
+		   enum AMDGPU_UCODE_ID ucode_id)
 {
 	int ret = 0;
 
@@ -383,9 +388,9 @@ psp_v10_0_sram_map(struct amdgpu_device *adev,
 	return ret;
 }
 
-bool psp_v10_0_compare_sram_data(struct psp_context *psp,
-				struct amdgpu_firmware_info *ucode,
-				enum AMDGPU_UCODE_ID ucode_type)
+static bool psp_v10_0_compare_sram_data(struct psp_context *psp,
+					struct amdgpu_firmware_info *ucode,
+					enum AMDGPU_UCODE_ID ucode_type)
 {
 	int err = 0;
 	unsigned int fw_sram_reg_val = 0;
@@ -419,8 +424,25 @@ bool psp_v10_0_compare_sram_data(struct psp_context *psp,
 }
 
 
-int psp_v10_0_mode1_reset(struct psp_context *psp)
+static int psp_v10_0_mode1_reset(struct psp_context *psp)
 {
 	DRM_INFO("psp mode 1 reset not supported now! \n");
 	return -EINVAL;
 }
+
+static const struct psp_funcs psp_v10_0_funcs = {
+	.init_microcode = psp_v10_0_init_microcode,
+	.prep_cmd_buf = psp_v10_0_prep_cmd_buf,
+	.ring_init = psp_v10_0_ring_init,
+	.ring_create = psp_v10_0_ring_create,
+	.ring_stop = psp_v10_0_ring_stop,
+	.ring_destroy = psp_v10_0_ring_destroy,
+	.cmd_submit = psp_v10_0_cmd_submit,
+	.compare_sram_data = psp_v10_0_compare_sram_data,
+	.mode1_reset = psp_v10_0_mode1_reset,
+};
+
+void psp_v10_0_set_psp_funcs(struct psp_context *psp)
+{
+	psp->funcs = &psp_v10_0_funcs;
+}

commit 4fd09a19a6337b1a58d6de8777e2210cec55ae84
Author: Shaoyun Liu <Shaoyun.Liu@amd.com>
Date:   Wed Nov 29 14:04:58 2017 -0500

    drm/admgpu: Reduce the usage of soc15ip.h
    
    Remove the header where it's not used.
    
    Acked-by: Christian Konig <christian.koenig@amd.com>
    Signed-off-by: Shaoyun Liu <Shaoyun.Liu@amd.com>
    Signed-off-by: Alex Deucher <alexander.deucher@amd.com>

diff --git a/drivers/gpu/drm/amd/amdgpu/psp_v10_0.c b/drivers/gpu/drm/amd/amdgpu/psp_v10_0.c
index acaf7891eeab..5a9fe24697f9 100644
--- a/drivers/gpu/drm/amd/amdgpu/psp_v10_0.c
+++ b/drivers/gpu/drm/amd/amdgpu/psp_v10_0.c
@@ -30,7 +30,6 @@
 #include "soc15_common.h"
 #include "psp_v10_0.h"
 
-#include "soc15ip.h"
 #include "mp/mp_10_0_offset.h"
 #include "gc/gc_9_1_offset.h"
 #include "sdma0/sdma0_4_1_offset.h"

commit cd29253f650a6ab27bae8c0b8c17fb8e71f864e8
Author: Shaoyun Liu <Shaoyun.Liu@amd.com>
Date:   Wed Nov 29 13:51:32 2017 -0500

    drm/amdgpu: Change SOC15_REG_OFFSET to use dynamic register offset
    
    Acked-by: Christian Konig <christian.koenig@amd.com>
    Signed-off-by: Shaoyun Liu <Shaoyun.Liu@amd.com>
    Signed-off-by: Alex Deucher <alexander.deucher@amd.com>

diff --git a/drivers/gpu/drm/amd/amdgpu/psp_v10_0.c b/drivers/gpu/drm/amd/amdgpu/psp_v10_0.c
index 78fe3f2917a0..acaf7891eeab 100644
--- a/drivers/gpu/drm/amd/amdgpu/psp_v10_0.c
+++ b/drivers/gpu/drm/amd/amdgpu/psp_v10_0.c
@@ -298,9 +298,10 @@ int psp_v10_0_cmd_submit(struct psp_context *psp,
 }
 
 static int
-psp_v10_0_sram_map(unsigned int *sram_offset, unsigned int *sram_addr_reg_offset,
-		  unsigned int *sram_data_reg_offset,
-		  enum AMDGPU_UCODE_ID ucode_id)
+psp_v10_0_sram_map(struct amdgpu_device *adev,
+		unsigned int *sram_offset, unsigned int *sram_addr_reg_offset,
+		unsigned int *sram_data_reg_offset,
+		enum AMDGPU_UCODE_ID ucode_id)
 {
 	int ret = 0;
 
@@ -395,7 +396,7 @@ bool psp_v10_0_compare_sram_data(struct psp_context *psp,
 	uint32_t *ucode_mem = NULL;
 	struct amdgpu_device *adev = psp->adev;
 
-	err = psp_v10_0_sram_map(&fw_sram_reg_val, &fw_sram_addr_reg_offset,
+	err = psp_v10_0_sram_map(adev, &fw_sram_reg_val, &fw_sram_addr_reg_offset,
 				&fw_sram_data_reg_offset, ucode_type);
 	if (err)
 		return false;

commit a146391bbbc546a0dda0eac60fdf32d6076817b5
Author: Feifei Xu <Feifei.Xu@amd.com>
Date:   Mon Nov 27 17:20:55 2017 +0800

    drm/amd/include:cleanup raven1 mp header files.
    
    Cleanup asic_reg/raven1/MP folder.
    
    Signed-off-by: Feifei Xu <Feifei.Xu@amd.com>
    Acked-by: Christian König <christian.koenig@amd.com>
    Reviewed-by: Junwei Zhang <Jerry.Zhang@amd.com>
    Signed-off-by: Alex Deucher <alexander.deucher@amd.com>

diff --git a/drivers/gpu/drm/amd/amdgpu/psp_v10_0.c b/drivers/gpu/drm/amd/amdgpu/psp_v10_0.c
index 0cf36acbf51a..78fe3f2917a0 100644
--- a/drivers/gpu/drm/amd/amdgpu/psp_v10_0.c
+++ b/drivers/gpu/drm/amd/amdgpu/psp_v10_0.c
@@ -31,7 +31,7 @@
 #include "psp_v10_0.h"
 
 #include "soc15ip.h"
-#include "raven1/MP/mp_10_0_offset.h"
+#include "mp/mp_10_0_offset.h"
 #include "gc/gc_9_1_offset.h"
 #include "sdma0/sdma0_4_1_offset.h"
 

commit 5a18155d991e808562dab8cd1f67ab637c0970c9
Author: Feifei Xu <Feifei.Xu@amd.com>
Date:   Mon Nov 27 17:00:12 2017 +0800

    drm/amd/include:cleanup raven1 gc header files.
    
    Cleanup asic_reg/raven1/GC folder. Remove unused files:
        gc_9_1_default.h  gc_9_1_sh_mask.h
    
    Signed-off-by: Feifei Xu <Feifei.Xu@amd.com>
    Acked-by: Christian König <christian.koenig@amd.com>
    Reviewed-by: Junwei Zhang <Jerry.Zhang@amd.com>
    Signed-off-by: Alex Deucher <alexander.deucher@amd.com>

diff --git a/drivers/gpu/drm/amd/amdgpu/psp_v10_0.c b/drivers/gpu/drm/amd/amdgpu/psp_v10_0.c
index a7ec158f114f..0cf36acbf51a 100644
--- a/drivers/gpu/drm/amd/amdgpu/psp_v10_0.c
+++ b/drivers/gpu/drm/amd/amdgpu/psp_v10_0.c
@@ -32,7 +32,7 @@
 
 #include "soc15ip.h"
 #include "raven1/MP/mp_10_0_offset.h"
-#include "raven1/GC/gc_9_1_offset.h"
+#include "gc/gc_9_1_offset.h"
 #include "sdma0/sdma0_4_1_offset.h"
 
 MODULE_FIRMWARE("amdgpu/raven_asd.bin");

commit 02cf8837d0ef87be7ef22a5817256489a6dd7f51
Author: Feifei Xu <Feifei.Xu@amd.com>
Date:   Mon Nov 27 18:40:15 2017 +0800

    drm/amd/include:cleanup raven1 sdma header files.
    
    Cleanup asic_reg/raven1/SDMA0 folder.Remove unused sdma0_4_1_sh_mask.h.
    
    Signed-off-by: Feifei Xu <Feifei.Xu@amd.com>
    Acked-by: Christian König <christian.koenig@amd.com>
    Reviewed-by: Junwei Zhang <Jerry.Zhang@amd.com>
    Signed-off-by: Alex Deucher <alexander.deucher@amd.com>

diff --git a/drivers/gpu/drm/amd/amdgpu/psp_v10_0.c b/drivers/gpu/drm/amd/amdgpu/psp_v10_0.c
index 062cd8af6b19..a7ec158f114f 100644
--- a/drivers/gpu/drm/amd/amdgpu/psp_v10_0.c
+++ b/drivers/gpu/drm/amd/amdgpu/psp_v10_0.c
@@ -33,7 +33,7 @@
 #include "soc15ip.h"
 #include "raven1/MP/mp_10_0_offset.h"
 #include "raven1/GC/gc_9_1_offset.h"
-#include "raven1/SDMA0/sdma0_4_1_offset.h"
+#include "sdma0/sdma0_4_1_offset.h"
 
 MODULE_FIRMWARE("amdgpu/raven_asd.bin");
 

commit fb960bd28354805a7e2a6dbdf8d8d07a5160d0cd
Author: Feifei Xu <Feifei.Xu@amd.com>
Date:   Fri Nov 24 12:31:36 2017 +0800

    drm/amd/include:cleanup vega10 header files.
    
    Remove asic_reg/vega10 folder.
    
    Signed-off-by: Feifei Xu <Feifei.Xu@amd.com>
    Reviewed-by: Christian König <christian.koenig@amd.com>
    Signed-off-by: Alex Deucher <alexander.deucher@amd.com>

diff --git a/drivers/gpu/drm/amd/amdgpu/psp_v10_0.c b/drivers/gpu/drm/amd/amdgpu/psp_v10_0.c
index 4e20d91d5d50..062cd8af6b19 100644
--- a/drivers/gpu/drm/amd/amdgpu/psp_v10_0.c
+++ b/drivers/gpu/drm/amd/amdgpu/psp_v10_0.c
@@ -30,7 +30,7 @@
 #include "soc15_common.h"
 #include "psp_v10_0.h"
 
-#include "vega10/soc15ip.h"
+#include "soc15ip.h"
 #include "raven1/MP/mp_10_0_offset.h"
 #include "raven1/GC/gc_9_1_offset.h"
 #include "raven1/SDMA0/sdma0_4_1_offset.h"

commit 4694257e7d4757fedaa8dcd18bb5ff52e76a2765
Author: Evan Quan <evan.quan@amd.com>
Date:   Mon Oct 16 16:51:28 2017 +0800

    drm/amdgpu/psp: prevent page fault by checking write_frame address(v4)
    
     - Prevent a possible buffer overflow when updating the ring buffer by
        bounds checking the command frame against the available space in the
        ring buffer.
    
     v2: update the ring_buffer_end address
     v3: update the commit log
     v4: squash in print fix (Michel)
    
    Signed-off-by: Evan Quan <evan.quan@amd.com>
    Reviewed-by: Alex Deucher <alexander.deucher@amd.com>
    Signed-off-by: Alex Deucher <alexander.deucher@amd.com>

diff --git a/drivers/gpu/drm/amd/amdgpu/psp_v10_0.c b/drivers/gpu/drm/amd/amdgpu/psp_v10_0.c
index dea7c909ca5f..4e20d91d5d50 100644
--- a/drivers/gpu/drm/amd/amdgpu/psp_v10_0.c
+++ b/drivers/gpu/drm/amd/amdgpu/psp_v10_0.c
@@ -257,6 +257,9 @@ int psp_v10_0_cmd_submit(struct psp_context *psp,
 	unsigned int psp_write_ptr_reg = 0;
 	struct psp_gfx_rb_frame * write_frame = psp->km_ring.ring_mem;
 	struct psp_ring *ring = &psp->km_ring;
+	struct psp_gfx_rb_frame *ring_buffer_start = ring->ring_mem;
+	struct psp_gfx_rb_frame *ring_buffer_end = ring_buffer_start +
+		ring->ring_size / sizeof(struct psp_gfx_rb_frame) - 1;
 	struct amdgpu_device *adev = psp->adev;
 	uint32_t ring_size_dw = ring->ring_size / 4;
 	uint32_t rb_frame_size_dw = sizeof(struct psp_gfx_rb_frame) / 4;
@@ -266,9 +269,16 @@ int psp_v10_0_cmd_submit(struct psp_context *psp,
 
 	/* Update KM RB frame pointer to new frame */
 	if ((psp_write_ptr_reg % ring_size_dw) == 0)
-		write_frame = ring->ring_mem;
+		write_frame = ring_buffer_start;
 	else
-		write_frame = ring->ring_mem + (psp_write_ptr_reg / rb_frame_size_dw);
+		write_frame = ring_buffer_start + (psp_write_ptr_reg / rb_frame_size_dw);
+	/* Check invalid write_frame ptr address */
+	if ((write_frame < ring_buffer_start) || (ring_buffer_end < write_frame)) {
+		DRM_ERROR("ring_buffer_start = %p; ring_buffer_end = %p; write_frame = %p\n",
+			  ring_buffer_start, ring_buffer_end, write_frame);
+		DRM_ERROR("write_frame is pointing to address out of bounds\n");
+		return -EINVAL;
+	}
 
 	/* Initialize KM RB frame */
 	memset(write_frame, 0, sizeof(struct psp_gfx_rb_frame));

commit 98512bb8c241f67f3a5cf0a121624b28a852db45
Author: Ken Wang <Ken.Wang@amd.com>
Date:   Thu Sep 14 16:25:19 2017 +0800

    drm/amdgpu: Add GPU reset functionality for Vega10
    
    V2
    
    Signed-off-by: Ken Wang <Ken.Wang@amd.com>
    Reviewed-by: Alex Deucher <alexander.deucher@amd.com>
    Acked-by: Christian König <christian.koenig@amd.com>
    Signed-off-by: Alex Deucher <alexander.deucher@amd.com>

diff --git a/drivers/gpu/drm/amd/amdgpu/psp_v10_0.c b/drivers/gpu/drm/amd/amdgpu/psp_v10_0.c
index 77cab1ff0254..dea7c909ca5f 100644
--- a/drivers/gpu/drm/amd/amdgpu/psp_v10_0.c
+++ b/drivers/gpu/drm/amd/amdgpu/psp_v10_0.c
@@ -407,3 +407,10 @@ bool psp_v10_0_compare_sram_data(struct psp_context *psp,
 
 	return true;
 }
+
+
+int psp_v10_0_mode1_reset(struct psp_context *psp)
+{
+	DRM_INFO("psp mode 1 reset not supported now! \n");
+	return -EINVAL;
+}

commit cf661ec1ff146183a6f8da1f1d41c1e3c4afe8bd
Author: Alex Deucher <alexander.deucher@amd.com>
Date:   Fri Sep 15 17:36:19 2017 -0400

    drm/amdgpu/psp: declare raven psp firmware
    
    So it gets picked up properly by the kernel.
    
    Reviewed-by: Junwei Zhang <Jerry.Zhang@amd.com>
    Signed-off-by: Alex Deucher <alexander.deucher@amd.com>

diff --git a/drivers/gpu/drm/amd/amdgpu/psp_v10_0.c b/drivers/gpu/drm/amd/amdgpu/psp_v10_0.c
index 6ec5c9f8074d..77cab1ff0254 100644
--- a/drivers/gpu/drm/amd/amdgpu/psp_v10_0.c
+++ b/drivers/gpu/drm/amd/amdgpu/psp_v10_0.c
@@ -35,6 +35,8 @@
 #include "raven1/GC/gc_9_1_offset.h"
 #include "raven1/SDMA0/sdma0_4_1_offset.h"
 
+MODULE_FIRMWARE("amdgpu/raven_asd.bin");
+
 static int
 psp_v10_0_get_fw_type(struct amdgpu_firmware_info *ucode, enum psp_gfx_fw_type *type)
 {

commit 4ef72453311a697b3fb90da9c86c83012911ccf9
Author: Evan Quan <evan.quan@amd.com>
Date:   Fri Sep 8 13:04:52 2017 +0800

    drm/amdgpu: added api for stopping psp ring (v2)
    
    - v2: reuse the ring stop api in ring destory
    
    Signed-off-by: Evan Quan <evan.quan@amd.com>
    Reviewed-by: Junwei Zhang <Jerry.Zhang@amd.com>
    Acked-by: Christian König <christian.koenig@amd.com>
    Reviewed-by: Huang Rui <ray.huang@amd.com>
    Signed-off-by: Alex Deucher <alexander.deucher@amd.com>

diff --git a/drivers/gpu/drm/amd/amdgpu/psp_v10_0.c b/drivers/gpu/drm/amd/amdgpu/psp_v10_0.c
index b77feef829e7..6ec5c9f8074d 100644
--- a/drivers/gpu/drm/amd/amdgpu/psp_v10_0.c
+++ b/drivers/gpu/drm/amd/amdgpu/psp_v10_0.c
@@ -207,7 +207,7 @@ int psp_v10_0_ring_create(struct psp_context *psp, enum psp_ring_type ring_type)
 	return ret;
 }
 
-int psp_v10_0_ring_destroy(struct psp_context *psp, enum psp_ring_type ring_type)
+int psp_v10_0_ring_stop(struct psp_context *psp, enum psp_ring_type ring_type)
 {
 	int ret = 0;
 	struct psp_ring *ring;
@@ -227,6 +227,19 @@ int psp_v10_0_ring_destroy(struct psp_context *psp, enum psp_ring_type ring_type
 	ret = psp_wait_for(psp, SOC15_REG_OFFSET(MP0, 0, mmMP0_SMN_C2PMSG_64),
 			   0x80000000, 0x80000000, false);
 
+	return ret;
+}
+
+int psp_v10_0_ring_destroy(struct psp_context *psp, enum psp_ring_type ring_type)
+{
+	int ret = 0;
+	struct psp_ring *ring = &psp->km_ring;
+	struct amdgpu_device *adev = psp->adev;
+
+	ret = psp_v10_0_ring_stop(psp, ring_type);
+	if (ret)
+		DRM_ERROR("Fail to stop psp ring\n");
+
 	amdgpu_bo_free_kernel(&adev->firmware.rbuf,
 			      &ring->ring_mem_mc_addr,
 			      (void **)&ring->ring_mem);

commit f1ac0fc2f2355495628a45e90cbd88e3d2c40ef9
Author: Evan Quan <evan.quan@amd.com>
Date:   Mon Sep 4 17:42:28 2017 +0800

    drm/amdgpu: fixed raven psp cmd prepare and submit
    
    - fw_size in psp_v10_0_prep_cmd_buf is wrongly set as 0
    - fixed the wrong calculation of psp_write_ptr_reg in psp_v10_0_cmd_submit
    
    Signed-off-by: Evan Quan <evan.quan@amd.com>
    Reviewed-by: Junwei Zhang <Jerry.Zhang@amd.com>
    Acked-by: Christian König <christian.koenig@amd.com>
    Reviewed-by: Huang Rui <ray.huang@amd.com>
    Signed-off-by: Alex Deucher <alexander.deucher@amd.com>

diff --git a/drivers/gpu/drm/amd/amdgpu/psp_v10_0.c b/drivers/gpu/drm/amd/amdgpu/psp_v10_0.c
index f7cf994b1da2..b77feef829e7 100644
--- a/drivers/gpu/drm/amd/amdgpu/psp_v10_0.c
+++ b/drivers/gpu/drm/amd/amdgpu/psp_v10_0.c
@@ -136,15 +136,13 @@ int psp_v10_0_prep_cmd_buf(struct amdgpu_firmware_info *ucode, struct psp_gfx_cm
 {
 	int ret;
 	uint64_t fw_mem_mc_addr = ucode->mc_addr;
-	struct  common_firmware_header *header;
 
 	memset(cmd, 0, sizeof(struct psp_gfx_cmd_resp));
-	header = (struct common_firmware_header *)ucode->fw;
 
 	cmd->cmd_id = GFX_CMD_ID_LOAD_IP_FW;
 	cmd->cmd.cmd_load_ip_fw.fw_phy_addr_lo = lower_32_bits(fw_mem_mc_addr);
 	cmd->cmd.cmd_load_ip_fw.fw_phy_addr_hi = upper_32_bits(fw_mem_mc_addr);
-	cmd->cmd.cmd_load_ip_fw.fw_size = le32_to_cpu(header->ucode_size_bytes);
+	cmd->cmd.cmd_load_ip_fw.fw_size = ucode->ucode_size;
 
 	ret = psp_v10_0_get_fw_type(ucode, &cmd->cmd.cmd_load_ip_fw.fw_type);
 	if (ret)
@@ -245,15 +243,20 @@ int psp_v10_0_cmd_submit(struct psp_context *psp,
 	struct psp_gfx_rb_frame * write_frame = psp->km_ring.ring_mem;
 	struct psp_ring *ring = &psp->km_ring;
 	struct amdgpu_device *adev = psp->adev;
+	uint32_t ring_size_dw = ring->ring_size / 4;
+	uint32_t rb_frame_size_dw = sizeof(struct psp_gfx_rb_frame) / 4;
 
 	/* KM (GPCOM) prepare write pointer */
 	psp_write_ptr_reg = RREG32_SOC15(MP0, 0, mmMP0_SMN_C2PMSG_67);
 
 	/* Update KM RB frame pointer to new frame */
-	if ((psp_write_ptr_reg % ring->ring_size) == 0)
+	if ((psp_write_ptr_reg % ring_size_dw) == 0)
 		write_frame = ring->ring_mem;
 	else
-		write_frame = ring->ring_mem + (psp_write_ptr_reg / (sizeof(struct psp_gfx_rb_frame) / 4));
+		write_frame = ring->ring_mem + (psp_write_ptr_reg / rb_frame_size_dw);
+
+	/* Initialize KM RB frame */
+	memset(write_frame, 0, sizeof(struct psp_gfx_rb_frame));
 
 	/* Update KM RB frame */
 	write_frame->cmd_buf_addr_hi = upper_32_bits(cmd_buf_mc_addr);
@@ -263,8 +266,7 @@ int psp_v10_0_cmd_submit(struct psp_context *psp,
 	write_frame->fence_value = index;
 
 	/* Update the write Pointer in DWORDs */
-	psp_write_ptr_reg += sizeof(struct psp_gfx_rb_frame) / 4;
-	psp_write_ptr_reg = (psp_write_ptr_reg >= ring->ring_size) ? 0 : psp_write_ptr_reg;
+	psp_write_ptr_reg = (psp_write_ptr_reg + rb_frame_size_dw) % ring_size_dw;
 	WREG32_SOC15(MP0, 0, mmMP0_SMN_C2PMSG_67, psp_write_ptr_reg);
 
 	return 0;

commit a4f478bc8863a4fdd69a4bc8309ee60c635a004d
Author: Junwei Zhang <Jerry.Zhang@amd.com>
Date:   Fri Jul 14 18:37:44 2017 +0800

    drm/amdgpu: add ring_destroy for psp v10
    
    Signed-off-by: Junwei Zhang <Jerry.Zhang@amd.com>
    Reviewed-by: Alex Deucher <alexander.deucher@amd.com>
    Signed-off-by: Alex Deucher <alexander.deucher@amd.com>

diff --git a/drivers/gpu/drm/amd/amdgpu/psp_v10_0.c b/drivers/gpu/drm/amd/amdgpu/psp_v10_0.c
index 01fce6bf86b4..f7cf994b1da2 100644
--- a/drivers/gpu/drm/amd/amdgpu/psp_v10_0.c
+++ b/drivers/gpu/drm/amd/amdgpu/psp_v10_0.c
@@ -209,6 +209,33 @@ int psp_v10_0_ring_create(struct psp_context *psp, enum psp_ring_type ring_type)
 	return ret;
 }
 
+int psp_v10_0_ring_destroy(struct psp_context *psp, enum psp_ring_type ring_type)
+{
+	int ret = 0;
+	struct psp_ring *ring;
+	unsigned int psp_ring_reg = 0;
+	struct amdgpu_device *adev = psp->adev;
+
+	ring = &psp->km_ring;
+
+	/* Write the ring destroy command to C2PMSG_64 */
+	psp_ring_reg = 3 << 16;
+	WREG32_SOC15(MP0, 0, mmMP0_SMN_C2PMSG_64, psp_ring_reg);
+
+	/* There might be handshake issue with hardware which needs delay */
+	mdelay(20);
+
+	/* Wait for response flag (bit 31) in C2PMSG_64 */
+	ret = psp_wait_for(psp, SOC15_REG_OFFSET(MP0, 0, mmMP0_SMN_C2PMSG_64),
+			   0x80000000, 0x80000000, false);
+
+	amdgpu_bo_free_kernel(&adev->firmware.rbuf,
+			      &ring->ring_mem_mc_addr,
+			      (void **)&ring->ring_mem);
+
+	return ret;
+}
+
 int psp_v10_0_cmd_submit(struct psp_context *psp,
 		        struct amdgpu_firmware_info *ucode,
 		        uint64_t cmd_buf_mc_addr, uint64_t fence_mc_addr,

commit ccce055210854463f925227a306ec792ddfba729
Author: Junwei Zhang <Jerry.Zhang@amd.com>
Date:   Fri Jul 14 18:34:48 2017 +0800

    drm/amdgpu: add ring_create function for psp v10
    
    Signed-off-by: Junwei Zhang <Jerry.Zhang@amd.com>
    Reviewed-by: Alex Deucher <alexander.deucher@amd.com>
    Signed-off-by: Alex Deucher <alexander.deucher@amd.com>

diff --git a/drivers/gpu/drm/amd/amdgpu/psp_v10_0.c b/drivers/gpu/drm/amd/amdgpu/psp_v10_0.c
index 133b030ffdfa..01fce6bf86b4 100644
--- a/drivers/gpu/drm/amd/amdgpu/psp_v10_0.c
+++ b/drivers/gpu/drm/amd/amdgpu/psp_v10_0.c
@@ -178,6 +178,37 @@ int psp_v10_0_ring_init(struct psp_context *psp, enum psp_ring_type ring_type)
 	return 0;
 }
 
+int psp_v10_0_ring_create(struct psp_context *psp, enum psp_ring_type ring_type)
+{
+	int ret = 0;
+	unsigned int psp_ring_reg = 0;
+	struct psp_ring *ring = &psp->km_ring;
+	struct amdgpu_device *adev = psp->adev;
+
+	/* Write low address of the ring to C2PMSG_69 */
+	psp_ring_reg = lower_32_bits(ring->ring_mem_mc_addr);
+	WREG32_SOC15(MP0, 0, mmMP0_SMN_C2PMSG_69, psp_ring_reg);
+	/* Write high address of the ring to C2PMSG_70 */
+	psp_ring_reg = upper_32_bits(ring->ring_mem_mc_addr);
+	WREG32_SOC15(MP0, 0, mmMP0_SMN_C2PMSG_70, psp_ring_reg);
+	/* Write size of ring to C2PMSG_71 */
+	psp_ring_reg = ring->ring_size;
+	WREG32_SOC15(MP0, 0, mmMP0_SMN_C2PMSG_71, psp_ring_reg);
+	/* Write the ring initialization command to C2PMSG_64 */
+	psp_ring_reg = ring_type;
+	psp_ring_reg = psp_ring_reg << 16;
+	WREG32_SOC15(MP0, 0, mmMP0_SMN_C2PMSG_64, psp_ring_reg);
+
+	/* There might be handshake issue with hardware which needs delay */
+	mdelay(20);
+
+	/* Wait for response flag (bit 31) in C2PMSG_64 */
+	ret = psp_wait_for(psp, SOC15_REG_OFFSET(MP0, 0, mmMP0_SMN_C2PMSG_64),
+			   0x80000000, 0x8000FFFF, false);
+
+	return ret;
+}
+
 int psp_v10_0_cmd_submit(struct psp_context *psp,
 		        struct amdgpu_firmware_info *ucode,
 		        uint64_t cmd_buf_mc_addr, uint64_t fence_mc_addr,

commit 6ab771137425edc046710d58799cb4792eb748dc
Author: Junwei Zhang <Jerry.Zhang@amd.com>
Date:   Fri Jul 14 18:31:18 2017 +0800

    drm/amdgpu: add init microcode function for psp v10
    
    Signed-off-by: Junwei Zhang <Jerry.Zhang@amd.com>
    Reviewed-by: Alex Deucher <alexander.deucher@amd.com>
    Signed-off-by: Alex Deucher <alexander.deucher@amd.com>

diff --git a/drivers/gpu/drm/amd/amdgpu/psp_v10_0.c b/drivers/gpu/drm/amd/amdgpu/psp_v10_0.c
index 9a7b94d7a56b..133b030ffdfa 100644
--- a/drivers/gpu/drm/amd/amdgpu/psp_v10_0.c
+++ b/drivers/gpu/drm/amd/amdgpu/psp_v10_0.c
@@ -86,6 +86,52 @@ psp_v10_0_get_fw_type(struct amdgpu_firmware_info *ucode, enum psp_gfx_fw_type *
 	return 0;
 }
 
+int psp_v10_0_init_microcode(struct psp_context *psp)
+{
+	struct amdgpu_device *adev = psp->adev;
+	const char *chip_name;
+	char fw_name[30];
+	int err = 0;
+	const struct psp_firmware_header_v1_0 *hdr;
+
+	DRM_DEBUG("\n");
+
+	switch (adev->asic_type) {
+	case CHIP_RAVEN:
+		chip_name = "raven";
+		break;
+	default: BUG();
+	}
+
+	snprintf(fw_name, sizeof(fw_name), "amdgpu/%s_asd.bin", chip_name);
+	err = request_firmware(&adev->psp.asd_fw, fw_name, adev->dev);
+	if (err)
+		goto out;
+
+	err = amdgpu_ucode_validate(adev->psp.asd_fw);
+	if (err)
+		goto out;
+
+	hdr = (const struct psp_firmware_header_v1_0 *)adev->psp.asd_fw->data;
+	adev->psp.asd_fw_version = le32_to_cpu(hdr->header.ucode_version);
+	adev->psp.asd_feature_version = le32_to_cpu(hdr->ucode_feature_version);
+	adev->psp.asd_ucode_size = le32_to_cpu(hdr->header.ucode_size_bytes);
+	adev->psp.asd_start_addr = (uint8_t *)hdr +
+				le32_to_cpu(hdr->header.ucode_array_offset_bytes);
+
+	return 0;
+out:
+	if (err) {
+		dev_err(adev->dev,
+			"psp v10.0: Failed to load firmware \"%s\"\n",
+			fw_name);
+		release_firmware(adev->psp.asd_fw);
+		adev->psp.asd_fw = NULL;
+	}
+
+	return err;
+}
+
 int psp_v10_0_prep_cmd_buf(struct amdgpu_firmware_info *ucode, struct psp_gfx_cmd_resp *cmd)
 {
 	int ret;

commit f04f56919c33416a4398a79290315254c09e2a4d
Author: Junwei Zhang <Jerry.Zhang@amd.com>
Date:   Fri Jul 14 18:27:57 2017 +0800

    drm/amdgpu: remove unncessary code in psp v10 ring init func
    
    Signed-off-by: Junwei Zhang <Jerry.Zhang@amd.com>
    Reviewed-by: Alex Deucher <alexander.deucher@amd.com>
    Signed-off-by: Alex Deucher <alexander.deucher@amd.com>

diff --git a/drivers/gpu/drm/amd/amdgpu/psp_v10_0.c b/drivers/gpu/drm/amd/amdgpu/psp_v10_0.c
index 2258323a3c26..9a7b94d7a56b 100644
--- a/drivers/gpu/drm/amd/amdgpu/psp_v10_0.c
+++ b/drivers/gpu/drm/amd/amdgpu/psp_v10_0.c
@@ -110,7 +110,6 @@ int psp_v10_0_prep_cmd_buf(struct amdgpu_firmware_info *ucode, struct psp_gfx_cm
 int psp_v10_0_ring_init(struct psp_context *psp, enum psp_ring_type ring_type)
 {
 	int ret = 0;
-	unsigned int psp_ring_reg = 0;
 	struct psp_ring *ring;
 	struct amdgpu_device *adev = psp->adev;
 
@@ -130,25 +129,6 @@ int psp_v10_0_ring_init(struct psp_context *psp, enum psp_ring_type ring_type)
 		return ret;
 	}
 
-	/* Write low address of the ring to C2PMSG_69 */
-	psp_ring_reg = lower_32_bits(ring->ring_mem_mc_addr);
-	WREG32_SOC15(MP0, 0, mmMP0_SMN_C2PMSG_69, psp_ring_reg);
-	/* Write high address of the ring to C2PMSG_70 */
-	psp_ring_reg = upper_32_bits(ring->ring_mem_mc_addr);
-	WREG32_SOC15(MP0, 0, mmMP0_SMN_C2PMSG_70, psp_ring_reg);
-	/* Write size of ring to C2PMSG_71 */
-	psp_ring_reg = ring->ring_size;
-	WREG32_SOC15(MP0, 0, mmMP0_SMN_C2PMSG_71, psp_ring_reg);
-	/* Write the ring initialization command to C2PMSG_64 */
-	psp_ring_reg = ring_type;
-	psp_ring_reg = psp_ring_reg << 16;
-	WREG32_SOC15(MP0, 0, mmMP0_SMN_C2PMSG_64, psp_ring_reg);
-	/* Wait for response flag (bit 31) in C2PMSG_64 */
-	psp_ring_reg = 0;
-	while ((psp_ring_reg & 0x80000000) == 0) {
-		psp_ring_reg = RREG32_SOC15(MP0, 0, mmMP0_SMN_C2PMSG_64);
-	}
-
 	return 0;
 }
 

commit f03defe0b70c8c3e19c267fa27f094ce6503c30f
Author: Alex Deucher <alexander.deucher@amd.com>
Date:   Thu Jun 22 18:26:33 2017 -0400

    drm/amdgpu/psp: upper_32_bits/lower_32_bits for address setup
    
    Rather than casting and shifting.  Fixes sparse cast warnings.
    
    Reviewed-by: Samuel Li <samuel.li@amd.com>
    Signed-off-by: Alex Deucher <alexander.deucher@amd.com>

diff --git a/drivers/gpu/drm/amd/amdgpu/psp_v10_0.c b/drivers/gpu/drm/amd/amdgpu/psp_v10_0.c
index 20c1e539ff35..2258323a3c26 100644
--- a/drivers/gpu/drm/amd/amdgpu/psp_v10_0.c
+++ b/drivers/gpu/drm/amd/amdgpu/psp_v10_0.c
@@ -96,8 +96,8 @@ int psp_v10_0_prep_cmd_buf(struct amdgpu_firmware_info *ucode, struct psp_gfx_cm
 	header = (struct common_firmware_header *)ucode->fw;
 
 	cmd->cmd_id = GFX_CMD_ID_LOAD_IP_FW;
-	cmd->cmd.cmd_load_ip_fw.fw_phy_addr_lo = (uint32_t)fw_mem_mc_addr;
-	cmd->cmd.cmd_load_ip_fw.fw_phy_addr_hi = (uint32_t)((uint64_t)fw_mem_mc_addr >> 32);
+	cmd->cmd.cmd_load_ip_fw.fw_phy_addr_lo = lower_32_bits(fw_mem_mc_addr);
+	cmd->cmd.cmd_load_ip_fw.fw_phy_addr_hi = upper_32_bits(fw_mem_mc_addr);
 	cmd->cmd.cmd_load_ip_fw.fw_size = le32_to_cpu(header->ucode_size_bytes);
 
 	ret = psp_v10_0_get_fw_type(ucode, &cmd->cmd.cmd_load_ip_fw.fw_type);
@@ -172,10 +172,10 @@ int psp_v10_0_cmd_submit(struct psp_context *psp,
 		write_frame = ring->ring_mem + (psp_write_ptr_reg / (sizeof(struct psp_gfx_rb_frame) / 4));
 
 	/* Update KM RB frame */
-	write_frame->cmd_buf_addr_hi = (unsigned int)(cmd_buf_mc_addr >> 32);
-	write_frame->cmd_buf_addr_lo = (unsigned int)(cmd_buf_mc_addr);
-	write_frame->fence_addr_hi = (unsigned int)(fence_mc_addr >> 32);
-	write_frame->fence_addr_lo = (unsigned int)(fence_mc_addr);
+	write_frame->cmd_buf_addr_hi = upper_32_bits(cmd_buf_mc_addr);
+	write_frame->cmd_buf_addr_lo = lower_32_bits(cmd_buf_mc_addr);
+	write_frame->fence_addr_hi = upper_32_bits(fence_mc_addr);
+	write_frame->fence_addr_lo = lower_32_bits(fence_mc_addr);
 	write_frame->fence_value = index;
 
 	/* Update the write Pointer in DWORDs */

commit 04d4fb5fa63876d8e7cf67f2788aecfafc6a28a7
Merge: bfda9aa15317 a1924005a2e9
Author: Dave Airlie <airlied@redhat.com>
Date:   Fri Jun 16 09:54:02 2017 +1000

    Merge branch 'drm-next-4.13' of git://people.freedesktop.org/~agd5f/linux into drm-next
    
    New radeon and amdgpu features for 4.13:
    - Lots of Vega10 bug fixes
    - Preliminary Raven support
    - KIQ support for compute rings
    - MEC queue management rework from Andres
    - Audio support for DCE6
    - SR-IOV improvements
    - Improved module parameters for controlling radeon vs amdgpu support
      for SI and CIK
    - Bug fixes
    - General code cleanups
    
    [airlied: dropped drmP.h header from one file was needed and build broke]
    
    * 'drm-next-4.13' of git://people.freedesktop.org/~agd5f/linux: (362 commits)
      drm/amdgpu: Fix compiler warnings
      drm/amdgpu: vm_update_ptes remove code duplication
      drm/amd/amdgpu: Port VCN over to new SOC15 macros
      drm/amd/amdgpu: Port PSP v10.0 over to new SOC15 macros
      drm/amd/amdgpu: Port PSP v3.1 over to new SOC15 macros
      drm/amd/amdgpu: Port NBIO v7.0 driver over to new SOC15 macros
      drm/amd/amdgpu: Port NBIO v6.1 driver over to new SOC15 macros
      drm/amd/amdgpu: Port UVD 7.0 over to new SOC15 macros
      drm/amd/amdgpu: Port MMHUB over to new SOC15 macros
      drm/amd/amdgpu: Cleanup gfxhub read-modify-write patterns
      drm/amd/amdgpu: Port GFXHUB over to new SOC15 macros
      drm/amd/amdgpu: Add offset variant to SOC15 macros
      drm/amd/powerplay: add avfs control for Vega10
      drm/amdgpu: add virtual display support for raven
      drm/amdgpu/gfx9: fix compute ring doorbell index
      drm/amd/amdgpu: Rename KIQ ring to avoid spaces
      drm/amd/amdgpu: gfx9 tidy ups (v2)
      drm/amdgpu: add contiguous flag in ucode bo create
      drm/amdgpu: fix missed gpu info firmware when cache firmware during S3
      drm/amdgpu: export test ib debugfs interface
      ...

commit c5c1effd85248398f9296af55b1eb928098b3aa9
Author: Tom St Denis <tom.stdenis@amd.com>
Date:   Mon Jun 12 13:46:44 2017 -0400

    drm/amd/amdgpu: Port PSP v10.0 over to new SOC15 macros
    
    Signed-off-by: Tom St Denis <tom.stdenis@amd.com>
    Reviewed-by: Alex Deucher <alexander.deucher@amd.com>

diff --git a/drivers/gpu/drm/amd/amdgpu/psp_v10_0.c b/drivers/gpu/drm/amd/amdgpu/psp_v10_0.c
index 8eb21fd83172..00c0f281f972 100644
--- a/drivers/gpu/drm/amd/amdgpu/psp_v10_0.c
+++ b/drivers/gpu/drm/amd/amdgpu/psp_v10_0.c
@@ -133,21 +133,21 @@ int psp_v10_0_ring_init(struct psp_context *psp, enum psp_ring_type ring_type)
 
 	/* Write low address of the ring to C2PMSG_69 */
 	psp_ring_reg = lower_32_bits(ring->ring_mem_mc_addr);
-	WREG32(SOC15_REG_OFFSET(MP0, 0, mmMP0_SMN_C2PMSG_69), psp_ring_reg);
+	WREG32_SOC15(MP0, 0, mmMP0_SMN_C2PMSG_69, psp_ring_reg);
 	/* Write high address of the ring to C2PMSG_70 */
 	psp_ring_reg = upper_32_bits(ring->ring_mem_mc_addr);
-	WREG32(SOC15_REG_OFFSET(MP0, 0, mmMP0_SMN_C2PMSG_70), psp_ring_reg);
+	WREG32_SOC15(MP0, 0, mmMP0_SMN_C2PMSG_70, psp_ring_reg);
 	/* Write size of ring to C2PMSG_71 */
 	psp_ring_reg = ring->ring_size;
-	WREG32(SOC15_REG_OFFSET(MP0, 0, mmMP0_SMN_C2PMSG_71), psp_ring_reg);
+	WREG32_SOC15(MP0, 0, mmMP0_SMN_C2PMSG_71, psp_ring_reg);
 	/* Write the ring initialization command to C2PMSG_64 */
 	psp_ring_reg = ring_type;
 	psp_ring_reg = psp_ring_reg << 16;
-	WREG32(SOC15_REG_OFFSET(MP0, 0, mmMP0_SMN_C2PMSG_64), psp_ring_reg);
+	WREG32_SOC15(MP0, 0, mmMP0_SMN_C2PMSG_64, psp_ring_reg);
 	/* Wait for response flag (bit 31) in C2PMSG_64 */
 	psp_ring_reg = 0;
 	while ((psp_ring_reg & 0x80000000) == 0) {
-		psp_ring_reg = RREG32(SOC15_REG_OFFSET(MP0, 0, mmMP0_SMN_C2PMSG_64));
+		psp_ring_reg = RREG32_SOC15(MP0, 0, mmMP0_SMN_C2PMSG_64);
 	}
 
 	return 0;
@@ -164,7 +164,7 @@ int psp_v10_0_cmd_submit(struct psp_context *psp,
 	struct amdgpu_device *adev = psp->adev;
 
 	/* KM (GPCOM) prepare write pointer */
-	psp_write_ptr_reg = RREG32(SOC15_REG_OFFSET(MP0, 0, mmMP0_SMN_C2PMSG_67));
+	psp_write_ptr_reg = RREG32_SOC15(MP0, 0, mmMP0_SMN_C2PMSG_67);
 
 	/* Update KM RB frame pointer to new frame */
 	if ((psp_write_ptr_reg % ring->ring_size) == 0)
@@ -182,7 +182,7 @@ int psp_v10_0_cmd_submit(struct psp_context *psp,
 	/* Update the write Pointer in DWORDs */
 	psp_write_ptr_reg += sizeof(struct psp_gfx_rb_frame) / 4;
 	psp_write_ptr_reg = (psp_write_ptr_reg >= ring->ring_size) ? 0 : psp_write_ptr_reg;
-	WREG32(SOC15_REG_OFFSET(MP0, 0, mmMP0_SMN_C2PMSG_67), psp_write_ptr_reg);
+	WREG32_SOC15(MP0, 0, mmMP0_SMN_C2PMSG_67, psp_write_ptr_reg);
 
 	return 0;
 }

commit fd341dc590d743eed360146a8b0d3c4db331b264
Author: Huang Rui <ray.huang@amd.com>
Date:   Thu May 4 15:28:30 2017 -0400

    drm/amdgpu: add psp v10 function callback for raven
    
    PSP is the security processor.  These are the support
    functions.
    
    Signed-off-by: Huang Rui <ray.huang@amd.com>
    Reviewed-by: Alex Deucher <alexander.deucher@amd.com>
    Acked-by: Chunming Zhou <david1.zhou@amd.com>
    Signed-off-by: Alex Deucher <alexander.deucher@amd.com>

diff --git a/drivers/gpu/drm/amd/amdgpu/psp_v10_0.c b/drivers/gpu/drm/amd/amdgpu/psp_v10_0.c
new file mode 100644
index 000000000000..8eb21fd83172
--- /dev/null
+++ b/drivers/gpu/drm/amd/amdgpu/psp_v10_0.c
@@ -0,0 +1,309 @@
+/*
+ * Copyright 2016 Advanced Micro Devices, Inc.
+ *
+ * Permission is hereby granted, free of charge, to any person obtaining a
+ * copy of this software and associated documentation files (the "Software"),
+ * to deal in the Software without restriction, including without limitation
+ * the rights to use, copy, modify, merge, publish, distribute, sublicense,
+ * and/or sell copies of the Software, and to permit persons to whom the
+ * Software is furnished to do so, subject to the following conditions:
+ *
+ * The above copyright notice and this permission notice shall be included in
+ * all copies or substantial portions of the Software.
+ *
+ * THE SOFTWARE IS PROVIDED "AS IS", WITHOUT WARRANTY OF ANY KIND, EXPRESS OR
+ * IMPLIED, INCLUDING BUT NOT LIMITED TO THE WARRANTIES OF MERCHANTABILITY,
+ * FITNESS FOR A PARTICULAR PURPOSE AND NONINFRINGEMENT.  IN NO EVENT SHALL
+ * THE COPYRIGHT HOLDER(S) OR AUTHOR(S) BE LIABLE FOR ANY CLAIM, DAMAGES OR
+ * OTHER LIABILITY, WHETHER IN AN ACTION OF CONTRACT, TORT OR OTHERWISE,
+ * ARISING FROM, OUT OF OR IN CONNECTION WITH THE SOFTWARE OR THE USE OR
+ * OTHER DEALINGS IN THE SOFTWARE.
+ *
+ * Author: Huang Rui
+ *
+ */
+
+#include <linux/firmware.h>
+#include "drmP.h"
+#include "amdgpu.h"
+#include "amdgpu_psp.h"
+#include "amdgpu_ucode.h"
+#include "soc15_common.h"
+#include "psp_v10_0.h"
+
+#include "vega10/soc15ip.h"
+#include "raven1/MP/mp_10_0_offset.h"
+#include "raven1/GC/gc_9_1_offset.h"
+#include "raven1/SDMA0/sdma0_4_1_offset.h"
+
+static int
+psp_v10_0_get_fw_type(struct amdgpu_firmware_info *ucode, enum psp_gfx_fw_type *type)
+{
+	switch(ucode->ucode_id) {
+	case AMDGPU_UCODE_ID_SDMA0:
+		*type = GFX_FW_TYPE_SDMA0;
+		break;
+	case AMDGPU_UCODE_ID_SDMA1:
+		*type = GFX_FW_TYPE_SDMA1;
+		break;
+	case AMDGPU_UCODE_ID_CP_CE:
+		*type = GFX_FW_TYPE_CP_CE;
+		break;
+	case AMDGPU_UCODE_ID_CP_PFP:
+		*type = GFX_FW_TYPE_CP_PFP;
+		break;
+	case AMDGPU_UCODE_ID_CP_ME:
+		*type = GFX_FW_TYPE_CP_ME;
+		break;
+	case AMDGPU_UCODE_ID_CP_MEC1:
+		*type = GFX_FW_TYPE_CP_MEC;
+		break;
+	case AMDGPU_UCODE_ID_CP_MEC1_JT:
+		*type = GFX_FW_TYPE_CP_MEC_ME1;
+		break;
+	case AMDGPU_UCODE_ID_CP_MEC2:
+		*type = GFX_FW_TYPE_CP_MEC;
+		break;
+	case AMDGPU_UCODE_ID_CP_MEC2_JT:
+		*type = GFX_FW_TYPE_CP_MEC_ME2;
+		break;
+	case AMDGPU_UCODE_ID_RLC_G:
+		*type = GFX_FW_TYPE_RLC_G;
+		break;
+	case AMDGPU_UCODE_ID_SMC:
+		*type = GFX_FW_TYPE_SMU;
+		break;
+	case AMDGPU_UCODE_ID_UVD:
+		*type = GFX_FW_TYPE_UVD;
+		break;
+	case AMDGPU_UCODE_ID_VCE:
+		*type = GFX_FW_TYPE_VCE;
+		break;
+	case AMDGPU_UCODE_ID_MAXIMUM:
+	default:
+		return -EINVAL;
+	}
+
+	return 0;
+}
+
+int psp_v10_0_prep_cmd_buf(struct amdgpu_firmware_info *ucode, struct psp_gfx_cmd_resp *cmd)
+{
+	int ret;
+	uint64_t fw_mem_mc_addr = ucode->mc_addr;
+	struct  common_firmware_header *header;
+
+	memset(cmd, 0, sizeof(struct psp_gfx_cmd_resp));
+	header = (struct common_firmware_header *)ucode->fw;
+
+	cmd->cmd_id = GFX_CMD_ID_LOAD_IP_FW;
+	cmd->cmd.cmd_load_ip_fw.fw_phy_addr_lo = (uint32_t)fw_mem_mc_addr;
+	cmd->cmd.cmd_load_ip_fw.fw_phy_addr_hi = (uint32_t)((uint64_t)fw_mem_mc_addr >> 32);
+	cmd->cmd.cmd_load_ip_fw.fw_size = le32_to_cpu(header->ucode_size_bytes);
+
+	ret = psp_v10_0_get_fw_type(ucode, &cmd->cmd.cmd_load_ip_fw.fw_type);
+	if (ret)
+		DRM_ERROR("Unknown firmware type\n");
+
+	return ret;
+}
+
+int psp_v10_0_ring_init(struct psp_context *psp, enum psp_ring_type ring_type)
+{
+	int ret = 0;
+	unsigned int psp_ring_reg = 0;
+	struct psp_ring *ring;
+	struct amdgpu_device *adev = psp->adev;
+
+	ring = &psp->km_ring;
+
+	ring->ring_type = ring_type;
+
+	/* allocate 4k Page of Local Frame Buffer memory for ring */
+	ring->ring_size = 0x1000;
+	ret = amdgpu_bo_create_kernel(adev, ring->ring_size, PAGE_SIZE,
+				      AMDGPU_GEM_DOMAIN_VRAM,
+				      &adev->firmware.rbuf,
+				      &ring->ring_mem_mc_addr,
+				      (void **)&ring->ring_mem);
+	if (ret) {
+		ring->ring_size = 0;
+		return ret;
+	}
+
+	/* Write low address of the ring to C2PMSG_69 */
+	psp_ring_reg = lower_32_bits(ring->ring_mem_mc_addr);
+	WREG32(SOC15_REG_OFFSET(MP0, 0, mmMP0_SMN_C2PMSG_69), psp_ring_reg);
+	/* Write high address of the ring to C2PMSG_70 */
+	psp_ring_reg = upper_32_bits(ring->ring_mem_mc_addr);
+	WREG32(SOC15_REG_OFFSET(MP0, 0, mmMP0_SMN_C2PMSG_70), psp_ring_reg);
+	/* Write size of ring to C2PMSG_71 */
+	psp_ring_reg = ring->ring_size;
+	WREG32(SOC15_REG_OFFSET(MP0, 0, mmMP0_SMN_C2PMSG_71), psp_ring_reg);
+	/* Write the ring initialization command to C2PMSG_64 */
+	psp_ring_reg = ring_type;
+	psp_ring_reg = psp_ring_reg << 16;
+	WREG32(SOC15_REG_OFFSET(MP0, 0, mmMP0_SMN_C2PMSG_64), psp_ring_reg);
+	/* Wait for response flag (bit 31) in C2PMSG_64 */
+	psp_ring_reg = 0;
+	while ((psp_ring_reg & 0x80000000) == 0) {
+		psp_ring_reg = RREG32(SOC15_REG_OFFSET(MP0, 0, mmMP0_SMN_C2PMSG_64));
+	}
+
+	return 0;
+}
+
+int psp_v10_0_cmd_submit(struct psp_context *psp,
+		        struct amdgpu_firmware_info *ucode,
+		        uint64_t cmd_buf_mc_addr, uint64_t fence_mc_addr,
+		        int index)
+{
+	unsigned int psp_write_ptr_reg = 0;
+	struct psp_gfx_rb_frame * write_frame = psp->km_ring.ring_mem;
+	struct psp_ring *ring = &psp->km_ring;
+	struct amdgpu_device *adev = psp->adev;
+
+	/* KM (GPCOM) prepare write pointer */
+	psp_write_ptr_reg = RREG32(SOC15_REG_OFFSET(MP0, 0, mmMP0_SMN_C2PMSG_67));
+
+	/* Update KM RB frame pointer to new frame */
+	if ((psp_write_ptr_reg % ring->ring_size) == 0)
+		write_frame = ring->ring_mem;
+	else
+		write_frame = ring->ring_mem + (psp_write_ptr_reg / (sizeof(struct psp_gfx_rb_frame) / 4));
+
+	/* Update KM RB frame */
+	write_frame->cmd_buf_addr_hi = (unsigned int)(cmd_buf_mc_addr >> 32);
+	write_frame->cmd_buf_addr_lo = (unsigned int)(cmd_buf_mc_addr);
+	write_frame->fence_addr_hi = (unsigned int)(fence_mc_addr >> 32);
+	write_frame->fence_addr_lo = (unsigned int)(fence_mc_addr);
+	write_frame->fence_value = index;
+
+	/* Update the write Pointer in DWORDs */
+	psp_write_ptr_reg += sizeof(struct psp_gfx_rb_frame) / 4;
+	psp_write_ptr_reg = (psp_write_ptr_reg >= ring->ring_size) ? 0 : psp_write_ptr_reg;
+	WREG32(SOC15_REG_OFFSET(MP0, 0, mmMP0_SMN_C2PMSG_67), psp_write_ptr_reg);
+
+	return 0;
+}
+
+static int
+psp_v10_0_sram_map(unsigned int *sram_offset, unsigned int *sram_addr_reg_offset,
+		  unsigned int *sram_data_reg_offset,
+		  enum AMDGPU_UCODE_ID ucode_id)
+{
+	int ret = 0;
+
+	switch(ucode_id) {
+/* TODO: needs to confirm */
+#if 0
+	case AMDGPU_UCODE_ID_SMC:
+		*sram_offset = 0;
+		*sram_addr_reg_offset = 0;
+		*sram_data_reg_offset = 0;
+		break;
+#endif
+
+	case AMDGPU_UCODE_ID_CP_CE:
+		*sram_offset = 0x0;
+		*sram_addr_reg_offset = SOC15_REG_OFFSET(GC, 0, mmCP_CE_UCODE_ADDR);
+		*sram_data_reg_offset = SOC15_REG_OFFSET(GC, 0, mmCP_CE_UCODE_DATA);
+		break;
+
+	case AMDGPU_UCODE_ID_CP_PFP:
+		*sram_offset = 0x0;
+		*sram_addr_reg_offset = SOC15_REG_OFFSET(GC, 0, mmCP_PFP_UCODE_ADDR);
+		*sram_data_reg_offset = SOC15_REG_OFFSET(GC, 0, mmCP_PFP_UCODE_DATA);
+		break;
+
+	case AMDGPU_UCODE_ID_CP_ME:
+		*sram_offset = 0x0;
+		*sram_addr_reg_offset = SOC15_REG_OFFSET(GC, 0, mmCP_HYP_ME_UCODE_ADDR);
+		*sram_data_reg_offset = SOC15_REG_OFFSET(GC, 0, mmCP_HYP_ME_UCODE_DATA);
+		break;
+
+	case AMDGPU_UCODE_ID_CP_MEC1:
+		*sram_offset = 0x10000;
+		*sram_addr_reg_offset = SOC15_REG_OFFSET(GC, 0, mmCP_MEC_ME1_UCODE_ADDR);
+		*sram_data_reg_offset = SOC15_REG_OFFSET(GC, 0, mmCP_MEC_ME1_UCODE_DATA);
+		break;
+
+	case AMDGPU_UCODE_ID_CP_MEC2:
+		*sram_offset = 0x10000;
+		*sram_addr_reg_offset = SOC15_REG_OFFSET(GC, 0, mmCP_HYP_MEC2_UCODE_ADDR);
+		*sram_data_reg_offset = SOC15_REG_OFFSET(GC, 0, mmCP_HYP_MEC2_UCODE_DATA);
+		break;
+
+	case AMDGPU_UCODE_ID_RLC_G:
+		*sram_offset = 0x2000;
+		*sram_addr_reg_offset = SOC15_REG_OFFSET(GC, 0, mmRLC_GPM_UCODE_ADDR);
+		*sram_data_reg_offset = SOC15_REG_OFFSET(GC, 0, mmRLC_GPM_UCODE_DATA);
+		break;
+
+	case AMDGPU_UCODE_ID_SDMA0:
+		*sram_offset = 0x0;
+		*sram_addr_reg_offset = SOC15_REG_OFFSET(SDMA0, 0, mmSDMA0_UCODE_ADDR);
+		*sram_data_reg_offset = SOC15_REG_OFFSET(SDMA0, 0, mmSDMA0_UCODE_DATA);
+		break;
+
+/* TODO: needs to confirm */
+#if 0
+	case AMDGPU_UCODE_ID_SDMA1:
+		*sram_offset = ;
+		*sram_addr_reg_offset = ;
+		break;
+
+	case AMDGPU_UCODE_ID_UVD:
+		*sram_offset = ;
+		*sram_addr_reg_offset = ;
+		break;
+
+	case AMDGPU_UCODE_ID_VCE:
+		*sram_offset = ;
+		*sram_addr_reg_offset = ;
+		break;
+#endif
+
+	case AMDGPU_UCODE_ID_MAXIMUM:
+	default:
+		ret = -EINVAL;
+		break;
+	}
+
+	return ret;
+}
+
+bool psp_v10_0_compare_sram_data(struct psp_context *psp,
+				struct amdgpu_firmware_info *ucode,
+				enum AMDGPU_UCODE_ID ucode_type)
+{
+	int err = 0;
+	unsigned int fw_sram_reg_val = 0;
+	unsigned int fw_sram_addr_reg_offset = 0;
+	unsigned int fw_sram_data_reg_offset = 0;
+	unsigned int ucode_size;
+	uint32_t *ucode_mem = NULL;
+	struct amdgpu_device *adev = psp->adev;
+
+	err = psp_v10_0_sram_map(&fw_sram_reg_val, &fw_sram_addr_reg_offset,
+				&fw_sram_data_reg_offset, ucode_type);
+	if (err)
+		return false;
+
+	WREG32(fw_sram_addr_reg_offset, fw_sram_reg_val);
+
+	ucode_size = ucode->ucode_size;
+	ucode_mem = (uint32_t *)ucode->kaddr;
+	while (!ucode_size) {
+		fw_sram_reg_val = RREG32(fw_sram_data_reg_offset);
+
+		if (*ucode_mem != fw_sram_reg_val)
+			return false;
+
+		ucode_mem++;
+		/* 4 bytes */
+		ucode_size -= 4;
+	}
+
+	return true;
+}
