commit 229e3682393c31349539c79131996feeee6d5387
Author: Greg Kroah-Hartman <gregkh@linuxfoundation.org>
Date:   Mon Nov 6 15:37:31 2017 +0100

    USB: gadget: udc: Remove redundant license text
    
    Now that the SPDX tag is in all USB files, that identifies the license
    in a specific and legally-defined manner.  So the extra GPL text wording
    can be removed as it is no longer needed at all.
    
    This is done on a quest to remove the 700+ different ways that files in
    the kernel describe the GPL license text.  And there's unneeded stuff
    like the address (sometimes incorrect) for the FSF which is never
    needed.
    
    No copyright headers or other non-license-description text was removed.
    
    Cc: Kevin Cernekee <cernekee@gmail.com>
    Cc: Florian Fainelli <f.fainelli@gmail.com>
    Cc: Vladimir Zapolskiy <vz@mleia.com>
    Cc: Sylvain Lemieux <slemieux.tyco@gmail.com>
    Cc: Daniel Mack <daniel@zonque.org>
    Cc: Haojian Zhuang <haojian.zhuang@gmail.com>
    Cc: Michal Simek <michal.simek@xilinx.com>
    Cc: "Sören Brinkmann" <soren.brinkmann@xilinx.com>
    Cc: Raviteja Garimella <raviteja.garimella@broadcom.com>
    Cc: Romain Perier <romain.perier@collabora.com>
    Cc: Johan Hovold <johan@kernel.org>
    Cc: Al Cooper <alcooperx@gmail.com>
    Cc: Srinath Mannam <srinath.mannam@broadcom.com>
    Cc: Roger Quadros <rogerq@ti.com>
    Cc: Krzysztof Opasiak <k.opasiak@samsung.com>
    Cc: Stefan Agner <stefan@agner.ch>
    Cc: Alan Stern <stern@rowland.harvard.edu>
    Cc: "Felix Hädicke" <felixhaedicke@web.de>
    Cc: Peter Chen <peter.chen@nxp.com>
    Cc: Allen Pais <allen.lkml@gmail.com>
    Cc: Yuyang Du <yuyang.du@intel.com>
    Acked-by: Felipe Balbi <felipe.balbi@linux.intel.com>
    Acked-by: Nicolas Ferre <nicolas.ferre@microchip.com>
    Acked-by: Robert Jarzmik <robert.jarzmik@free.fr>
    Acked-by: Li Yang <leoyang.li@nxp.com>
    Signed-off-by: Greg Kroah-Hartman <gregkh@linuxfoundation.org>

diff --git a/drivers/usb/gadget/udc/at91_udc.h b/drivers/usb/gadget/udc/at91_udc.h
index 9581a868032e..fd58c5b81826 100644
--- a/drivers/usb/gadget/udc/at91_udc.h
+++ b/drivers/usb/gadget/udc/at91_udc.h
@@ -3,11 +3,6 @@
  * Copyright (C) 2004 by Thomas Rathbone, HP Labs
  * Copyright (C) 2005 by Ivan Kokshaysky
  * Copyright (C) 2006 by SAN People
- *
- * This program is free software; you can redistribute it and/or modify
- * it under the terms of the GNU General Public License as published by
- * the Free Software Foundation; either version 2 of the License, or
- * (at your option) any later version.
  */
 
 #ifndef AT91_UDC_H

commit 5fd54ace4721fc5ce2bb5aef6318fcf17f421460
Author: Greg Kroah-Hartman <gregkh@linuxfoundation.org>
Date:   Fri Nov 3 11:28:30 2017 +0100

    USB: add SPDX identifiers to all remaining files in drivers/usb/
    
    It's good to have SPDX identifiers in all files to make it easier to
    audit the kernel tree for correct licenses.
    
    Update the drivers/usb/ and include/linux/usb* files with the correct
    SPDX license identifier based on the license text in the file itself.
    The SPDX identifier is a legally binding shorthand, which can be used
    instead of the full boiler plate text.
    
    This work is based on a script and data from Thomas Gleixner, Philippe
    Ombredanne, and Kate Stewart.
    
    Cc: Thomas Gleixner <tglx@linutronix.de>
    Cc: Kate Stewart <kstewart@linuxfoundation.org>
    Cc: Philippe Ombredanne <pombredanne@nexb.com>
    Signed-off-by: Greg Kroah-Hartman <gregkh@linuxfoundation.org>
    Acked-by: Felipe Balbi <felipe.balbi@linux.intel.com>
    Acked-by: Johan Hovold <johan@kernel.org>
    Signed-off-by: Greg Kroah-Hartman <gregkh@linuxfoundation.org>

diff --git a/drivers/usb/gadget/udc/at91_udc.h b/drivers/usb/gadget/udc/at91_udc.h
index 9bbe72764f31..9581a868032e 100644
--- a/drivers/usb/gadget/udc/at91_udc.h
+++ b/drivers/usb/gadget/udc/at91_udc.h
@@ -1,3 +1,4 @@
+// SPDX-License-Identifier: GPL-2.0+
 /*
  * Copyright (C) 2004 by Thomas Rathbone, HP Labs
  * Copyright (C) 2005 by Ivan Kokshaysky

commit a4e6a8524f4327105c557eb05dd420a542d7cefc
Author: Joe Perches <joe@perches.com>
Date:   Tue Sep 27 09:16:59 2016 -0700

    usb: Convert pr_warning to pr_warn
    
    Use the more common logging mechanism.
    
    Miscellanea:
    
    o Realign multiline statements
    o Coalesce format
    
    Signed-off-by: Joe Perches <joe@perches.com>
    Acked-by: Nicolas Ferre <nicolas.ferre@atmel.com>
    Acked-by: Robert Jarzmik <robert.jarzmik@free.fr>
    Signed-off-by: Greg Kroah-Hartman <gregkh@linuxfoundation.org>

diff --git a/drivers/usb/gadget/udc/at91_udc.h b/drivers/usb/gadget/udc/at91_udc.h
index 0a433e6b346b..9bbe72764f31 100644
--- a/drivers/usb/gadget/udc/at91_udc.h
+++ b/drivers/usb/gadget/udc/at91_udc.h
@@ -175,7 +175,7 @@ struct at91_request {
 #endif
 
 #define ERR(stuff...)		pr_err("udc: " stuff)
-#define WARNING(stuff...)	pr_warning("udc: " stuff)
+#define WARNING(stuff...)	pr_warn("udc: " stuff)
 #define INFO(stuff...)		pr_info("udc: " stuff)
 #define DBG(stuff...)		pr_debug("udc: " stuff)
 

commit 428163d703712d11cacfddaf30f40b18ccc50042
Author: Alexandre Belloni <alexandre.belloni@free-electrons.com>
Date:   Mon Aug 10 16:46:19 2015 +0200

    usb: gadget: at91_udc: move at91_udc_data in at91_udc.h
    
    struct at91_udc_data is now only used inside the driver, move it to its
    include.
    
    Acked-by: Nicolas Ferre <nicolas.ferre@atmel.com>
    Signed-off-by: Alexandre Belloni <alexandre.belloni@free-electrons.com>
    Signed-off-by: Felipe Balbi <balbi@ti.com>

diff --git a/drivers/usb/gadget/udc/at91_udc.h b/drivers/usb/gadget/udc/at91_udc.h
index 2679c8b217cc..0a433e6b346b 100644
--- a/drivers/usb/gadget/udc/at91_udc.h
+++ b/drivers/usb/gadget/udc/at91_udc.h
@@ -112,6 +112,14 @@ struct at91_udc_caps {
 	void (*pullup)(struct at91_udc *udc, int is_on);
 };
 
+struct at91_udc_data {
+	int	vbus_pin;		/* high == host powering us */
+	u8	vbus_active_low;	/* vbus polarity */
+	u8	vbus_polled;		/* Use polling, not interrupt */
+	int	pullup_pin;		/* active == D+ pulled up */
+	u8	pullup_active_low;	/* true == pullup_pin is active low */
+};
+
 /*
  * driver is non-SMP, and just blocks IRQs whenever it needs
  * access protection for chip registers or driver state

commit 18656782a820f075cb5c168a2e381a8938b1550a
Merge: a233bb742aed 6f4554bdff68
Author: Linus Torvalds <torvalds@linux-foundation.org>
Date:   Tue Feb 17 09:38:59 2015 -0800

    Merge tag 'drivers-for-linus' of git://git.kernel.org/pub/scm/linux/kernel/git/arm/arm-soc
    
    Pull ARM SoC driver updates from Olof Johansson:
     "These are changes for drivers that are intimately tied to some SoC and
      for some reason could not get merged through the respective subsystem
      maintainer tree.
    
      This time around, much of this is for at91, with the bulk of it being
      syscon and udc drivers.
    
      Also, there's:
       - coupled cpuidle support for Samsung Exynos4210
       - Renesas 73A0 common-clk work
       - of/platform changes to tear down DMA mappings on device destruction
       - a few updates to the TI Keystone knav code"
    
    * tag 'drivers-for-linus' of git://git.kernel.org/pub/scm/linux/kernel/git/arm/arm-soc: (26 commits)
      cpuidle: exynos: add coupled cpuidle support for exynos4210
      ARM: EXYNOS: apply S5P_CENTRAL_SEQ_OPTION fix only when necessary
      soc: ti: knav_qmss_queue: change knav_range_setup_acc_irq to static
      soc: ti: knav_qmss_queue: makefile tweak to build as dynamic module
      pcmcia: at91_cf: depend on !ARCH_MULTIPLATFORM
      soc: ti: knav_qmss_queue: export API calls for use by user driver
      of/platform: teardown DMA mappings on device destruction
      usb: gadget: at91_udc: Allocate udc instance
      usb: gadget: at91_udc: Update DT binding documentation
      usb: gadget: at91_udc: Rework for multi-platform kernel support
      usb: gadget: at91_udc: Simplify probe and remove functions
      usb: gadget: at91_udc: Remove non-DT handling code
      usb: gadget: at91_udc: Document DT clocks and clock-names property
      usb: gadget: at91_udc: Drop uclk clock
      usb: gadget: at91_udc: Fix clock names
      mfd: syscon: Add Atmel SMC binding doc
      mfd: syscon: Add atmel-smc registers definition
      mfd: syscon: Add Atmel Matrix bus DT binding documentation
      mfd: syscon: Add atmel-matrix registers definition
      clk: shmobile: fix sparse NULL pointer warning
      ...

commit 7301971f50d08250ecddc1a2298dde5466d6e315
Author: Peter Chen <peter.chen@freescale.com>
Date:   Wed Jan 28 16:32:26 2015 +0800

    usb: gadget: at91_udc: use common is_selfpowered
    
    Delete private selfpowered variable, and use common one.
    
    Signed-off-by: Peter Chen <peter.chen@freescale.com>
    Signed-off-by: Felipe Balbi <balbi@ti.com>

diff --git a/drivers/usb/gadget/udc/at91_udc.h b/drivers/usb/gadget/udc/at91_udc.h
index 017524663381..467dcfb74a51 100644
--- a/drivers/usb/gadget/udc/at91_udc.h
+++ b/drivers/usb/gadget/udc/at91_udc.h
@@ -122,7 +122,6 @@ struct at91_udc {
 	unsigned			req_pending:1;
 	unsigned			wait_for_addr_ack:1;
 	unsigned			wait_for_config_ack:1;
-	unsigned			selfpowered:1;
 	unsigned			active_suspend:1;
 	u8				addr;
 	struct at91_udc_data		board;

commit f0bceab4e3b528e799aba8fda8d2936fcfd41f1f
Author: Boris Brezillon <boris.brezillon@free-electrons.com>
Date:   Wed Jan 14 17:22:02 2015 +0100

    usb: gadget: at91_udc: Rework for multi-platform kernel support
    
    cpu_is_at91xxx are a set of macros defined in mach/cpu.h and are here used
    to detect the SoC we are booting on.
    Use compatible string + a caps structure to replace those cpu_is_xxx tests.
    
    Remove all mach and asm headers (which are now unused).
    
    Signed-off-by: Boris Brezillon <boris.brezillon@free-electrons.com>
    Acked-by: Alexandre Belloni <alexandre.belloni@free-electrons.com>
    Acked-by: Felipe Balbi <balbi@ti.com>
    Signed-off-by: Nicolas Ferre <nicolas.ferre@atmel.com>

diff --git a/drivers/usb/gadget/udc/at91_udc.h b/drivers/usb/gadget/udc/at91_udc.h
index e647d1c2ada4..4fc0daa6587f 100644
--- a/drivers/usb/gadget/udc/at91_udc.h
+++ b/drivers/usb/gadget/udc/at91_udc.h
@@ -107,6 +107,11 @@ struct at91_ep {
 	unsigned			fifo_bank:1;
 };
 
+struct at91_udc_caps {
+	int (*init)(struct at91_udc *udc);
+	void (*pullup)(struct at91_udc *udc, int is_on);
+};
+
 /*
  * driver is non-SMP, and just blocks IRQs whenever it needs
  * access protection for chip registers or driver state
@@ -115,6 +120,7 @@ struct at91_udc {
 	struct usb_gadget		gadget;
 	struct at91_ep			ep[NUM_ENDPOINTS];
 	struct usb_gadget_driver	*driver;
+	const struct at91_udc_caps	*caps;
 	unsigned			vbus:1;
 	unsigned			enabled:1;
 	unsigned			clocked:1;
@@ -134,6 +140,7 @@ struct at91_udc {
 	spinlock_t			lock;
 	struct timer_list		vbus_timer;
 	struct work_struct		vbus_timer_work;
+	struct regmap			*matrix;
 };
 
 static inline struct at91_udc *to_udc(struct usb_gadget *g)

commit 9aa0216550b227f41e3e515d3bfdb336bb92dc38
Author: Boris Brezillon <boris.brezillon@free-electrons.com>
Date:   Wed Jan 14 17:21:58 2015 +0100

    usb: gadget: at91_udc: Drop uclk clock
    
    Now that at91 system clocks forward set_rate request to their parent we
    can remove the uclk clock and directly call clk_set_rate on fclk.
    
    Signed-off-by: Boris Brezillon <boris.brezillon@free-electrons.com>
    Acked-by: Alexandre Belloni <alexandre.belloni@free-electrons.com>
    Acked-by: Felipe Balbi <balbi@ti.com>
    Signed-off-by: Nicolas Ferre <nicolas.ferre@atmel.com>

diff --git a/drivers/usb/gadget/udc/at91_udc.h b/drivers/usb/gadget/udc/at91_udc.h
index 017524663381..e647d1c2ada4 100644
--- a/drivers/usb/gadget/udc/at91_udc.h
+++ b/drivers/usb/gadget/udc/at91_udc.h
@@ -126,7 +126,7 @@ struct at91_udc {
 	unsigned			active_suspend:1;
 	u8				addr;
 	struct at91_udc_data		board;
-	struct clk			*iclk, *fclk, *uclk;
+	struct clk			*iclk, *fclk;
 	struct platform_device		*pdev;
 	struct proc_dir_entry		*pde;
 	void __iomem			*udp_baseaddr;

commit 90fccb529d241b55829701cfb9eb3086570f38b8
Author: Andrzej Pietrasiewicz <andrzej.p@samsung.com>
Date:   Tue Jul 15 13:09:45 2014 +0200

    usb: gadget: Gadget directory cleanup - group UDC drivers
    
    The drivers/usb/gadget directory contains many files.
    Files which are related can be distributed into separate directories.
    This patch moves the UDC drivers into a separate directory.
    
    Signed-off-by: Andrzej Pietrasiewicz <andrzej.p@samsung.com>
    Signed-off-by: Felipe Balbi <balbi@ti.com>

diff --git a/drivers/usb/gadget/udc/at91_udc.h b/drivers/usb/gadget/udc/at91_udc.h
new file mode 100644
index 000000000000..017524663381
--- /dev/null
+++ b/drivers/usb/gadget/udc/at91_udc.h
@@ -0,0 +1,169 @@
+/*
+ * Copyright (C) 2004 by Thomas Rathbone, HP Labs
+ * Copyright (C) 2005 by Ivan Kokshaysky
+ * Copyright (C) 2006 by SAN People
+ *
+ * This program is free software; you can redistribute it and/or modify
+ * it under the terms of the GNU General Public License as published by
+ * the Free Software Foundation; either version 2 of the License, or
+ * (at your option) any later version.
+ */
+
+#ifndef AT91_UDC_H
+#define AT91_UDC_H
+
+/*
+ * USB Device Port (UDP) registers.
+ * Based on AT91RM9200 datasheet revision E.
+ */
+
+#define AT91_UDP_FRM_NUM	0x00		/* Frame Number Register */
+#define     AT91_UDP_NUM	(0x7ff <<  0)	/* Frame Number */
+#define     AT91_UDP_FRM_ERR	(1     << 16)	/* Frame Error */
+#define     AT91_UDP_FRM_OK	(1     << 17)	/* Frame OK */
+
+#define AT91_UDP_GLB_STAT	0x04		/* Global State Register */
+#define     AT91_UDP_FADDEN	(1 <<  0)	/* Function Address Enable */
+#define     AT91_UDP_CONFG	(1 <<  1)	/* Configured */
+#define     AT91_UDP_ESR	(1 <<  2)	/* Enable Send Resume */
+#define     AT91_UDP_RSMINPR	(1 <<  3)	/* Resume has been sent */
+#define     AT91_UDP_RMWUPE	(1 <<  4)	/* Remote Wake Up Enable */
+
+#define AT91_UDP_FADDR		0x08		/* Function Address Register */
+#define     AT91_UDP_FADD	(0x7f << 0)	/* Function Address Value */
+#define     AT91_UDP_FEN	(1    << 8)	/* Function Enable */
+
+#define AT91_UDP_IER		0x10		/* Interrupt Enable Register */
+#define AT91_UDP_IDR		0x14		/* Interrupt Disable Register */
+#define AT91_UDP_IMR		0x18		/* Interrupt Mask Register */
+
+#define AT91_UDP_ISR		0x1c		/* Interrupt Status Register */
+#define     AT91_UDP_EP(n)	(1 << (n))	/* Endpoint Interrupt Status */
+#define     AT91_UDP_RXSUSP	(1 <<  8) 	/* USB Suspend Interrupt Status */
+#define     AT91_UDP_RXRSM	(1 <<  9)	/* USB Resume Interrupt Status */
+#define     AT91_UDP_EXTRSM	(1 << 10)	/* External Resume Interrupt Status [AT91RM9200 only] */
+#define     AT91_UDP_SOFINT	(1 << 11)	/* Start of Frame Interrupt Status */
+#define     AT91_UDP_ENDBUSRES	(1 << 12)	/* End of Bus Reset Interrupt Status */
+#define     AT91_UDP_WAKEUP	(1 << 13)	/* USB Wakeup Interrupt Status [AT91RM9200 only] */
+
+#define AT91_UDP_ICR		0x20		/* Interrupt Clear Register */
+#define AT91_UDP_RST_EP		0x28		/* Reset Endpoint Register */
+
+#define AT91_UDP_CSR(n)		(0x30+((n)*4))	/* Endpoint Control/Status Registers 0-7 */
+#define     AT91_UDP_TXCOMP	(1 <<  0)	/* Generates IN packet with data previously written in DPR */
+#define     AT91_UDP_RX_DATA_BK0 (1 <<  1)	/* Receive Data Bank 0 */
+#define     AT91_UDP_RXSETUP	(1 <<  2)	/* Send STALL to the host */
+#define     AT91_UDP_STALLSENT	(1 <<  3)	/* Stall Sent / Isochronous error (Isochronous endpoints) */
+#define     AT91_UDP_TXPKTRDY	(1 <<  4)	/* Transmit Packet Ready */
+#define     AT91_UDP_FORCESTALL	(1 <<  5)	/* Force Stall */
+#define     AT91_UDP_RX_DATA_BK1 (1 <<  6)	/* Receive Data Bank 1 */
+#define     AT91_UDP_DIR	(1 <<  7)	/* Transfer Direction */
+#define     AT91_UDP_EPTYPE	(7 <<  8)	/* Endpoint Type */
+#define		AT91_UDP_EPTYPE_CTRL		(0 <<  8)
+#define		AT91_UDP_EPTYPE_ISO_OUT		(1 <<  8)
+#define		AT91_UDP_EPTYPE_BULK_OUT	(2 <<  8)
+#define		AT91_UDP_EPTYPE_INT_OUT		(3 <<  8)
+#define		AT91_UDP_EPTYPE_ISO_IN		(5 <<  8)
+#define		AT91_UDP_EPTYPE_BULK_IN		(6 <<  8)
+#define		AT91_UDP_EPTYPE_INT_IN		(7 <<  8)
+#define     AT91_UDP_DTGLE	(1 << 11)	/* Data Toggle */
+#define     AT91_UDP_EPEDS	(1 << 15)	/* Endpoint Enable/Disable */
+#define     AT91_UDP_RXBYTECNT	(0x7ff << 16)	/* Number of bytes in FIFO */
+
+#define AT91_UDP_FDR(n)		(0x50+((n)*4))	/* Endpoint FIFO Data Registers 0-7 */
+
+#define AT91_UDP_TXVC		0x74		/* Transceiver Control Register */
+#define     AT91_UDP_TXVC_TXVDIS (1 << 8)	/* Transceiver Disable */
+#define     AT91_UDP_TXVC_PUON   (1 << 9)	/* PullUp On [AT91SAM9260 only] */
+
+/*-------------------------------------------------------------------------*/
+
+/*
+ * controller driver data structures
+ */
+
+#define	NUM_ENDPOINTS	6
+
+/*
+ * hardware won't disable bus reset, or resume while the controller
+ * is suspended ... watching suspend helps keep the logic symmetric.
+ */
+#define	MINIMUS_INTERRUPTUS \
+	(AT91_UDP_ENDBUSRES | AT91_UDP_RXRSM | AT91_UDP_RXSUSP)
+
+struct at91_ep {
+	struct usb_ep			ep;
+	struct list_head		queue;
+	struct at91_udc			*udc;
+	void __iomem			*creg;
+
+	unsigned			maxpacket:16;
+	u8				int_mask;
+	unsigned			is_pingpong:1;
+
+	unsigned			stopped:1;
+	unsigned			is_in:1;
+	unsigned			is_iso:1;
+	unsigned			fifo_bank:1;
+};
+
+/*
+ * driver is non-SMP, and just blocks IRQs whenever it needs
+ * access protection for chip registers or driver state
+ */
+struct at91_udc {
+	struct usb_gadget		gadget;
+	struct at91_ep			ep[NUM_ENDPOINTS];
+	struct usb_gadget_driver	*driver;
+	unsigned			vbus:1;
+	unsigned			enabled:1;
+	unsigned			clocked:1;
+	unsigned			suspended:1;
+	unsigned			req_pending:1;
+	unsigned			wait_for_addr_ack:1;
+	unsigned			wait_for_config_ack:1;
+	unsigned			selfpowered:1;
+	unsigned			active_suspend:1;
+	u8				addr;
+	struct at91_udc_data		board;
+	struct clk			*iclk, *fclk, *uclk;
+	struct platform_device		*pdev;
+	struct proc_dir_entry		*pde;
+	void __iomem			*udp_baseaddr;
+	int				udp_irq;
+	spinlock_t			lock;
+	struct timer_list		vbus_timer;
+	struct work_struct		vbus_timer_work;
+};
+
+static inline struct at91_udc *to_udc(struct usb_gadget *g)
+{
+	return container_of(g, struct at91_udc, gadget);
+}
+
+struct at91_request {
+	struct usb_request		req;
+	struct list_head		queue;
+};
+
+/*-------------------------------------------------------------------------*/
+
+#ifdef VERBOSE_DEBUG
+#    define VDBG		DBG
+#else
+#    define VDBG(stuff...)	do{}while(0)
+#endif
+
+#ifdef PACKET_TRACE
+#    define PACKET		VDBG
+#else
+#    define PACKET(stuff...)	do{}while(0)
+#endif
+
+#define ERR(stuff...)		pr_err("udc: " stuff)
+#define WARNING(stuff...)	pr_warning("udc: " stuff)
+#define INFO(stuff...)		pr_info("udc: " stuff)
+#define DBG(stuff...)		pr_debug("udc: " stuff)
+
+#endif
+
