commit 75a6faf617d107bdbc74d36ccf89f2280b96ac26
Author: Thomas Gleixner <tglx@linutronix.de>
Date:   Sat Jun 1 10:08:37 2019 +0200

    treewide: Replace GPLv2 boilerplate/reference with SPDX - rule 422
    
    Based on 1 normalized pattern(s):
    
      this program is free software you can redistribute it and or modify
      it under the terms and conditions of the gnu general public license
      version 2 as published by the free software foundation
    
    extracted by the scancode license scanner the SPDX license identifier
    
      GPL-2.0-only
    
    has been chosen to replace the boilerplate/reference in 101 file(s).
    
    Signed-off-by: Thomas Gleixner <tglx@linutronix.de>
    Reviewed-by: Allison Randal <allison@lohutok.net>
    Cc: linux-spdx@vger.kernel.org
    Link: https://lkml.kernel.org/r/20190531190113.822954939@linutronix.de
    Signed-off-by: Greg Kroah-Hartman <gregkh@linuxfoundation.org>

diff --git a/drivers/net/ethernet/aquantia/atlantic/aq_main.h b/drivers/net/ethernet/aquantia/atlantic/aq_main.h
index 5448b82fb7ea..a5a624b9ce73 100644
--- a/drivers/net/ethernet/aquantia/atlantic/aq_main.h
+++ b/drivers/net/ethernet/aquantia/atlantic/aq_main.h
@@ -1,10 +1,7 @@
+/* SPDX-License-Identifier: GPL-2.0-only */
 /*
  * aQuantia Corporation Network Driver
  * Copyright (C) 2014-2017 aQuantia Corporation. All rights reserved
- *
- * This program is free software; you can redistribute it and/or modify it
- * under the terms and conditions of the GNU General Public License,
- * version 2, as published by the Free Software Foundation.
  */
 
 /* File aq_main.h: Main file for aQuantia Linux driver. */

commit 58608082e66ddf9643cf6b98fe81c216a410ced1
Author: Nikita Danilov <ndanilov@aquantia.com>
Date:   Mon Apr 29 10:04:45 2019 +0000

    net: aquantia: create global service workqueue
    
    We need this to schedule link interrupt handling and
    various service tasks.
    
    Signed-off-by: Nikita Danilov <ndanilov@aquantia.com>
    Signed-off-by: Igor Russkikh <igor.russkikh@aquantia.com>
    Signed-off-by: David S. Miller <davem@davemloft.net>

diff --git a/drivers/net/ethernet/aquantia/atlantic/aq_main.h b/drivers/net/ethernet/aquantia/atlantic/aq_main.h
index ce92152eb43e..5448b82fb7ea 100644
--- a/drivers/net/ethernet/aquantia/atlantic/aq_main.h
+++ b/drivers/net/ethernet/aquantia/atlantic/aq_main.h
@@ -13,7 +13,9 @@
 #define AQ_MAIN_H
 
 #include "aq_common.h"
+#include "aq_nic.h"
 
+void aq_ndev_schedule_work(struct work_struct *work);
 struct net_device *aq_ndev_alloc(void);
 
 #endif /* AQ_MAIN_H */

commit 5b97b0d10eddeeec258b807f009a2cb2764653c7
Author: Igor Russkikh <igor.russkikh@aquantia.com>
Date:   Mon Jan 15 16:41:18 2018 +0300

    net: aquantia: Simplify dependencies between pci modules
    
    Eliminate useless passing of net_device_ops and ethtools_ops through
    deep chain of calls.
    Move all pci related code into aq_pci_func module.
    
    Signed-off-by: Igor Russkikh <igor.russkikh@aquantia.com>
    Signed-off-by: David S. Miller <davem@davemloft.net>

diff --git a/drivers/net/ethernet/aquantia/atlantic/aq_main.h b/drivers/net/ethernet/aquantia/atlantic/aq_main.h
index 9748e7e575e0..ce92152eb43e 100644
--- a/drivers/net/ethernet/aquantia/atlantic/aq_main.h
+++ b/drivers/net/ethernet/aquantia/atlantic/aq_main.h
@@ -14,4 +14,6 @@
 
 #include "aq_common.h"
 
+struct net_device *aq_ndev_alloc(void);
+
 #endif /* AQ_MAIN_H */

commit 97bde5c4f909a55ab4c36cf0ac9094f6c9e4cdf6
Author: David VomLehn <vomlehn@texas.net>
Date:   Mon Jan 23 22:09:12 2017 -0800

    net: ethernet: aquantia: Support for NIC-specific code
    
    Add support for code specific to the Atlantic NIC.
    
    Signed-off-by: Alexander Loktionov <Alexander.Loktionov@aquantia.com>
    Signed-off-by: Dmitrii Tarakanov <Dmitrii.Tarakanov@aquantia.com>
    Signed-off-by: Pavel Belous <Pavel.Belous@aquantia.com>
    Signed-off-by: Dmitry Bezrukov <Dmitry.Bezrukov@aquantia.com>
    Signed-off-by: David M. VomLehn <vomlehn@texas.net>
    Signed-off-by: David S. Miller <davem@davemloft.net>

diff --git a/drivers/net/ethernet/aquantia/atlantic/aq_main.h b/drivers/net/ethernet/aquantia/atlantic/aq_main.h
new file mode 100644
index 000000000000..9748e7e575e0
--- /dev/null
+++ b/drivers/net/ethernet/aquantia/atlantic/aq_main.h
@@ -0,0 +1,17 @@
+/*
+ * aQuantia Corporation Network Driver
+ * Copyright (C) 2014-2017 aQuantia Corporation. All rights reserved
+ *
+ * This program is free software; you can redistribute it and/or modify it
+ * under the terms and conditions of the GNU General Public License,
+ * version 2, as published by the Free Software Foundation.
+ */
+
+/* File aq_main.h: Main file for aQuantia Linux driver. */
+
+#ifndef AQ_MAIN_H
+#define AQ_MAIN_H
+
+#include "aq_common.h"
+
+#endif /* AQ_MAIN_H */
