commit 71e2f4dd5a65bd8dbca0b77661e75eea471168f8
Author: Jiaxun Yang <jiaxun.yang@flygoat.com>
Date:   Sun Oct 20 22:43:14 2019 +0800

    MIPS: Fork loongson2ef from loongson64
    
    As later model of GSx64 family processors including 2-series-soc have
    similar design with initial loongson3a while loongson2e/f seems less
    identical, we separate loongson2e/f support code out of mach-loongson64
    to make our life easier.
    
    This patch contains mostly file moving works.
    
    Signed-off-by: Jiaxun Yang <jiaxun.yang@flygoat.com>
    [paulburton@kernel.org: Squash in the MAINTAINERS updates]
    Signed-off-by: Paul Burton <paulburton@kernel.org>
    Cc: linux-mips@vger.kernel.org
    Cc: paul.burton@mips.com

diff --git a/arch/mips/loongson2ef/common/rtc.c b/arch/mips/loongson2ef/common/rtc.c
new file mode 100644
index 000000000000..8d7628c0f513
--- /dev/null
+++ b/arch/mips/loongson2ef/common/rtc.c
@@ -0,0 +1,39 @@
+// SPDX-License-Identifier: GPL-2.0-or-later
+/*
+ *  Lemote Fuloong platform support
+ *
+ *  Copyright(c) 2010 Arnaud Patard <apatard@mandriva.com>
+ */
+
+#include <linux/init.h>
+#include <linux/kernel.h>
+#include <linux/platform_device.h>
+#include <linux/mc146818rtc.h>
+
+static struct resource loongson_rtc_resources[] = {
+	{
+		.start	= RTC_PORT(0),
+		.end	= RTC_PORT(1),
+		.flags	= IORESOURCE_IO,
+	}, {
+		.start	= RTC_IRQ,
+		.end	= RTC_IRQ,
+		.flags	= IORESOURCE_IRQ,
+	}
+};
+
+static struct platform_device loongson_rtc_device = {
+	.name		= "rtc_cmos",
+	.id		= -1,
+	.resource	= loongson_rtc_resources,
+	.num_resources	= ARRAY_SIZE(loongson_rtc_resources),
+};
+
+
+static int __init loongson_rtc_platform_init(void)
+{
+	platform_device_register(&loongson_rtc_device);
+	return 0;
+}
+
+device_initcall(loongson_rtc_platform_init);
