commit 1a0afbec55b8e3637682f06904ff9373b084823c
Author: Gabriela Bittencourt <gabrielabittencourt00@gmail.com>
Date:   Thu Oct 31 20:02:42 2019 -0300

    staging: rts5208: Eliminate the use of Camel Case in files xd.{h, c}
    
    Cleans up checks of "Avoid CamelCase" in files xd.{h,c}
    
    Acked-by: Julia Lawall <julia.lawall@lip6.fr>
    Signed-off-by: Gabriela Bittencourt <gabrielabittencourt00@gmail.com>
    Link: https://lore.kernel.org/r/20191031230243.3462-3-gabrielabittencourt00@gmail.com
    Signed-off-by: Greg Kroah-Hartman <gregkh@linuxfoundation.org>

diff --git a/drivers/staging/rts5208/xd.h b/drivers/staging/rts5208/xd.h
index 57b94129b26f..98c00f268e56 100644
--- a/drivers/staging/rts5208/xd.h
+++ b/drivers/staging/rts5208/xd.h
@@ -36,7 +36,7 @@
 #define	BLK_ERASE_1			0x60
 #define	BLK_ERASE_2			0xD0
 #define READ_STS			0x70
-#define READ_xD_ID			0x9A
+#define READ_XD_ID			0x9A
 #define	COPY_BACK_512			0x8A
 #define	COPY_BACK_2K			0x85
 #define	READ1_1_2			0x30
@@ -72,8 +72,8 @@
 #define	XD_128M_X16_2048		0xC1
 #define	XD_4M_X8_512_1			0xE3
 #define	XD_4M_X8_512_2			0xE5
-#define	xD_1G_X8_512			0xD3
-#define	xD_2G_X8_512			0xD5
+#define	XD_1G_X8_512			0xD3
+#define	XD_2G_X8_512			0xD5
 
 #define	XD_ID_CODE			0xB5
 

commit bac7473685b00e03b21413f41c1ae102aa3dc876
Author: Kim Bradley <kim.jamie.bradley@gmail.com>
Date:   Mon Oct 29 10:38:25 2018 +0000

    Staging: rts5208: Capitalise preprocessor variable names
    
    Capitalise header preprocesser variable names (and all
    occurences) to remove checkpatch camelcase warnings.
    
    Signed-off-by: Kim Bradley <kim.jamie.bradley@gmail.com>
    Acked-by: Julia Lawall <julia.lawall@lip6.fr>
    Signed-off-by: Greg Kroah-Hartman <gregkh@linuxfoundation.org>

diff --git a/drivers/staging/rts5208/xd.h b/drivers/staging/rts5208/xd.h
index bf21bf0d1616..57b94129b26f 100644
--- a/drivers/staging/rts5208/xd.h
+++ b/drivers/staging/rts5208/xd.h
@@ -90,7 +90,7 @@
 #define	NO_OFFSET			0x0
 #define	WITH_OFFSET			0x1
 
-#define	Sect_Per_Page			4
+#define	SECT_PER_PAGE			4
 #define	XD_ADDR_MODE_2C			XD_ADDR_MODE_2A
 
 #define ZONE0_BAD_BLOCK			23

commit bb1e67793f3ee42449f60c2288096da01199443e
Author: Kim Bradley <kim.jamie.bradley@gmail.com>
Date:   Mon Oct 22 21:10:26 2018 +0100

    Staging: rts5208: Add SPDX license tags
    
    Add SPDX license tags to remove checkpatch SPDX warnings.
    
    Signed-off-by: Kim Bradley <kim.jamie.bradley@gmail.com>
    Signed-off-by: Greg Kroah-Hartman <gregkh@linuxfoundation.org>

diff --git a/drivers/staging/rts5208/xd.h b/drivers/staging/rts5208/xd.h
index d5f10880efb7..bf21bf0d1616 100644
--- a/drivers/staging/rts5208/xd.h
+++ b/drivers/staging/rts5208/xd.h
@@ -1,21 +1,9 @@
-/* Driver for Realtek PCI-Express card reader
- * Header file
+/* SPDX-License-Identifier: GPL-2.0+ */
+/*
+ * Driver for Realtek PCI-Express card reader
  *
  * Copyright(c) 2009-2013 Realtek Semiconductor Corp. All rights reserved.
  *
- * This program is free software; you can redistribute it and/or modify it
- * under the terms of the GNU General Public License as published by the
- * Free Software Foundation; either version 2, or (at your option) any
- * later version.
- *
- * This program is distributed in the hope that it will be useful, but
- * WITHOUT ANY WARRANTY; without even the implied warranty of
- * MERCHANTABILITY or FITNESS FOR A PARTICULAR PURPOSE.  See the GNU
- * General Public License for more details.
- *
- * You should have received a copy of the GNU General Public License along
- * with this program; if not, see <http://www.gnu.org/licenses/>.
- *
  * Author:
  *   Wei WANG (wei_wang@realsil.com.cn)
  *   Micky Ching (micky_ching@realsil.com.cn)

commit b32e807d262ebed54fd8a40345485af4f2b1891a
Author: Wayne Porter <wporter82@gmail.com>
Date:   Mon Oct 3 23:16:43 2016 +0000

    staging: rts5208: xd.h: Alignment fix
    
    Change alignment to match open parenthesis
    
    Signed-off-by: Wayne Porter <wporter82@gmail.com>
    Signed-off-by: Greg Kroah-Hartman <gregkh@linuxfoundation.org>

diff --git a/drivers/staging/rts5208/xd.h b/drivers/staging/rts5208/xd.h
index 938138c50bb5..d5f10880efb7 100644
--- a/drivers/staging/rts5208/xd.h
+++ b/drivers/staging/rts5208/xd.h
@@ -179,7 +179,7 @@ int reset_xd_card(struct rtsx_chip *chip);
 int xd_delay_write(struct rtsx_chip *chip);
 #endif
 int xd_rw(struct scsi_cmnd *srb, struct rtsx_chip *chip,
-	u32 start_sector, u16 sector_cnt);
+	  u32 start_sector, u16 sector_cnt);
 void xd_free_l2p_tbl(struct rtsx_chip *chip);
 void xd_cleanup_work(struct rtsx_chip *chip);
 int xd_power_off_card3v3(struct rtsx_chip *chip);

commit fa590c222fbaa428edb2ce2194638906cea1400a
Author: Micky Ching <micky_ching@realsil.com.cn>
Date:   Tue Nov 12 17:16:08 2013 +0800

    staging: rts5208: add support for rts5208 and rts5288
    
    There are still many rts5208/5288 card readers being used, but no
    drivers are supported them in kernel now. This driver can make a
    great convenience for people who use them.
    
    Many other rts-series card reader are supported by mfd driver, but due
    to much difference with others, rts5208/5288 can not add into mfd driver
    pretty now, so we provide a separated driver here to support the device.
    
    Signed-off-by: Micky Ching <micky_ching@realsil.com.cn>
    Signed-off-by: Greg Kroah-Hartman <gregkh@linuxfoundation.org>

diff --git a/drivers/staging/rts5208/xd.h b/drivers/staging/rts5208/xd.h
new file mode 100644
index 000000000000..938138c50bb5
--- /dev/null
+++ b/drivers/staging/rts5208/xd.h
@@ -0,0 +1,188 @@
+/* Driver for Realtek PCI-Express card reader
+ * Header file
+ *
+ * Copyright(c) 2009-2013 Realtek Semiconductor Corp. All rights reserved.
+ *
+ * This program is free software; you can redistribute it and/or modify it
+ * under the terms of the GNU General Public License as published by the
+ * Free Software Foundation; either version 2, or (at your option) any
+ * later version.
+ *
+ * This program is distributed in the hope that it will be useful, but
+ * WITHOUT ANY WARRANTY; without even the implied warranty of
+ * MERCHANTABILITY or FITNESS FOR A PARTICULAR PURPOSE.  See the GNU
+ * General Public License for more details.
+ *
+ * You should have received a copy of the GNU General Public License along
+ * with this program; if not, see <http://www.gnu.org/licenses/>.
+ *
+ * Author:
+ *   Wei WANG (wei_wang@realsil.com.cn)
+ *   Micky Ching (micky_ching@realsil.com.cn)
+ */
+
+#ifndef __REALTEK_RTSX_XD_H
+#define __REALTEK_RTSX_XD_H
+
+#define	XD_DELAY_WRITE
+
+/* Error Codes */
+#define	XD_NO_ERROR			0x00
+#define	XD_NO_MEMORY			0x80
+#define	XD_PRG_ERROR			0x40
+#define	XD_NO_CARD			0x20
+#define	XD_READ_FAIL			0x10
+#define	XD_ERASE_FAIL			0x08
+#define	XD_WRITE_FAIL			0x04
+#define	XD_ECC_ERROR			0x02
+#define	XD_TO_ERROR			0x01
+
+/* XD Commands */
+#define	READ1_1				0x00
+#define	READ1_2				0x01
+#define	READ2				0x50
+#define READ_ID				0x90
+#define RESET				0xff
+#define PAGE_PRG_1			0x80
+#define PAGE_PRG_2			0x10
+#define	BLK_ERASE_1			0x60
+#define	BLK_ERASE_2			0xD0
+#define READ_STS			0x70
+#define READ_xD_ID			0x9A
+#define	COPY_BACK_512			0x8A
+#define	COPY_BACK_2K			0x85
+#define	READ1_1_2			0x30
+#define	READ1_1_3			0x35
+#define	CHG_DAT_OUT_1			0x05
+#define RDM_DAT_OUT_1			0x05
+#define	CHG_DAT_OUT_2			0xE0
+#define RDM_DAT_OUT_2			0xE0
+#define	CHG_DAT_OUT_2			0xE0
+#define	CHG_DAT_IN_1			0x85
+#define	CACHE_PRG			0x15
+
+/* Redundant Area Related */
+#define XD_EXTRA_SIZE			0x10
+#define XD_2K_EXTRA_SIZE		0x40
+
+#define	NOT_WRITE_PROTECTED		0x80
+#define	READY_STATE			0x40
+#define	PROGRAM_ERROR			0x01
+#define	PROGRAM_ERROR_N_1		0x02
+#define	INTERNAL_READY			0x20
+#define	READY_FLAG			0x5F
+
+#define	XD_8M_X8_512			0xE6
+#define	XD_16M_X8_512			0x73
+#define	XD_32M_X8_512			0x75
+#define	XD_64M_X8_512			0x76
+#define	XD_128M_X8_512			0x79
+#define	XD_256M_X8_512			0x71
+#define	XD_128M_X8_2048			0xF1
+#define	XD_256M_X8_2048			0xDA
+#define	XD_512M_X8			0xDC
+#define	XD_128M_X16_2048		0xC1
+#define	XD_4M_X8_512_1			0xE3
+#define	XD_4M_X8_512_2			0xE5
+#define	xD_1G_X8_512			0xD3
+#define	xD_2G_X8_512			0xD5
+
+#define	XD_ID_CODE			0xB5
+
+#define	VENDOR_BLOCK			0xEFFF
+#define	CIS_BLOCK			0xDFFF
+
+#define	BLK_NOT_FOUND			0xFFFFFFFF
+
+#define	NO_NEW_BLK			0xFFFFFFFF
+
+#define	PAGE_CORRECTABLE		0x0
+#define	PAGE_NOTCORRECTABLE		0x1
+
+#define	NO_OFFSET			0x0
+#define	WITH_OFFSET			0x1
+
+#define	Sect_Per_Page			4
+#define	XD_ADDR_MODE_2C			XD_ADDR_MODE_2A
+
+#define ZONE0_BAD_BLOCK			23
+#define NOT_ZONE0_BAD_BLOCK		24
+
+#define	XD_RW_ADDR			0x01
+#define	XD_ERASE_ADDR			0x02
+
+#define	XD_PAGE_512(xd_card)		\
+do {					\
+	(xd_card)->block_shift = 5;	\
+	(xd_card)->page_off = 0x1F;	\
+} while (0)
+
+#define	XD_SET_BAD_NEWBLK(xd_card)	((xd_card)->multi_flag |= 0x01)
+#define	XD_CLR_BAD_NEWBLK(xd_card)	((xd_card)->multi_flag &= ~0x01)
+#define	XD_CHK_BAD_NEWBLK(xd_card)	((xd_card)->multi_flag & 0x01)
+
+#define	XD_SET_BAD_OLDBLK(xd_card)	((xd_card)->multi_flag |= 0x02)
+#define	XD_CLR_BAD_OLDBLK(xd_card)	((xd_card)->multi_flag &= ~0x02)
+#define	XD_CHK_BAD_OLDBLK(xd_card)	((xd_card)->multi_flag & 0x02)
+
+#define	XD_SET_MBR_FAIL(xd_card)	((xd_card)->multi_flag |= 0x04)
+#define	XD_CLR_MBR_FAIL(xd_card)	((xd_card)->multi_flag &= ~0x04)
+#define	XD_CHK_MBR_FAIL(xd_card)	((xd_card)->multi_flag & 0x04)
+
+#define	XD_SET_ECC_FLD_ERR(xd_card)	((xd_card)->multi_flag |= 0x08)
+#define	XD_CLR_ECC_FLD_ERR(xd_card)	((xd_card)->multi_flag &= ~0x08)
+#define	XD_CHK_ECC_FLD_ERR(xd_card)	((xd_card)->multi_flag & 0x08)
+
+#define	XD_SET_4MB(xd_card)		((xd_card)->multi_flag |= 0x10)
+#define	XD_CLR_4MB(xd_card)		((xd_card)->multi_flag &= ~0x10)
+#define	XD_CHK_4MB(xd_card)		((xd_card)->multi_flag & 0x10)
+
+#define	XD_SET_ECC_ERR(xd_card)		((xd_card)->multi_flag |= 0x40)
+#define	XD_CLR_ECC_ERR(xd_card)		((xd_card)->multi_flag &= ~0x40)
+#define	XD_CHK_ECC_ERR(xd_card)		((xd_card)->multi_flag & 0x40)
+
+#define PAGE_STATUS		0
+#define BLOCK_STATUS		1
+#define BLOCK_ADDR1_L		2
+#define BLOCK_ADDR1_H		3
+#define BLOCK_ADDR2_L		4
+#define BLOCK_ADDR2_H		5
+#define RESERVED0		6
+#define RESERVED1		7
+#define RESERVED2		8
+#define RESERVED3		9
+#define PARITY			10
+
+#define	CIS0_0			0
+#define	CIS0_1			1
+#define	CIS0_2			2
+#define	CIS0_3			3
+#define	CIS0_4			4
+#define	CIS0_5			5
+#define	CIS0_6			6
+#define	CIS0_7			7
+#define	CIS0_8			8
+#define	CIS0_9			9
+#define	CIS1_0			256
+#define	CIS1_1			(256 + 1)
+#define	CIS1_2			(256 + 2)
+#define	CIS1_3			(256 + 3)
+#define	CIS1_4			(256 + 4)
+#define	CIS1_5			(256 + 5)
+#define	CIS1_6			(256 + 6)
+#define	CIS1_7			(256 + 7)
+#define	CIS1_8			(256 + 8)
+#define	CIS1_9			(256 + 9)
+
+int reset_xd_card(struct rtsx_chip *chip);
+#ifdef XD_DELAY_WRITE
+int xd_delay_write(struct rtsx_chip *chip);
+#endif
+int xd_rw(struct scsi_cmnd *srb, struct rtsx_chip *chip,
+	u32 start_sector, u16 sector_cnt);
+void xd_free_l2p_tbl(struct rtsx_chip *chip);
+void xd_cleanup_work(struct rtsx_chip *chip);
+int xd_power_off_card3v3(struct rtsx_chip *chip);
+int release_xd_card(struct rtsx_chip *chip);
+
+#endif  /* __REALTEK_RTSX_XD_H */
