commit 84b2170109e4db0505df3bcdf1c4bf3aabcc7145
Author: Krzysztof Kozlowski <krzk@kernel.org>
Date:   Mon Dec 25 20:54:32 2017 +0100

    ARM: S3C24XX: Add SPDX license identifiers
    
    Replace GPL license statements with SPDX license identifiers (GPL-2.0
    and GPL-2.0+).  The h1940-bluetooth.c was licensed under GPL-1.0.  This
    also adds GPL-2.0 to few files lacking license statement.
    
    Signed-off-by: Krzysztof Kozlowski <krzk@kernel.org>

diff --git a/arch/arm/mach-s3c24xx/include/mach/fb.h b/arch/arm/mach-s3c24xx/include/mach/fb.h
index a957bc8ed44f..4e539cb8b884 100644
--- a/arch/arm/mach-s3c24xx/include/mach/fb.h
+++ b/arch/arm/mach-s3c24xx/include/mach/fb.h
@@ -1 +1,2 @@
+/* SPDX-License-Identifier: GPL-2.0 */
 #include <plat/fb-s3c2410.h>

commit 85fd6d63bf2927b9da7ab1b0d46723bfdb13808c
Author: Kukjin Kim <kgene.kim@samsung.com>
Date:   Mon Feb 6 09:38:19 2012 +0900

    ARM: S3C2410: move mach-s3c2410/* into mach-s3c24xx/
    
    This patch moves S3C2410 stuff into mach-s3c24xx/ directory
    so that we can merge the s3c24 series' directories to the
    just one mach-s3c24xx/ directory.
    
    And this patch is including following.
    - re-ordered alphabetically by option text at Kconfig and Makefile
    - removed unused option, MACH_N35
    - fixed duplcated option name, S3C2410_DMA to S3C24XX_DMA which is
      in plat-s3c24xx/
    
    Cc: Ben Dooks <ben-linux@fluff.org>
    Cc: Russell King <rmk+kernel@arm.linux.org.uk>
    Signed-off-by: Kukjin Kim <kgene.kim@samsung.com>

diff --git a/arch/arm/mach-s3c24xx/include/mach/fb.h b/arch/arm/mach-s3c24xx/include/mach/fb.h
new file mode 100644
index 000000000000..a957bc8ed44f
--- /dev/null
+++ b/arch/arm/mach-s3c24xx/include/mach/fb.h
@@ -0,0 +1 @@
+#include <plat/fb-s3c2410.h>
