commit b24413180f5600bcb3bb70fbed5cf186b60864bd
Author: Greg Kroah-Hartman <gregkh@linuxfoundation.org>
Date:   Wed Nov 1 15:07:57 2017 +0100

    License cleanup: add SPDX GPL-2.0 license identifier to files with no license
    
    Many source files in the tree are missing licensing information, which
    makes it harder for compliance tools to determine the correct license.
    
    By default all files without license information are under the default
    license of the kernel, which is GPL version 2.
    
    Update the files which contain no license information with the 'GPL-2.0'
    SPDX license identifier.  The SPDX identifier is a legally binding
    shorthand, which can be used instead of the full boiler plate text.
    
    This patch is based on work done by Thomas Gleixner and Kate Stewart and
    Philippe Ombredanne.
    
    How this work was done:
    
    Patches were generated and checked against linux-4.14-rc6 for a subset of
    the use cases:
     - file had no licensing information it it.
     - file was a */uapi/* one with no licensing information in it,
     - file was a */uapi/* one with existing licensing information,
    
    Further patches will be generated in subsequent months to fix up cases
    where non-standard license headers were used, and references to license
    had to be inferred by heuristics based on keywords.
    
    The analysis to determine which SPDX License Identifier to be applied to
    a file was done in a spreadsheet of side by side results from of the
    output of two independent scanners (ScanCode & Windriver) producing SPDX
    tag:value files created by Philippe Ombredanne.  Philippe prepared the
    base worksheet, and did an initial spot review of a few 1000 files.
    
    The 4.13 kernel was the starting point of the analysis with 60,537 files
    assessed.  Kate Stewart did a file by file comparison of the scanner
    results in the spreadsheet to determine which SPDX license identifier(s)
    to be applied to the file. She confirmed any determination that was not
    immediately clear with lawyers working with the Linux Foundation.
    
    Criteria used to select files for SPDX license identifier tagging was:
     - Files considered eligible had to be source code files.
     - Make and config files were included as candidates if they contained >5
       lines of source
     - File already had some variant of a license header in it (even if <5
       lines).
    
    All documentation files were explicitly excluded.
    
    The following heuristics were used to determine which SPDX license
    identifiers to apply.
    
     - when both scanners couldn't find any license traces, file was
       considered to have no license information in it, and the top level
       COPYING file license applied.
    
       For non */uapi/* files that summary was:
    
       SPDX license identifier                            # files
       ---------------------------------------------------|-------
       GPL-2.0                                              11139
    
       and resulted in the first patch in this series.
    
       If that file was a */uapi/* path one, it was "GPL-2.0 WITH
       Linux-syscall-note" otherwise it was "GPL-2.0".  Results of that was:
    
       SPDX license identifier                            # files
       ---------------------------------------------------|-------
       GPL-2.0 WITH Linux-syscall-note                        930
    
       and resulted in the second patch in this series.
    
     - if a file had some form of licensing information in it, and was one
       of the */uapi/* ones, it was denoted with the Linux-syscall-note if
       any GPL family license was found in the file or had no licensing in
       it (per prior point).  Results summary:
    
       SPDX license identifier                            # files
       ---------------------------------------------------|------
       GPL-2.0 WITH Linux-syscall-note                       270
       GPL-2.0+ WITH Linux-syscall-note                      169
       ((GPL-2.0 WITH Linux-syscall-note) OR BSD-2-Clause)    21
       ((GPL-2.0 WITH Linux-syscall-note) OR BSD-3-Clause)    17
       LGPL-2.1+ WITH Linux-syscall-note                      15
       GPL-1.0+ WITH Linux-syscall-note                       14
       ((GPL-2.0+ WITH Linux-syscall-note) OR BSD-3-Clause)    5
       LGPL-2.0+ WITH Linux-syscall-note                       4
       LGPL-2.1 WITH Linux-syscall-note                        3
       ((GPL-2.0 WITH Linux-syscall-note) OR MIT)              3
       ((GPL-2.0 WITH Linux-syscall-note) AND MIT)             1
    
       and that resulted in the third patch in this series.
    
     - when the two scanners agreed on the detected license(s), that became
       the concluded license(s).
    
     - when there was disagreement between the two scanners (one detected a
       license but the other didn't, or they both detected different
       licenses) a manual inspection of the file occurred.
    
     - In most cases a manual inspection of the information in the file
       resulted in a clear resolution of the license that should apply (and
       which scanner probably needed to revisit its heuristics).
    
     - When it was not immediately clear, the license identifier was
       confirmed with lawyers working with the Linux Foundation.
    
     - If there was any question as to the appropriate license identifier,
       the file was flagged for further research and to be revisited later
       in time.
    
    In total, over 70 hours of logged manual review was done on the
    spreadsheet to determine the SPDX license identifiers to apply to the
    source files by Kate, Philippe, Thomas and, in some cases, confirmation
    by lawyers working with the Linux Foundation.
    
    Kate also obtained a third independent scan of the 4.13 code base from
    FOSSology, and compared selected files where the other two scanners
    disagreed against that SPDX file, to see if there was new insights.  The
    Windriver scanner is based on an older version of FOSSology in part, so
    they are related.
    
    Thomas did random spot checks in about 500 files from the spreadsheets
    for the uapi headers and agreed with SPDX license identifier in the
    files he inspected. For the non-uapi files Thomas did random spot checks
    in about 15000 files.
    
    In initial set of patches against 4.14-rc6, 3 files were found to have
    copy/paste license identifier errors, and have been fixed to reflect the
    correct identifier.
    
    Additionally Philippe spent 10 hours this week doing a detailed manual
    inspection and review of the 12,461 patched files from the initial patch
    version early this week with:
     - a full scancode scan run, collecting the matched texts, detected
       license ids and scores
     - reviewing anything where there was a license detected (about 500+
       files) to ensure that the applied SPDX license was correct
     - reviewing anything where there was no detection but the patch license
       was not GPL-2.0 WITH Linux-syscall-note to ensure that the applied
       SPDX license was correct
    
    This produced a worksheet with 20 files needing minor correction.  This
    worksheet was then exported into 3 different .csv files for the
    different types of files to be modified.
    
    These .csv files were then reviewed by Greg.  Thomas wrote a script to
    parse the csv files and add the proper SPDX tag to the file, in the
    format that the file expected.  This script was further refined by Greg
    based on the output to detect more types of files automatically and to
    distinguish between header and source .c files (which need different
    comment types.)  Finally Greg ran the script using the .csv files to
    generate the patches.
    
    Reviewed-by: Kate Stewart <kstewart@linuxfoundation.org>
    Reviewed-by: Philippe Ombredanne <pombredanne@nexb.com>
    Reviewed-by: Thomas Gleixner <tglx@linutronix.de>
    Signed-off-by: Greg Kroah-Hartman <gregkh@linuxfoundation.org>

diff --git a/include/video/sstfb.h b/include/video/sstfb.h
index c449eace12cd..28384f354773 100644
--- a/include/video/sstfb.h
+++ b/include/video/sstfb.h
@@ -1,3 +1,4 @@
+/* SPDX-License-Identifier: GPL-2.0 */
 /*
  * linux/drivers/video/sstfb.h -- voodoo graphics frame buffer
  *

commit 25985edcedea6396277003854657b5f3cb31a628
Author: Lucas De Marchi <lucas.demarchi@profusion.mobi>
Date:   Wed Mar 30 22:57:33 2011 -0300

    Fix common misspellings
    
    Fixes generated by 'codespell' and manually reviewed.
    
    Signed-off-by: Lucas De Marchi <lucas.demarchi@profusion.mobi>

diff --git a/include/video/sstfb.h b/include/video/sstfb.h
index b52f07381243..c449eace12cd 100644
--- a/include/video/sstfb.h
+++ b/include/video/sstfb.h
@@ -156,7 +156,7 @@
 #define DAC_READ		FBIINIT2	/* in remap mode */
 #define FBIINIT3		0x021c		/* fbi controls */
 #  define DISABLE_TEXTURE	  BIT(6)
-#  define Y_SWAP_ORIGIN_SHIFT	  22		/* Y swap substraction value */
+#  define Y_SWAP_ORIGIN_SHIFT	  22		/* Y swap subtraction value */
 #define HSYNC			0x0220
 #define VSYNC			0x0224
 #define DAC_DATA		0x022c
@@ -212,9 +212,9 @@
 #  define DACREG_CR0_24BPP	  0x50		/* mode 5 */
 #define	DACREG_CR1_I		0x05
 #define DACREG_CC_I		0x06
-#  define DACREG_CC_CLKA	  BIT(7)	/* clk A controled by regs */
+#  define DACREG_CC_CLKA	  BIT(7)	/* clk A controlled by regs */
 #  define DACREG_CC_CLKA_C	  (2<<4)	/* clk A uses reg C */
-#  define DACREG_CC_CLKB	  BIT(3)	/* clk B controled by regs */
+#  define DACREG_CC_CLKB	  BIT(3)	/* clk B controlled by regs */
 #  define DACREG_CC_CLKB_D	  3		/* clkB uses reg D */
 #define DACREG_AC0_I		0x48		/* clock A reg C */
 #define DACREG_AC1_I		0x49

commit 93043ece030af58529e3e1367502461d265ab4e2
Author: Jiri Slaby <jirislaby@gmail.com>
Date:   Thu Oct 18 23:40:35 2007 -0700

    define global BIT macro
    
    define global BIT macro
    
    move all local BIT defines to the new globally define macro.
    
    Signed-off-by: Jiri Slaby <jirislaby@gmail.com>
    Cc: Paul Mackerras <paulus@samba.org>
    Cc: Benjamin Herrenschmidt <benh@kernel.crashing.org>
    Cc: Kumar Gala <galak@gate.crashing.org>
    Cc: Dmitry Torokhov <dtor@mail.ru>
    Cc: Jeff Garzik <jeff@garzik.org>
    Cc: James Bottomley <James.Bottomley@steeleye.com>
    Cc: "Antonino A. Daplas" <adaplas@pol.net>
    Cc: Russell King <rmk@arm.linux.org.uk>
    Acked-by: Ralf Baechle <ralf@linux-mips.org>
    Cc: "John W. Linville" <linville@tuxdriver.com>
    Signed-off-by: Andrew Morton <akpm@linux-foundation.org>
    Signed-off-by: Linus Torvalds <torvalds@linux-foundation.org>

diff --git a/include/video/sstfb.h b/include/video/sstfb.h
index baa163f770ab..b52f07381243 100644
--- a/include/video/sstfb.h
+++ b/include/video/sstfb.h
@@ -68,7 +68,6 @@
 #  define print_var(X,Y...)
 #endif
 
-#define BIT(x)		(1ul<<(x))
 #define POW2(x)		(1ul<<(x))
 
 /*

commit 0743b86800cf1dfbf96df4a438938127bbe4476c
Author: Helge Deller <deller@gmx.de>
Date:   Wed Dec 13 00:35:55 2006 -0800

    [PATCH] sstfb: add sysfs interface
    
    Modify the sstfb (Voodoo1/2) driver:
    
    - fix a memleak when removing the sstfb module
    
    - fix sstfb to use the fbdev default videomode database
    
    - add module option "mode_option" to set initial screen mode
    
    - add sysfs-interface to turn VGA-passthrough on/off via
      /sys/class/graphics/fbX/vgapass
    
    - remove old debug functions from ioctl interface
    
    Signed-off-by: Helge Deller <deller@gmx.de>
    Acked-By: James Simmons <jsimmons@infradead.org>
    Signed-off-by: Andrew Morton <akpm@osdl.org>
    Signed-off-by: Linus Torvalds <torvalds@osdl.org>

diff --git a/include/video/sstfb.h b/include/video/sstfb.h
index 5dbf5e7e50a8..baa163f770ab 100644
--- a/include/video/sstfb.h
+++ b/include/video/sstfb.h
@@ -119,7 +119,7 @@
 #define BACKPORCH		0x0208
 #define VIDEODIMENSIONS		0x020c
 #define FBIINIT0		0x0210		/* misc+fifo  controls */
-#  define EN_VGA_PASSTHROUGH	  BIT(0)
+#  define DIS_VGA_PASSTHROUGH	  BIT(0)
 #  define FBI_RESET		  BIT(1)
 #  define FIFO_RESET		  BIT(2)
 #define FBIINIT1		0x0214		/* PCI + video controls */
@@ -251,7 +251,7 @@
 #  define DACREG_ICS_CLK1_A	  0	/* bit4 */
 
 /* sst default init registers */
-#define FBIINIT0_DEFAULT EN_VGA_PASSTHROUGH
+#define FBIINIT0_DEFAULT DIS_VGA_PASSTHROUGH
 
 #define FBIINIT1_DEFAULT 	\
 	(			\
@@ -296,6 +296,11 @@
  *
  */
 
+/* ioctl to enable/disable VGA passthrough */
+#define SSTFB_SET_VGAPASS	_IOW('F', 0xdd, __u32)
+#define SSTFB_GET_VGAPASS	_IOR('F', 0xdd, __u32)
+
+
 /* used to know witch clock to set */
 enum {
 	VID_CLOCK=0,
@@ -317,7 +322,7 @@ struct pll_timing {
 };
 
 struct dac_switch {
-	char * name;
+	const char *name;
 	int (*detect) (struct fb_info *info);
 	int (*set_pll) (struct fb_info *info, const struct pll_timing *t, const int clock);
 	void (*set_vidmod) (struct fb_info *info, const int bpp);
@@ -345,7 +350,7 @@ struct sstfb_par {
 	struct pci_dev		*dev;
 	int	type;
 	u8	revision;
-	int	gfx_clock;	/* status */
+	u8	vgapass;	/* VGA pass through: 1=enabled, 0=disabled */
 };
 
 #endif /* _SSTFB_H_ */

commit b98fc9a34bfcfd2a04e58c4fc5e408fce13204bb
Author: Alan Cox <alan@lxorguk.ukuu.org.uk>
Date:   Tue Oct 3 01:15:07 2006 -0700

    [PATCH] sstfb: cleanups
    
    - Remove 24/32bit unused support (the chips don't do 24/32bit anyway)
    - Clean up printk obfuscation
    - Clean up lispitus in the if(())()) stuff
    - Minor tidying
    
    No functionality changes, may have a crack at hardware scrolling based
    on my X driver once the cleanups are in.
    
    Signed-off-by: Alan Cox <alan@redhat.com>
    Cc: Antonino A. Daplas <adaplas@gmail.com>
    Signed-off-by: Andrew Morton <akpm@osdl.org>
    Signed-off-by: Linus Torvalds <torvalds@osdl.org>

diff --git a/include/video/sstfb.h b/include/video/sstfb.h
index 3570f9c9b111..5dbf5e7e50a8 100644
--- a/include/video/sstfb.h
+++ b/include/video/sstfb.h
@@ -68,10 +68,6 @@
 #  define print_var(X,Y...)
 #endif
 
-#define eprintk(X...)	printk(KERN_ERR "sstfb: " X)
-#define iprintk(X...)	printk(KERN_INFO "sstfb: " X)
-#define wprintk(X...)	printk(KERN_WARNING "sstfb: " X)
-
 #define BIT(x)		(1ul<<(x))
 #define POW2(x)		(1ul<<(x))
 

commit 7227576f4b9dcffe32f8e6b228361b38814bbe7f
Author: Antonino A. Daplas <adaplas@gmail.com>
Date:   Mon Jan 9 20:53:14 2006 -0800

    [PATCH] fbdev: sstfb: Driver cleanups
    
    - remove unneeded casts
    - make setcolreg return success if regno > 15, but don't do anything
    - use framebuffer_alloc/framebuffer_release to allocate/free memory
    
    Signed-off-by: Antonino Daplas <adaplas@pol.net>
    Signed-off-by: Andrew Morton <akpm@osdl.org>
    Signed-off-by: Linus Torvalds <torvalds@osdl.org>

diff --git a/include/video/sstfb.h b/include/video/sstfb.h
index 0d77b5205372..3570f9c9b111 100644
--- a/include/video/sstfb.h
+++ b/include/video/sstfb.h
@@ -334,6 +334,7 @@ struct sst_spec {
 };
 
 struct sstfb_par {
+	u32 palette[16];
 	unsigned int yDim;
 	unsigned int hSyncOn;	/* hsync_len */
 	unsigned int hSyncOff;	/* left_margin + xres + right_margin */

commit 1da177e4c3f41524e886b7f1b8a0c1fc7321cac2
Author: Linus Torvalds <torvalds@ppc970.osdl.org>
Date:   Sat Apr 16 15:20:36 2005 -0700

    Linux-2.6.12-rc2
    
    Initial git repository build. I'm not bothering with the full history,
    even though we have it. We can create a separate "historical" git
    archive of that later if we want to, and in the meantime it's about
    3.2GB when imported into git - space that would just make the early
    git days unnecessarily complicated, when we don't have a lot of good
    infrastructure for it.
    
    Let it rip!

diff --git a/include/video/sstfb.h b/include/video/sstfb.h
new file mode 100644
index 000000000000..0d77b5205372
--- /dev/null
+++ b/include/video/sstfb.h
@@ -0,0 +1,354 @@
+/*
+ * linux/drivers/video/sstfb.h -- voodoo graphics frame buffer
+ *
+ *     Copyright (c) 2000,2001 Ghozlane Toumi <gtoumi@messel.emse.fr>
+ *
+ *     Created 28 Aug 2001 by Ghozlane Toumi
+ */
+
+
+#ifndef _SSTFB_H_
+#define _SSTFB_H_
+
+/*
+ *
+ *  Debug Stuff
+ *
+ */
+
+#ifdef SST_DEBUG
+#  define dprintk(X...)		printk("sstfb: " X)
+#  define SST_DEBUG_REG  1
+#  define SST_DEBUG_FUNC 1
+#  define SST_DEBUG_VAR  1
+#else
+#  define dprintk(X...)
+#  define SST_DEBUG_REG  0
+#  define SST_DEBUG_FUNC 0
+#  define SST_DEBUG_VAR  0
+#endif
+
+#if (SST_DEBUG_REG > 0)
+#  define r_dprintk(X...)	dprintk(X)
+#else
+#  define r_dprintk(X...)
+#endif
+#if (SST_DEBUG_REG > 1)
+#  define r_ddprintk(X...)	dprintk(" " X)
+#else
+#  define r_ddprintk(X...)
+#endif
+
+#if (SST_DEBUG_FUNC > 0)
+#  define f_dprintk(X...)	dprintk(X)
+#else
+#  define f_dprintk(X...)
+#endif
+#if (SST_DEBUG_FUNC > 1)
+#  define f_ddprintk(X...)	dprintk(" " X)
+#else
+#  define f_ddprintk(X...)
+#endif
+#if (SST_DEBUG_FUNC > 2)
+#  define f_dddprintk(X...)	dprintk(" " X)
+#else
+#  define f_dddprintk(X...)
+#endif
+
+#if (SST_DEBUG_VAR > 0)
+#  define v_dprintk(X...)	dprintk(X)
+#  define print_var(V, X...)	\
+   {				\
+     dprintk(X);		\
+     printk(" :\n");		\
+     sst_dbg_print_var(V);	\
+   }
+#else
+#  define v_dprintk(X...)
+#  define print_var(X,Y...)
+#endif
+
+#define eprintk(X...)	printk(KERN_ERR "sstfb: " X)
+#define iprintk(X...)	printk(KERN_INFO "sstfb: " X)
+#define wprintk(X...)	printk(KERN_WARNING "sstfb: " X)
+
+#define BIT(x)		(1ul<<(x))
+#define POW2(x)		(1ul<<(x))
+
+/*
+ *
+ *  Const
+ *
+ */
+
+/* pci stuff */
+#define PCI_INIT_ENABLE		0x40
+#  define PCI_EN_INIT_WR	  BIT(0)
+#  define PCI_EN_FIFO_WR	  BIT(1)
+#  define PCI_REMAP_DAC		  BIT(2)
+#define PCI_VCLK_ENABLE		0xc0	/* enable video */
+#define PCI_VCLK_DISABLE	0xe0
+
+/* register offsets from memBaseAddr */
+#define STATUS			0x0000
+#  define STATUS_FBI_BUSY	  BIT(7)
+#define FBZMODE			0x0110
+#  define EN_CLIPPING		  BIT(0)	/* enable clipping */
+#  define EN_RGB_WRITE		  BIT(9)	/* enable writes to rgb area */
+#  define EN_ALPHA_WRITE	  BIT(10)
+#  define ENGINE_INVERT_Y	  BIT(17)	/* invert Y origin (pipe) */
+#define LFBMODE			0x0114
+#  define LFB_565		  0		/* bits 3:0 .16 bits RGB */
+#  define LFB_888		  4		/* 24 bits RGB */
+#  define LFB_8888		  5		/* 32 bits ARGB */
+#  define WR_BUFF_FRONT		  0		/* write buf select (front) */
+#  define WR_BUFF_BACK		  (1 << 4)	/* back */
+#  define RD_BUFF_FRONT		  0		/* read buff select (front) */
+#  define RD_BUFF_BACK		  (1 << 6)	/* back */
+#  define EN_PXL_PIPELINE	  BIT(8)	/* pixel pipeline (clip..)*/
+#  define LFB_WORD_SWIZZLE_WR	  BIT(11)	/* enable write-wordswap (big-endian) */
+#  define LFB_BYTE_SWIZZLE_WR	  BIT(12)	/* enable write-byteswap (big-endian) */
+#  define LFB_INVERT_Y		  BIT(13)	/* invert Y origin (LFB) */
+#  define LFB_WORD_SWIZZLE_RD	  BIT(15)	/* enable read-wordswap (big-endian) */
+#  define LFB_BYTE_SWIZZLE_RD	  BIT(16)	/* enable read-byteswap (big-endian) */
+#define CLIP_LEFT_RIGHT		0x0118
+#define CLIP_LOWY_HIGHY		0x011c
+#define NOPCMD			0x0120
+#define FASTFILLCMD		0x0124
+#define SWAPBUFFCMD		0x0128
+#define FBIINIT4		0x0200		/* misc controls */
+#  define FAST_PCI_READS	  0		/* 1 waitstate */
+#  define SLOW_PCI_READS	  BIT(0)	/* 2 ws */
+#  define LFB_READ_AHEAD	  BIT(1)
+#define BACKPORCH		0x0208
+#define VIDEODIMENSIONS		0x020c
+#define FBIINIT0		0x0210		/* misc+fifo  controls */
+#  define EN_VGA_PASSTHROUGH	  BIT(0)
+#  define FBI_RESET		  BIT(1)
+#  define FIFO_RESET		  BIT(2)
+#define FBIINIT1		0x0214		/* PCI + video controls */
+#  define VIDEO_MASK		  0x8080010f	/* masks video related bits V1+V2*/
+#  define FAST_PCI_WRITES	  0		/* 0 ws */
+#  define SLOW_PCI_WRITES	  BIT(1)	/* 1 ws */
+#  define EN_LFB_READ		  BIT(3)
+#  define TILES_IN_X_SHIFT	  4
+#  define VIDEO_RESET		  BIT(8)
+#  define EN_BLANKING		  BIT(12)
+#  define EN_DATA_OE		  BIT(13)
+#  define EN_BLANK_OE		  BIT(14)
+#  define EN_HVSYNC_OE		  BIT(15)
+#  define EN_DCLK_OE		  BIT(16)
+#  define SEL_INPUT_VCLK_2X	  0		/* bit 17 */
+#  define SEL_INPUT_VCLK_SLAVE	  BIT(17)
+#  define SEL_SOURCE_VCLK_SLAVE	  0		/* bits 21:20 */
+#  define SEL_SOURCE_VCLK_2X_DIV2 (0x01 << 20)
+#  define SEL_SOURCE_VCLK_2X_SEL  (0x02 << 20)
+#  define EN_24BPP		  BIT(22)
+#  define TILES_IN_X_MSB_SHIFT	  24		/* v2 */
+#  define VCLK_2X_SEL_DEL_SHIFT	  27		/* vclk out delay 0,4,6,8ns */
+#  define VCLK_DEL_SHIFT	  29		/* vclk in delay */
+#define FBIINIT2		0x0218		/* Dram controls */
+#  define EN_FAST_RAS_READ	  BIT(5)
+#  define EN_DRAM_OE		  BIT(6)
+#  define EN_FAST_RD_AHEAD_WR	  BIT(7)
+#  define VIDEO_OFFSET_SHIFT	  11		/* unit: #rows tile 64x16/2 */
+#  define SWAP_DACVSYNC		  0
+#  define SWAP_DACDATA0		  (1 << 9)
+#  define SWAP_FIFO_STALL	  (2 << 9)
+#  define EN_RD_AHEAD_FIFO	  BIT(21)
+#  define EN_DRAM_REFRESH	  BIT(22)
+#  define DRAM_REFRESH_16	  (0x30 << 23)	/* dram 16 ms */
+#define DAC_READ		FBIINIT2	/* in remap mode */
+#define FBIINIT3		0x021c		/* fbi controls */
+#  define DISABLE_TEXTURE	  BIT(6)
+#  define Y_SWAP_ORIGIN_SHIFT	  22		/* Y swap substraction value */
+#define HSYNC			0x0220
+#define VSYNC			0x0224
+#define DAC_DATA		0x022c
+#  define DAC_READ_CMD		  BIT(11)	/* set read dacreg mode */
+#define FBIINIT5		0x0244		/* v2 specific */
+#  define FBIINIT5_MASK		  0xfa40ffff    /* mask video bits*/
+#  define HDOUBLESCAN		  BIT(20)
+#  define VDOUBLESCAN		  BIT(21)
+#  define HSYNC_HIGH 		  BIT(23)
+#  define VSYNC_HIGH 		  BIT(24)
+#  define INTERLACE		  BIT(26)
+#define FBIINIT6		0x0248		/* v2 specific */
+#  define TILES_IN_X_LSB_SHIFT	  30		/* v2 */
+#define FBIINIT7		0x024c		/* v2 specific */
+
+#define BLTSRCBASEADDR		0x02c0	/* BitBLT Source base address */
+#define BLTDSTBASEADDR		0x02c4	/* BitBLT Destination base address */
+#define BLTXYSTRIDES		0x02c8	/* BitBLT Source and Destination strides */
+#define BLTSRCCHROMARANGE	0x02cc	/* BitBLT Source Chroma key range */
+#define BLTDSTCHROMARANGE	0x02d0	/* BitBLT Destination Chroma key range */
+#define BLTCLIPX		0x02d4	/* BitBLT Min/Max X clip values */
+#define BLTCLIPY		0x02d8	/* BitBLT Min/Max Y clip values */
+#define BLTSRCXY		0x02e0	/* BitBLT Source starting XY coordinates */
+#define BLTDSTXY		0x02e4	/* BitBLT Destination starting XY coordinates */
+#define BLTSIZE			0x02e8	/* BitBLT width and height */
+#define BLTROP			0x02ec	/* BitBLT Raster operations */
+#  define BLTROP_COPY		  0x0cccc
+#  define BLTROP_INVERT		  0x05555
+#  define BLTROP_XOR		  0x06666
+#define BLTCOLOR		0x02f0	/* BitBLT and foreground background colors */
+#define BLTCOMMAND		0x02f8	/* BitBLT command mode (v2 specific) */
+# define BLT_SCR2SCR_BITBLT	  0	  /* Screen-to-Screen BitBLT */
+# define BLT_CPU2SCR_BITBLT	  1	  /* CPU-to-screen BitBLT */
+# define BLT_RECFILL_BITBLT	  2	  /* BitBLT Rectangle Fill */
+# define BLT_16BPP_FMT		  2	  /* 16 BPP (5-6-5 RGB) */
+#define BLTDATA			0x02fc	/* BitBLT data for CPU-to-Screen BitBLTs */
+#  define LAUNCH_BITBLT		  BIT(31) /* Launch BitBLT in BltCommand, bltDstXY or bltSize */
+
+/* Dac Registers */
+#define DACREG_WMA		0x0	/* pixel write mode address */
+#define DACREG_LUT		0x01	/* color value */
+#define DACREG_RMR		0x02	/* pixel mask */
+#define DACREG_RMA		0x03	/* pixel read mode address */
+/*Dac registers in indexed mode (TI, ATT dacs) */
+#define DACREG_ADDR_I		DACREG_WMA
+#define DACREG_DATA_I		DACREG_RMR
+#define DACREG_RMR_I		0x00
+#define DACREG_CR0_I		0x01
+#  define DACREG_CR0_EN_INDEXED	  BIT(0)	/* enable indexec mode */
+#  define DACREG_CR0_8BIT	  BIT(1)	/* set dac to 8 bits/read */
+#  define DACREG_CR0_PWDOWN	  BIT(3)	/* powerdown dac */
+#  define DACREG_CR0_16BPP	  0x30		/* mode 3 */
+#  define DACREG_CR0_24BPP	  0x50		/* mode 5 */
+#define	DACREG_CR1_I		0x05
+#define DACREG_CC_I		0x06
+#  define DACREG_CC_CLKA	  BIT(7)	/* clk A controled by regs */
+#  define DACREG_CC_CLKA_C	  (2<<4)	/* clk A uses reg C */
+#  define DACREG_CC_CLKB	  BIT(3)	/* clk B controled by regs */
+#  define DACREG_CC_CLKB_D	  3		/* clkB uses reg D */
+#define DACREG_AC0_I		0x48		/* clock A reg C */
+#define DACREG_AC1_I		0x49
+#define DACREG_BD0_I		0x6c		/* clock B reg D */
+#define DACREG_BD1_I		0x6d
+
+/* identification constants */
+#define DACREG_MIR_TI		0x97
+#define DACREG_DIR_TI		0x09
+#define DACREG_MIR_ATT		0x84
+#define DACREG_DIR_ATT		0x09
+/* ics dac specific registers */
+#define DACREG_ICS_PLLWMA	0x04	/* PLL write mode address */
+#define DACREG_ICS_PLLDATA	0x05	/* PLL data /parameter */
+#define DACREG_ICS_CMD		0x06	/* command */
+#  define DACREG_ICS_CMD_16BPP	  0x50	/* ics color mode 6 (16bpp bypass)*/
+#  define DACREG_ICS_CMD_24BPP	  0x70	/* ics color mode 7 (24bpp bypass)*/
+#  define DACREG_ICS_CMD_PWDOWN BIT(0)	/* powerdown dac */
+#define DACREG_ICS_PLLRMA	0x07	/* PLL read mode address */
+/*
+ * pll parameter register:
+ * indexed : write addr to PLLWMA, write data in PLLDATA.
+ * for reads use PLLRMA .
+ * 8 freq registers (0-7) for video clock (CLK0)
+ * 2 freq registers (a-b) for graphic clock (CLK1)
+ */
+#define DACREG_ICS_PLL_CLK0_1_INI 0x55	/* initial pll M value for freq f1  */
+#define DACREG_ICS_PLL_CLK0_7_INI 0x71	/* f7 */
+#define DACREG_ICS_PLL_CLK1_B_INI 0x79	/* fb */
+#define DACREG_ICS_PLL_CTRL	0x0e
+#  define DACREG_ICS_CLK0	  BIT(5)
+#  define DACREG_ICS_CLK0_0	  0
+#  define DACREG_ICS_CLK1_A	  0	/* bit4 */
+
+/* sst default init registers */
+#define FBIINIT0_DEFAULT EN_VGA_PASSTHROUGH
+
+#define FBIINIT1_DEFAULT 	\
+	(			\
+	  FAST_PCI_WRITES	\
+/*	  SLOW_PCI_WRITES*/	\
+	| VIDEO_RESET		\
+	| 10 << TILES_IN_X_SHIFT\
+	| SEL_SOURCE_VCLK_2X_SEL\
+	| EN_LFB_READ		\
+	)
+
+#define FBIINIT2_DEFAULT	\
+	(			\
+	 SWAP_DACVSYNC		\
+	| EN_DRAM_OE		\
+	| DRAM_REFRESH_16	\
+	| EN_DRAM_REFRESH	\
+	| EN_FAST_RAS_READ	\
+	| EN_RD_AHEAD_FIFO	\
+	| EN_FAST_RD_AHEAD_WR	\
+	)
+
+#define FBIINIT3_DEFAULT 	\
+	( DISABLE_TEXTURE )
+
+#define FBIINIT4_DEFAULT	\
+	(			\
+	  FAST_PCI_READS	\
+/*	  SLOW_PCI_READS*/	\
+	| LFB_READ_AHEAD	\
+	)
+/* Careful with this one : writing back the data just read will trash the DAC
+   reading some fields give logic value on pins, but setting this field will
+   set the source signal driving the pin. conclusion : just use the default
+   as a base before writing back .
+*/
+#define FBIINIT6_DEFAULT	(0x0)
+
+/*
+ *
+ * Misc Const
+ *
+ */
+
+/* used to know witch clock to set */
+enum {
+	VID_CLOCK=0,
+	GFX_CLOCK=1,
+};
+
+/* freq max */
+#define DAC_FREF	14318	/* DAC reference freq (Khz) */
+#define VCO_MAX		260000
+
+/*
+ *  driver structs
+ */
+
+struct pll_timing {
+	unsigned int m;
+	unsigned int n;
+	unsigned int p;
+};
+
+struct dac_switch {
+	char * name;
+	int (*detect) (struct fb_info *info);
+	int (*set_pll) (struct fb_info *info, const struct pll_timing *t, const int clock);
+	void (*set_vidmod) (struct fb_info *info, const int bpp);
+};
+
+struct sst_spec {
+	char * name;
+	int default_gfx_clock;	/* 50000 for voodoo1, 75000 for voodoo2 */
+	int max_gfxclk; 	/* ! in Mhz ie 60 for voodoo 1 */
+};
+
+struct sstfb_par {
+	unsigned int yDim;
+	unsigned int hSyncOn;	/* hsync_len */
+	unsigned int hSyncOff;	/* left_margin + xres + right_margin */
+	unsigned int hBackPorch;/* left_margin */
+	unsigned int vSyncOn;
+	unsigned int vSyncOff;
+	unsigned int vBackPorch;
+	struct pll_timing pll;
+	unsigned int tiles_in_X;/* num of tiles in X res */
+	u8 __iomem *mmio_vbase;
+	struct dac_switch 	dac_sw;	/* dac specific functions */
+	struct pci_dev		*dev;
+	int	type;
+	u8	revision;
+	int	gfx_clock;	/* status */
+};
+
+#endif /* _SSTFB_H_ */
