commit 1a3ef038d09e66489f95c5cd67d815670f9cabdc
Author: Yasunari Takiguchi <Yasunari.Takiguchi@sony.com>
Date:   Thu Jan 18 03:47:38 2018 -0500

    media: cxd2880: Add common files for the driver
    
    These are common files for the driver for the
    Sony CXD2880 DVB-T2/T tuner + demodulator.
    These contains helper functions for the driver.
    
    Signed-off-by: Yasunari Takiguchi <Yasunari.Takiguchi@sony.com>
    Signed-off-by: Masayuki Yamamoto <Masayuki.Yamamoto@sony.com>
    Signed-off-by: Hideki Nozawa <Hideki.Nozawa@sony.com>
    Signed-off-by: Kota Yonezawa <Kota.Yonezawa@sony.com>
    Signed-off-by: Toshihiko Matsumoto <Toshihiko.Matsumoto@sony.com>
    Signed-off-by: Satoshi Watanabe <Satoshi.C.Watanabe@sony.com>
    Signed-off-by: Mauro Carvalho Chehab <mchehab@s-opensource.com>

diff --git a/drivers/media/dvb-frontends/cxd2880/cxd2880_common.h b/drivers/media/dvb-frontends/cxd2880/cxd2880_common.h
new file mode 100644
index 000000000000..b05bce71ab35
--- /dev/null
+++ b/drivers/media/dvb-frontends/cxd2880/cxd2880_common.h
@@ -0,0 +1,19 @@
+/* SPDX-License-Identifier: GPL-2.0 */
+/*
+ * cxd2880_common.h
+ * Sony CXD2880 DVB-T2/T tuner + demodulator driver common definitions
+ *
+ * Copyright (C) 2016, 2017, 2018 Sony Semiconductor Solutions Corporation
+ */
+
+#ifndef CXD2880_COMMON_H
+#define CXD2880_COMMON_H
+
+#include <linux/types.h>
+#include <linux/errno.h>
+#include <linux/delay.h>
+#include <linux/string.h>
+
+int cxd2880_convert2s_complement(u32 value, u32 bitlen);
+
+#endif
