commit d2912cb15bdda8ba4a5dd73396ad62641af2f520
Author: Thomas Gleixner <tglx@linutronix.de>
Date:   Tue Jun 4 10:11:33 2019 +0200

    treewide: Replace GPLv2 boilerplate/reference with SPDX - rule 500
    
    Based on 2 normalized pattern(s):
    
      this program is free software you can redistribute it and or modify
      it under the terms of the gnu general public license version 2 as
      published by the free software foundation
    
      this program is free software you can redistribute it and or modify
      it under the terms of the gnu general public license version 2 as
      published by the free software foundation #
    
    extracted by the scancode license scanner the SPDX license identifier
    
      GPL-2.0-only
    
    has been chosen to replace the boilerplate/reference in 4122 file(s).
    
    Signed-off-by: Thomas Gleixner <tglx@linutronix.de>
    Reviewed-by: Enrico Weigelt <info@metux.net>
    Reviewed-by: Kate Stewart <kstewart@linuxfoundation.org>
    Reviewed-by: Allison Randal <allison@lohutok.net>
    Cc: linux-spdx@vger.kernel.org
    Link: https://lkml.kernel.org/r/20190604081206.933168790@linutronix.de
    Signed-off-by: Greg Kroah-Hartman <gregkh@linuxfoundation.org>

diff --git a/drivers/leds/trigger/ledtrig-disk.c b/drivers/leds/trigger/ledtrig-disk.c
index 9816b0d60270..0741910785bb 100644
--- a/drivers/leds/trigger/ledtrig-disk.c
+++ b/drivers/leds/trigger/ledtrig-disk.c
@@ -1,14 +1,10 @@
+// SPDX-License-Identifier: GPL-2.0-only
 /*
  * LED Disk Activity Trigger
  *
  * Copyright 2006 Openedhand Ltd.
  *
  * Author: Richard Purdie <rpurdie@openedhand.com>
- *
- * This program is free software; you can redistribute it and/or modify
- * it under the terms of the GNU General Public License version 2 as
- * published by the Free Software Foundation.
- *
  */
 
 #include <linux/kernel.h>

commit d1ed7c558612630ce4c48e440a6fdd8d4785f6a3
Author: Linus Walleij <linus.walleij@linaro.org>
Date:   Sat Feb 24 23:45:56 2018 +0100

    leds: Extends disk trigger for reads and writes
    
    This adds two new disk triggers for triggering on reads
    and writes respectively, named "disk-read" and "disk-write".
    
    The use case comes from working on the D-Link DNS-313 NAS
    box. This features an RGB LED for disk activity. with
    these two triggers I can couple the green LED to read
    activity and the red LED to write activity, which gives
    the appropriate user feedback about what is happening
    on the disk. When tested it gave exactly the feedback
    desired.
    
    The in-kernel interface is simply changed to pass a bool
    indicating if the activity is write activity and update
    each trigger (and the composite "disk-activity" trigger)
    depending on what is passed in.
    
    Signed-off-by: Linus Walleij <linus.walleij@linaro.org>
    Reviewed-by: Bartlomiej Zolnierkiewicz <b.zolnierkie@samsung.com>
    Acked-by: Pavel Machek <pavel@ucw.cz>
    Acked-by: Tejun Heo <tj@kernel.org>
    Acked-by: David S. Miller <davem@davemloft.net>
    Signed-off-by: Jacek Anaszewski <jacek.anaszewski@gmail.com>

diff --git a/drivers/leds/trigger/ledtrig-disk.c b/drivers/leds/trigger/ledtrig-disk.c
index cd525b4125eb..9816b0d60270 100644
--- a/drivers/leds/trigger/ledtrig-disk.c
+++ b/drivers/leds/trigger/ledtrig-disk.c
@@ -18,9 +18,11 @@
 #define BLINK_DELAY 30
 
 DEFINE_LED_TRIGGER(ledtrig_disk);
+DEFINE_LED_TRIGGER(ledtrig_disk_read);
+DEFINE_LED_TRIGGER(ledtrig_disk_write);
 DEFINE_LED_TRIGGER(ledtrig_ide);
 
-void ledtrig_disk_activity(void)
+void ledtrig_disk_activity(bool write)
 {
 	unsigned long blink_delay = BLINK_DELAY;
 
@@ -28,12 +30,20 @@ void ledtrig_disk_activity(void)
 				  &blink_delay, &blink_delay, 0);
 	led_trigger_blink_oneshot(ledtrig_ide,
 				  &blink_delay, &blink_delay, 0);
+	if (write)
+		led_trigger_blink_oneshot(ledtrig_disk_write,
+					  &blink_delay, &blink_delay, 0);
+	else
+		led_trigger_blink_oneshot(ledtrig_disk_read,
+					  &blink_delay, &blink_delay, 0);
 }
 EXPORT_SYMBOL(ledtrig_disk_activity);
 
 static int __init ledtrig_disk_init(void)
 {
 	led_trigger_register_simple("disk-activity", &ledtrig_disk);
+	led_trigger_register_simple("disk-read", &ledtrig_disk_read);
+	led_trigger_register_simple("disk-write", &ledtrig_disk_write);
 	led_trigger_register_simple("ide-disk", &ledtrig_ide);
 
 	return 0;

commit eb25cb9956cc9384b7fa0d75dec908c9fac8c444
Author: Stephan Linz <linz@li-pro.net>
Date:   Fri Jun 10 07:59:56 2016 +0200

    leds: convert IDE trigger to common disk trigger
    
    This patch converts the IDE specific LED trigger to a generic disk
    activity LED trigger. The libata core is now a trigger source just
    like before the IDE disk driver. It's merely a replacement of the
    string ide by disk.
    
    The patch is taken from http://dev.gentoo.org/~josejx/ata.patch and is
    widely used by any ibook/powerbook owners with great satisfaction.
    Likewise, it is very often used successfully on different ARM platforms.
    
    Unlike the original patch, the existing 'ide-disk' trigger is still
    available for backward compatibility. That reduce the amount of patches
    in affected device trees out of the mainline kernel. For further
    development, the new name 'disk-activity' should be used.
    
    Cc: Joseph Jezak <josejx@gentoo.org>
    Cc: Jörg Sommer <joerg@alea.gnuu.de>
    Cc: Richard Purdie <rpurdie@rpsys.net>
    Signed-off-by: Stephan Linz <linz@li-pro.net>
    Signed-off-by: Jacek Anaszewski <j.anaszewski@samsung.com>

diff --git a/drivers/leds/trigger/ledtrig-disk.c b/drivers/leds/trigger/ledtrig-disk.c
new file mode 100644
index 000000000000..cd525b4125eb
--- /dev/null
+++ b/drivers/leds/trigger/ledtrig-disk.c
@@ -0,0 +1,41 @@
+/*
+ * LED Disk Activity Trigger
+ *
+ * Copyright 2006 Openedhand Ltd.
+ *
+ * Author: Richard Purdie <rpurdie@openedhand.com>
+ *
+ * This program is free software; you can redistribute it and/or modify
+ * it under the terms of the GNU General Public License version 2 as
+ * published by the Free Software Foundation.
+ *
+ */
+
+#include <linux/kernel.h>
+#include <linux/init.h>
+#include <linux/leds.h>
+
+#define BLINK_DELAY 30
+
+DEFINE_LED_TRIGGER(ledtrig_disk);
+DEFINE_LED_TRIGGER(ledtrig_ide);
+
+void ledtrig_disk_activity(void)
+{
+	unsigned long blink_delay = BLINK_DELAY;
+
+	led_trigger_blink_oneshot(ledtrig_disk,
+				  &blink_delay, &blink_delay, 0);
+	led_trigger_blink_oneshot(ledtrig_ide,
+				  &blink_delay, &blink_delay, 0);
+}
+EXPORT_SYMBOL(ledtrig_disk_activity);
+
+static int __init ledtrig_disk_init(void)
+{
+	led_trigger_register_simple("disk-activity", &ledtrig_disk);
+	led_trigger_register_simple("ide-disk", &ledtrig_ide);
+
+	return 0;
+}
+device_initcall(ledtrig_disk_init);
