commit b886d83c5b621abc84ff9616f14c529be3f6b147
Author: Thomas Gleixner <tglx@linutronix.de>
Date:   Sat Jun 1 10:08:55 2019 +0200

    treewide: Replace GPLv2 boilerplate/reference with SPDX - rule 441
    
    Based on 1 normalized pattern(s):
    
      this program is free software you can redistribute it and or modify
      it under the terms of the gnu general public license as published by
      the free software foundation version 2 of the license
    
    extracted by the scancode license scanner the SPDX license identifier
    
      GPL-2.0-only
    
    has been chosen to replace the boilerplate/reference in 315 file(s).
    
    Signed-off-by: Thomas Gleixner <tglx@linutronix.de>
    Reviewed-by: Allison Randal <allison@lohutok.net>
    Reviewed-by: Armijn Hemel <armijn@tjaldur.nl>
    Cc: linux-spdx@vger.kernel.org
    Link: https://lkml.kernel.org/r/20190531190115.503150771@linutronix.de
    Signed-off-by: Greg Kroah-Hartman <gregkh@linuxfoundation.org>

diff --git a/arch/x86/platform/intel-mid/device_libs/platform_msic_ocd.c b/arch/x86/platform/intel-mid/device_libs/platform_msic_ocd.c
index 7ae37cdbf256..558c0d974430 100644
--- a/arch/x86/platform/intel-mid/device_libs/platform_msic_ocd.c
+++ b/arch/x86/platform/intel-mid/device_libs/platform_msic_ocd.c
@@ -1,13 +1,9 @@
+// SPDX-License-Identifier: GPL-2.0-only
 /*
  * platform_msic_ocd.c: MSIC OCD platform data initialization file
  *
  * (C) Copyright 2013 Intel Corporation
  * Author: Sathyanarayanan Kuppuswamy <sathyanarayanan.kuppuswamy@intel.com>
- *
- * This program is free software; you can redistribute it and/or
- * modify it under the terms of the GNU General Public License
- * as published by the Free Software Foundation; version 2
- * of the License.
  */
 
 #include <linux/kernel.h>

commit a01b3391b542aaaed539f9d9d6d0d4d6502ab9c6
Author: Andy Shevchenko <andriy.shevchenko@linux.intel.com>
Date:   Thu Jan 5 15:02:35 2017 +0200

    x86/platform/intel-mid: Get rid of duplication of IPC handler
    
    There is no other device handler than ipc_device_handler() and sfi.c already
    has a handler for IPC devices.
    
    Replace a pointer to custom handler by a flag. Due to this change adjust
    sfi_handle_ipc_dev() to handle it instead of ipc_device_handler().
    
    Signed-off-by: Andy Shevchenko <andriy.shevchenko@linux.intel.com>
    Cc: Linus Torvalds <torvalds@linux-foundation.org>
    Cc: Peter Zijlstra <peterz@infradead.org>
    Cc: Thomas Gleixner <tglx@linutronix.de>
    Link: http://lkml.kernel.org/r/20170105130235.177792-2-andriy.shevchenko@linux.intel.com
    Signed-off-by: Ingo Molnar <mingo@kernel.org>

diff --git a/arch/x86/platform/intel-mid/device_libs/platform_msic_ocd.c b/arch/x86/platform/intel-mid/device_libs/platform_msic_ocd.c
index 3d7c2011b6cf..7ae37cdbf256 100644
--- a/arch/x86/platform/intel-mid/device_libs/platform_msic_ocd.c
+++ b/arch/x86/platform/intel-mid/device_libs/platform_msic_ocd.c
@@ -20,7 +20,6 @@
 #include <asm/intel-mid.h>
 
 #include "platform_msic.h"
-#include "platform_ipc.h"
 
 static void __init *msic_ocd_platform_data(void *info)
 {
@@ -42,8 +41,8 @@ static const struct devs_id msic_ocd_dev_id __initconst = {
 	.name = "msic_ocd",
 	.type = SFI_DEV_TYPE_IPC,
 	.delay = 1,
+	.msic = 1,
 	.get_platform_data = &msic_ocd_platform_data,
-	.device_handler = &ipc_device_handler,
 };
 
 sfi_device(msic_ocd_dev_id);

commit 6a6256f9e0ebaabf7ded1fef8977a4352dbe7784
Author: Adam Buchbinder <adam.buchbinder@gmail.com>
Date:   Tue Feb 23 15:34:30 2016 -0800

    x86: Fix misspellings in comments
    
    Signed-off-by: Adam Buchbinder <adam.buchbinder@gmail.com>
    Cc: Linus Torvalds <torvalds@linux-foundation.org>
    Cc: Peter Zijlstra <peterz@infradead.org>
    Cc: Thomas Gleixner <tglx@linutronix.de>
    Cc: trivial@kernel.org
    Signed-off-by: Ingo Molnar <mingo@kernel.org>

diff --git a/arch/x86/platform/intel-mid/device_libs/platform_msic_ocd.c b/arch/x86/platform/intel-mid/device_libs/platform_msic_ocd.c
index 6497111ddb54..3d7c2011b6cf 100644
--- a/arch/x86/platform/intel-mid/device_libs/platform_msic_ocd.c
+++ b/arch/x86/platform/intel-mid/device_libs/platform_msic_ocd.c
@@ -1,5 +1,5 @@
 /*
- * platform_msic_ocd.c: MSIC OCD platform data initilization file
+ * platform_msic_ocd.c: MSIC OCD platform data initialization file
  *
  * (C) Copyright 2013 Intel Corporation
  * Author: Sathyanarayanan Kuppuswamy <sathyanarayanan.kuppuswamy@intel.com>

commit 40a96d54ee2232045783e657eb9224cd723dcb40
Author: David Cohen <david.a.cohen@linux.intel.com>
Date:   Thu Oct 17 15:35:36 2013 -0700

    intel_mid: Move platform device setups to their own platform_<device>.* files
    
    As Intel rolling out more SoC's after Moorestown, we need to
    re-structure the code in a way that is backward compatible and easy to
    expand. This patch implements a flexible way to support multiple boards
    and devices.
    
    This patch does not add any new functional support. It just refactors
    the existing code to increase the modularity and decrease the code
    duplication for supporting multiple soc's and boards.
    
    Currently intel-mid.c has both board and soc related code in one file.
    This patch moves the board related code to new files and let linker
    script to create SFI devite table following this:
    
    1. Move the SFI device specific code to
       arch/x86/platform/intel-mid/device-libs/platform_<device>.*
       A new device file is added for every supported device. This code will
       get conditionally compiled by using corresponding device driver
       CONFIG option.
    
    2. Move the device_ids location to .x86_intel_mid_dev.init section by
       using new sfi_device() macro.
    
    This patch was based on previous code from Sathyanarayanan Kuppuswamy.
    
    Signed-off-by: Kuppuswamy Sathyanarayanan <sathyanarayanan.kuppuswamy@linux.intel.com>
    Link: http://lkml.kernel.org/r/1382049336-21316-13-git-send-email-david.a.cohen@linux.intel.com
    Signed-off-by: David Cohen <david.a.cohen@linux.intel.com>
    Signed-off-by: H. Peter Anvin <hpa@linux.intel.com>

diff --git a/arch/x86/platform/intel-mid/device_libs/platform_msic_ocd.c b/arch/x86/platform/intel-mid/device_libs/platform_msic_ocd.c
new file mode 100644
index 000000000000..6497111ddb54
--- /dev/null
+++ b/arch/x86/platform/intel-mid/device_libs/platform_msic_ocd.c
@@ -0,0 +1,49 @@
+/*
+ * platform_msic_ocd.c: MSIC OCD platform data initilization file
+ *
+ * (C) Copyright 2013 Intel Corporation
+ * Author: Sathyanarayanan Kuppuswamy <sathyanarayanan.kuppuswamy@intel.com>
+ *
+ * This program is free software; you can redistribute it and/or
+ * modify it under the terms of the GNU General Public License
+ * as published by the Free Software Foundation; version 2
+ * of the License.
+ */
+
+#include <linux/kernel.h>
+#include <linux/interrupt.h>
+#include <linux/scatterlist.h>
+#include <linux/sfi.h>
+#include <linux/init.h>
+#include <linux/gpio.h>
+#include <linux/mfd/intel_msic.h>
+#include <asm/intel-mid.h>
+
+#include "platform_msic.h"
+#include "platform_ipc.h"
+
+static void __init *msic_ocd_platform_data(void *info)
+{
+	static struct intel_msic_ocd_pdata msic_ocd_pdata;
+	int gpio;
+
+	gpio = get_gpio_by_name("ocd_gpio");
+
+	if (gpio < 0)
+		return NULL;
+
+	msic_ocd_pdata.gpio = gpio;
+	msic_pdata.ocd = &msic_ocd_pdata;
+
+	return msic_generic_platform_data(info, INTEL_MSIC_BLOCK_OCD);
+}
+
+static const struct devs_id msic_ocd_dev_id __initconst = {
+	.name = "msic_ocd",
+	.type = SFI_DEV_TYPE_IPC,
+	.delay = 1,
+	.get_platform_data = &msic_ocd_platform_data,
+	.device_handler = &ipc_device_handler,
+};
+
+sfi_device(msic_ocd_dev_id);
