commit 4f88f8747fa43c97c3b3712d8d87295ea757cc51
Author: Chris Wilson <chris@chris-wilson.co.uk>
Date:   Mon Nov 25 10:58:58 2019 +0000

    drm/i915/gt: Schedule request retirement when timeline idles
    
    The major drawback of commit 7e34f4e4aad3 ("drm/i915/gen8+: Add RC6 CTX
    corruption WA") is that it disables RC6 while Skylake (and friends) is
    active, and we do not consider the GPU idle until all outstanding
    requests have been retired and the engine switched over to the kernel
    context. If userspace is idle, this task falls onto our background idle
    worker, which only runs roughly once a second, meaning that userspace has
    to have been idle for a couple of seconds before we enable RC6 again.
    Naturally, this causes us to consume considerably more energy than
    before as powersaving is effectively disabled while a display server
    (here's looking at you Xorg) is running.
    
    As execlists will get a completion event as each context is completed,
    we can use this interrupt to queue a retire worker bound to this engine
    to cleanup idle timelines. We will then immediately notice the idle
    engine (without userspace intervention or the aid of the background
    retire worker) and start parking the GPU. Thus during light workloads,
    we will do much more work to idle the GPU faster...  Hopefully with
    commensurate power saving!
    
    v2: Watch context completions and only look at those local to the engine
    when retiring to reduce the amount of excess work we perform.
    
    Bugzilla: https://bugs.freedesktop.org/show_bug.cgi?id=112315
    References: 7e34f4e4aad3 ("drm/i915/gen8+: Add RC6 CTX corruption WA")
    References: 2248a28384fe ("drm/i915/gen8+: Add RC6 CTX corruption WA")
    Signed-off-by: Chris Wilson <chris@chris-wilson.co.uk>
    Cc: Tvrtko Ursulin <tvrtko.ursulin@intel.com>
    Reviewed-by: Tvrtko Ursulin <tvrtko.ursulin@intel.com>
    Link: https://patchwork.freedesktop.org/patch/msgid/20191125105858.1718307-3-chris@chris-wilson.co.uk

diff --git a/drivers/gpu/drm/i915/gt/intel_gt_requests.h b/drivers/gpu/drm/i915/gt/intel_gt_requests.h
index fde546424c63..dbac53baf1cb 100644
--- a/drivers/gpu/drm/i915/gt/intel_gt_requests.h
+++ b/drivers/gpu/drm/i915/gt/intel_gt_requests.h
@@ -7,7 +7,9 @@
 #ifndef INTEL_GT_REQUESTS_H
 #define INTEL_GT_REQUESTS_H
 
+struct intel_engine_cs;
 struct intel_gt;
+struct intel_timeline;
 
 long intel_gt_retire_requests_timeout(struct intel_gt *gt, long timeout);
 static inline void intel_gt_retire_requests(struct intel_gt *gt)
@@ -15,6 +17,11 @@ static inline void intel_gt_retire_requests(struct intel_gt *gt)
 	intel_gt_retire_requests_timeout(gt, 0);
 }
 
+void intel_engine_init_retire(struct intel_engine_cs *engine);
+void intel_engine_add_retire(struct intel_engine_cs *engine,
+			     struct intel_timeline *tl);
+void intel_engine_fini_retire(struct intel_engine_cs *engine);
+
 int intel_gt_wait_for_idle(struct intel_gt *gt, long timeout);
 
 void intel_gt_init_requests(struct intel_gt *gt);

commit dea397e818b18f688734802465e45a35a976d4df
Author: Chris Wilson <chris@chris-wilson.co.uk>
Date:   Fri Nov 15 15:08:39 2019 +0000

    drm/i915/gt: Flush retire.work timer object on unload
    
    We need to wait until the timer object is marked as deactivated before
    unloading, so follow up our gentle cancel_delayed_work() with the
    synchronous variant to ensure it is flushed off a remote cpu before we
    mark the memory as freed.
    
    Bugzilla: https://bugs.freedesktop.org/show_bug.cgi?id=111994
    Signed-off-by: Chris Wilson <chris@chris-wilson.co.uk>
    Cc: Tvrtko Ursulin <tvrtko.ursulin@intel.com>
    Reviewed-by: Tvrtko Ursulin <tvrtko.ursulin@intel.com>
    Link: https://patchwork.freedesktop.org/patch/msgid/20191115150841.880349-1-chris@chris-wilson.co.uk

diff --git a/drivers/gpu/drm/i915/gt/intel_gt_requests.h b/drivers/gpu/drm/i915/gt/intel_gt_requests.h
index bd31cbce47e0..fde546424c63 100644
--- a/drivers/gpu/drm/i915/gt/intel_gt_requests.h
+++ b/drivers/gpu/drm/i915/gt/intel_gt_requests.h
@@ -20,5 +20,6 @@ int intel_gt_wait_for_idle(struct intel_gt *gt, long timeout);
 void intel_gt_init_requests(struct intel_gt *gt);
 void intel_gt_park_requests(struct intel_gt *gt);
 void intel_gt_unpark_requests(struct intel_gt *gt);
+void intel_gt_fini_requests(struct intel_gt *gt);
 
 #endif /* INTEL_GT_REQUESTS_H */

commit 661019754202d610203a9cf09d26fdd8677e41c6
Author: Chris Wilson <chris@chris-wilson.co.uk>
Date:   Fri Oct 4 14:40:06 2019 +0100

    drm/i915: Move request runtime management onto gt
    
    Requests are run from the gt and are tided into the gt runtime power
    management, so pull the runtime request management under gt/
    
    Signed-off-by: Chris Wilson <chris@chris-wilson.co.uk>
    Reviewed-by: Tvrtko Ursulin <tvrtko.ursulin@intel.com>
    Link: https://patchwork.freedesktop.org/patch/msgid/20191004134015.13204-12-chris@chris-wilson.co.uk

diff --git a/drivers/gpu/drm/i915/gt/intel_gt_requests.h b/drivers/gpu/drm/i915/gt/intel_gt_requests.h
new file mode 100644
index 000000000000..bd31cbce47e0
--- /dev/null
+++ b/drivers/gpu/drm/i915/gt/intel_gt_requests.h
@@ -0,0 +1,24 @@
+/*
+ * SPDX-License-Identifier: MIT
+ *
+ * Copyright © 2019 Intel Corporation
+ */
+
+#ifndef INTEL_GT_REQUESTS_H
+#define INTEL_GT_REQUESTS_H
+
+struct intel_gt;
+
+long intel_gt_retire_requests_timeout(struct intel_gt *gt, long timeout);
+static inline void intel_gt_retire_requests(struct intel_gt *gt)
+{
+	intel_gt_retire_requests_timeout(gt, 0);
+}
+
+int intel_gt_wait_for_idle(struct intel_gt *gt, long timeout);
+
+void intel_gt_init_requests(struct intel_gt *gt);
+void intel_gt_park_requests(struct intel_gt *gt);
+void intel_gt_unpark_requests(struct intel_gt *gt);
+
+#endif /* INTEL_GT_REQUESTS_H */
